00> 129,-224,130
00> 116,-201,179
00> 96,-184,300
00> 111,-163,386
00> 179,-103,229
00> 205,-73,47
00> 116,-50,-12
00> 99,-8,43
00> 172,54,40
00> 101,34,21
00> 52,-33,-21
00> 21,-136,-33
00> -15,-211,-20
00> -9,-283,-5
00> 13,-356,64
00> 22,-370,148
00> 22,-352,85
00> -31,-313,103
00> -56,-228,139
00> -5,-148,160
00> 73,-79,164
00> 140,-2,153
00> 145,5,154
00> 161,-3,165
00> 166,-35,123
00> 201,-63,22
00> 219,-91,-75
00> 126,-177,-60
00> 29,-285,45
00> 26,-337,118
00> 46,-352,107
00> 48,-364,101
00> 45,-353,131
00> 6,-321,200
00> -35,-241,293
00> -41,-152,282
00> -57,-85,156
00> -98,-79,118
00> -151,-71,184
00> -43,-27,284
00> 11,-49,281
00> 3,-94,141
00> 61,-158,-10
00> 67,-246,-7
00> 112,-261,35
00> 188,-271,58
00> 148,-299,56
00> 76,-281,40
00> 36,-249,42
00> -2,-200,39
00> -36,-153,41
00> -72,-144,65
00> -66,-150,48
00> -18,-180,35
00> 8,-209,65
00> 15,-225,67
00> 15,-210,40
00> 82,-192,48
00> 113,-194,26
00> 116,-207,30
00> 111,-226,88
00> 90,-200,90
00> 90,-194,124
00> 162,-179,181
00> 199,-159,222
00> 178,-172,262
00> 137,-180,300
00> 123,-160,248
00> 108,-155,213
00> -110,-227,212
00> -299,-282,225
00> -214,-247,198
00> -111,-152,122
00> -117,-51,-55
00> -182,-117,-140
00> -184,-192,-122
00> -94,-256,-43
00> 11,-341,32
00> 19,-448,75
00> 77,-497,55
00> 9,-498,94
00> -76,-413,181
00> -137,-327,270
00> -182,-289,293
00> -92,-384,256
00> 42,-513,258
00> 79,-571,235
00> 24,-555,151
00> -12,-430,75
00> -77,-297,44
00> -98,-192,5
00> -124,-191,13
00> -153,-231,40
00> -120,-262,49
00> -70,-334,87
00> 10,-372,108
00> 107,-382,92
00> 133,-373,100
00> 116,-331,117
00> 83,-304,147
00> 38,-311,130
00> -77,-322,105
00> -81,-314,148
00> -11,-286,152
00> -15,-264,118
00> 19,-243,14
00> 112,-234,-77
00> 185,-219,-126
00> 225,-197,-87
00> 190,-199,-42
00> 140,-194,-4
00> 169,-184,-51
00> 134,-196,-61
00> 71,-164,-56
00> 16,-164,13
00> 26,-165,62
00> 54,-129,37
00> 51,-145,-3
00> 56,-188,-70
00> 55,-223,-110
00> 67,-261,-100
00> 64,-276,-67
00> 75,-237,-15
00> 66,-197,19
00> 99,-166,36
00> 91,-136,79
00> 76,-123,208
00> 91,-155,225
00> 120,-177,95
00> 211,-157,13
00> 257,-131,-3
00> 216,-93,-63
00> 47,-76,-18
00> -57,-40,88
00> -34,-46,121
00> -41,-82,82
00> -18,-125,0
00> 13,-185,-43
00> 44,-250,-26
00> 118,-244,-15
00> 94,-247,-54
00> 128,-217,-124
00> 183,-230,-169
00> 150,-216,-126
00> 109,-159,-47
00> 96,-142,64
00> 122,-126,127
00> 156,-108,129
00> 151,-125,100
00> 150,-154,51
00> 128,-176,14
00> 111,-210,-1
00> 129,-244,26
00> 139,-254,37
00> 126,-228,45
00> 150,-210,40
00> 158,-190,79
00> 120,-163,115
00> 33,-193,110
00> -15,-222,126
00> 17,-222,114
00> 62,-240,69
00> -51,-247,47
00> -164,-222,129
00> -70,-146,211
00> -10,-88,206
00> -44,-53,124
00> -51,-77,57
00> -34,-139,32
00> 34,-199,22
00> 115,-303,15
00> 87,-361,-11
00> 124,-360,-13
00> 84,-339,14
00> 6,-279,17
00> -8,-184,15
00> 22,-132,39
00> 65,-97,43
00> 81,-124,64
00> 100,-165,60
00> 97,-205,64
00> 119,-201,98
00> 140,-179,189
00> 80,-162,269
00> 3,-149,262
00> -52,-148,210
00> -76,-132,123
00> -48,-153,111
00> 49,-200,137
00> 92,-241,153
00> 105,-263,173
00> 139,-221,177
00> 152,-162,143
00> 9,-126,52
00> -162,-123,94
00> -120,-73,152
00> -110,-123,210
00> -107,-172,138
00> -54,-255,37
00> 13,-301,8
00> 148,-264,49
00> 254,-169,130
00> 309,-153,192
00> 373,-87,134
00> 384,-22,226
00> 418,126,325
00> 301,186,382
00> 192,165,228
00> 164,105,20
00> 213,116,-9
00> 200,122,68
00> 130,67,164
00> 16,-79,178
00> 33,-256,132
00> 24,-444,126
00> 16,-534,171
00> 1,-544,197
00> 11,-477,204
00> 38,-360,210
00> 58,-273,229
00> 26,-234,239
00> 17,-246,228
00> 1,-282,223
00> -50,-322,133
00> -55,-360,40
00> -69,-368,10
00> -182,-364,90
00> -129,-325,95
00> -49,-335,38
00> -65,-376,-18
00> -31,-355,-67
00> 22,-348,-48
00> 88,-333,-66
00> 148,-314,-67
00> 124,-341,-83
00> 155,-309,-46
00> 142,-276,-20
00> 34,-255,-36
00> -26,-264,-38
00> 7,-280,11
00> 14,-303,38
00> 52,-316,26
00> 44,-315,-38
00> 25,-314,-73
00> 38,-297,-123
00> 37,-291,-158
00> 44,-339,-197
00> 71,-428,-218
00> 21,-526,-206
00> 22,-549,-104
00> 40,-505,18
00> 27,-417,66
00> 13,-342,52
00> 41,-283,37
00> 77,-225,61
00> 98,-189,92
00> 134,-213,141
00> 156,-255,98
00> 86,-316,22
00> -107,-403,99
00> -122,-376,173
00> -122,-347,162
00> -164,-309,16
00> -100,-247,-85
00> -47,-221,-95
00> 4,-201,-46
00> 77,-206,-27
00> 148,-245,-58
00> 208,-263,-92
00> 242,-263,-136
00> 147,-270,-124
00> 91,-246,-28
00> 56,-195,75
00> 45,-122,48
00> 108,-71,-19
00> 144,-73,-60
00> 149,-117,-111
00> 163,-205,-186
00> 189,-285,-221
00> 158,-310,-218
00> 118,-285,-207
00> 70,-240,-169
00> 34,-160,-126
00> 51,-99,-84
00> 62,-123,-52
00> 56,-221,-16
00> 60,-292,37
00> 40,-341,94
00> 21,-359,151
00> -1,-333,165
00> 3,-309,68
00> -118,-253,50
00> -142,-178,138
00> -67,-115,156
00> -73,-69,137
00> -31,-55,-2
00> 56,-81,-96
00> 106,-102,-79
00> 130,-148,8
00> 109,-223,14
00> 96,-269,-67
00> 169,-260,-115
00> 61,-226,-66
00> -43,-173,-26
00> -59,-169,18
00> -31,-121,-5
00> 47,-128,-26
00> 46,-160,-31
00> -31,-216,-20
00> 1,-249,-63
00> 11,-271,-80
00> 7,-283,-105
00> 17,-261,-112
00> -13,-254,-52
00> -59,-220,32
00> -63,-190,129
00> -9,-200,169
00> 44,-223,169
00> 58,-244,130
00> 55,-274,133
00> 54,-268,105
00> 101,-228,82
00> -12,-232,78
00> -141,-216,87
00> -116,-188,91
00> -110,-194,88
00> -89,-172,59
00> -55,-214,37
00> -20,-278,-7
00> 49,-268,-35
00> 98,-291,7
00> 73,-318,23
00> 42,-352,-70
00> -28,-376,-166
00> -73,-324,-207
00> -138,-272,-124
00> -167,-238,-20
00> -108,-181,22
00> -16,-168,24
00> 27,-154,-6
00> 41,-150,-29
00> 27,-179,-24
00> -8,-215,-39
00> -1,-263,-91
00> -22,-288,-107
00> -75,-290,-66
00> -60,-274,-33
00> -28,-265,-30
00> -7,-259,-9
00> 15,-251,18
00> 53,-230,73
00> 32,-157,95
00> -45,-36,-3
00> -103,-28,-84
00> -227,-92,-55
00> -288,-135,7
00> -214,-165,50
00> -142,-225,90
00> -59,-257,68
00> -27,-245,120
00> 119,-207,94
00> 277,-385,-53
00> 139,-423,22
00> 10,-391,32
00> -100,-240,-89
00> -78,-235,-78
00> -85,-268,-43
00> -39,-340,-119
00> -52,-353,-91
00> -121,-366,-5
00> -136,-301,121
00> -42,-275,85
00> 22,-271,101
00> 44,-169,143
00> -25,-176,101
00> -196,-241,120
00> -556,-395,361
00> -507,-413,437
00> -435,-361,336
00> -96,-312,116
00> 42,-300,80
00> 143,-312,50
00> 8,-194,15
00> -42,-118,49
00> -58,-75,76
00> 27,-237,82
00> 86,-291,79
00> 99,-318,79
00> 34,-257,120
00> 13,-219,134
00> 19,-190,120
00> 94,-176,64
00> 127,-192,56
00> 97,-225,80
00> 123,-247,49
00> -6,-305,66
00> -169,-344,149
00> -95,-260,-74
00> -31,-267,-143
00> -25,-301,-113
00> 156,-299,-71
00> 194,-292,-22
00> 240,-272,25
00> 94,-113,99
00> 82,-85,147
00> 105,-79,137
00> 152,-163,-10
00> 136,-192,-28
00> 129,-214,-44
00> 19,-257,-3
00> 28,-206,72
00> 33,-194,132
00> 182,-237,241
00> 263,-234,233
00> 360,-245,139
00> -48,-190,-17
00> -55,-88,-6
00> -57,-59,-1
00> 54,-252,-79
00> 139,-309,-81
00> 207,-333,-94
00> 148,-262,-28
00> 167,-185,-62
00> 101,-102,-55
00> -9,-82,35
00> 43,-159,17
00> 114,-248,1
00> 118,-306,-86
00> 74,-276,-108
00> 59,-235,-94
00> 90,-176,-25
00> 113,-156,76
00> 124,-140,52
00> 212,-87,-21
00> 230,-81,-77
00> 51,-127,-123
00> 1,-118,-31
00> -50,-141,-73
00> -56,-207,-71
00> 170,-241,-30
00> 149,-245,-57
00> 206,-196,-61
00> 118,-3,-40
00> 80,-24,35
00> 96,-44,85
00> 145,-175,54
00> 126,-223,24
00> 135,-223,12
00> 192,-196,-130
00> 199,-168,-134
00> 174,-145,-89
00> 182,-167,31
00> 184,-179,27
00> 166,-175,69
00> 57,-156,-39
00> -74,-187,27
00> -25,-138,114
00> -65,-159,46
00> -64,-235,16
00> 39,-257,6
00> 11,-351,70
00> -25,-321,98
00> -103,-249,126
00> -87,-78,131
00> -32,-85,130
00> -43,-147,117
00> -110,-291,58
00> -66,-319,16
00> -106,-345,6
00> -150,-256,110
00> -15,-169,161
00> 71,-133,215
00> 192,-135,103
00> 167,-160,85
00> 145,-205,49
00> -60,-206,202
00> 8,-192,207
00> -17,-179,173
00> 50,-167,158
00> 123,-168,54
00> 131,-218,61
00> 28,-232,25
00> -12,-153,-1
00> 2,-88,15
00> -38,-234,190
00> -16,-321,189
00> -3,-378,152
00> 1,-251,24
00> 2,-204,-12
00> 37,-175,47
00> 75,-157,225
00> 94,-187,261
00> 140,-186,234
00> 159,-239,72
00> 234,-187,-17
00> 184,-150,-27
00> 66,-146,220
00> 64,-141,154
00> 116,-198,41
00> 271,-288,-14
00> 247,-281,36
00> 246,-238,30
00> 128,-101,1
00> 97,-78,56
00> 114,-89,19
00> 108,-281,-52
00> 148,-320,-30
00> 173,-318,-56
00> 34,-228,-104
00> 62,-151,-73
00> 58,-142,13
00> 107,-166,62
00> 131,-204,42
00> 126,-227,4
00> 137,-226,-133
00> -53,-265,-112
00> -133,-256,-38
00> -34,-234,-42
00> -7,-279,3
00> 0,-319,40
00> 135,-280,-53
00> 164,-232,-114
00> 108,-207,-144
00> 35,-141,-24
00> 92,-146,-13
00> 129,-165,-21
00> 186,-208,-163
00> 162,-253,-160
00> 153,-264,-172
00> 74,-169,18
00> 99,-132,53
00> 100,-112,30
00> 133,-109,17
00> 148,-124,-15
00> 47,-164,-38
00> -184,-153,58
00> -98,-130,83
00> -57,-152,48
00> -15,-259,-40
00> 47,-227,14
00> 52,-225,42
00> 28,-114,39
00> -40,-93,89
00> -68,-99,170
00> 36,-168,50
00> 35,-195,-45
00> 59,-217,-97
00> 38,-245,-131
00> -3,-253,-51
00> -37,-262,52
00> 181,-137,130
00> 173,-138,134
00> 100,-148,137
00> 218,-149,-111
00> 20,-194,-79
00> -54,-188,42
00> -43,-189,137
00> -39,-225,71
00> 15,-267,5
00> 194,-243,-38
00> 160,-256,-32
00> 235,-237,-53
00> 23,-187,7
00> 27,-152,90
00> 90,-90,89
00> 74,-218,49
00> 65,-221,21
00> 51,-235,-28
00> 1,-273,-49
00> -2,-235,-34
00> 13,-183,1
00> 115,-184,-17
00> 152,-180,31
00> 191,-185,56
00> 51,-220,-106
00> -36,-192,-17
00> -12,-166,72
00> -77,-247,44
00> -37,-273,72
00> 48,-264,98
00> 117,-247,81
00> 159,-210,52
00> 83,-165,97
00> -50,-124,155
00> 39,-112,148
00> 98,-123,164
00> 104,-184,23
00> 111,-175,-45
00> 51,-192,-43
00> 77,-188,45
00> 100,-196,66
00> 88,-190,97
00> 178,-95,132
00> 180,-101,77
00> 203,-118,14
00> -37,-241,112
00> -21,-293,246
00> -142,-364,318
00> -203,-204,137
00> -114,-97,18
00> -56,-71,-27
00> 20,-88,43
00> 25,-60,58
00> -55,21,12
00> 78,-188,57
00> 109,-222,109
00> 109,-224,139
00> 164,-2,130
00> 132,-114,138
00> 163,-229,118
00> 96,-243,-65
00> 24,-190,-64
00> -22,-146,-33
00> 60,-138,194
00> 57,-177,193
00> 65,-191,189
00> 208,-187,120
00> 198,-205,16
00> 151,-186,-47
00> 98,-194,-57
00> -83,-271,32
00> -91,-244,88
00> 21,-221,-14
00> 38,-229,-49
00> 73,-215,-44
00> 104,-247,-44
00> 67,-198,-50
00> 139,-109,-32
00> 45,-248,163
00> 101,-310,146
00> 143,-326,71
00> 74,-220,-130
00> 55,-187,-163
00> 86,-172,-145
00> 65,-256,7
00> 60,-212,75
00> 94,-151,113
00> 119,-34,147
00> 188,-43,102
00> 225,-66,12
00> 214,-142,-137
00> 176,-141,-170
00> 2,-144,-169
00> -70,-86,30
00> -29,-68,55
00> 11,-97,72
00> 115,-169,82
00> 166,-203,33
00> 103,-231,23
00> 165,-178,45
00> 90,-146,26
00> 53,-130,95
00> 117,-161,133
00> 121,-191,85
00> 116,-213,34
00> 78,-225,-1
00> 43,-201,36
00> 5,-164,57
00> 101,-106,152
00> 122,-146,185
00> 67,-185,220
00> 77,-214,92
00> 101,-215,92
00> 103,-203,17
00> -34,-172,34
00> 15,-139,65
00> -49,-177,74
00> -31,-209,24
00> 39,-242,19
00> 146,-246,11
00> 220,-163,-60
00> 175,-128,-34
00> 95,-111,-15
00> 57,-146,120
00> 107,-152,133
00> 97,-166,142
00> 108,-163,-5
00> 83,-162,-23
00> 81,-182,-51
00> 100,-216,2
00> 100,-164,67
00> 49,-122,119
00> 118,-131,54
00> 171,-176,47
00> 182,-221,32
00> 126,-209,-82
00> -60,-207,-22
00> -62,-164,58
00> 24,-161,60
00> 55,-193,55
00> 105,-224,54
00> 248,-302,108
00> 221,-389,81
00> 268,-405,28
00> 114,-106,-17
00> 115,-54,-21
00> 134,-37,-52
00> 60,-159,22
00> 82,-163,27
00> 105,-166,31
00> 68,-157,56
00> 33,-149,98
00> 8,-126,162
00> 87,-122,168
00> 149,-137,146
00> 176,-146,111
00> 204,-172,-28
00> 225,-198,-67
00> 22,-223,-52
00> -54,-153,133
00> -2,-146,17
00> 72,-170,-62
00> 133,-237,-12
00> 236,-339,-64
00> 255,-412,-112
00> 133,-117,-103
00> 30,-44,-133
00> -11,-14,-122
00> 84,-265,-23
00> 81,-324,-50
00> 100,-329,-78
00> 62,-127,77
00> 34,-72,104
00> 26,-60,101
00> 189,-235,286
00> 272,-299,292
00> 342,-285,200
00> 260,-11,-51
00> 191,46,-100
00> 89,-4,-123
00> -128,-215,257
00> -102,-233,256
00> -17,-232,185
00> 101,-127,84
00> 133,-123,49
00> 70,-152,16
00> 103,-147,48
00> 48,-126,56
00> 25,-100,46
00> 75,-92,110
00> 50,-147,102
00> 44,-193,70
00> 41,-261,-26
00> -30,-266,-29
00> -47,-244,-12
00> 118,-142,81
00> 153,-138,138
00> 211,-120,165
00> 162,-162,86
00> 153,-168,13
00> 128,-194,-68
00> 14,-167,43
00> -36,-172,62
00> -24,-174,9
00> 157,-218,-1
00> 178,-244,-23
00> 181,-238,-21
00> 82,-82,-61
00> 35,-64,-40
00> 30,-60,-12
00> 88,-133,5
00> 56,-209,10
00> 48,-248,33
00> 54,-223,-106
00> 15,-233,-94
00> 4,-203,-38
00> 63,-130,120
00> 74,-160,258
00> 144,-125,162
00> 316,-58,45
00> 295,-59,76
00> 303,-63,44
00> 21,-81,43
00> 5,-117,130
00> -15,-166,142
00> 68,-240,128
00> 178,-219,159
00> 212,-264,163
00> 37,-170,152
00> -2,-116,127
00> -10,-86,92
00> 115,-135,59
00> 128,-202,72
00> 116,-278,49
00> 129,-241,-13
00> 88,-220,1
00> 64,-171,-7
00> 1,-87,110
00> -61,-129,154
00> -20,-171,156
00> 148,-246,28
00> 140,-233,-25
00> 192,-214,-94
00> -116,-247,-7
00> -33,-207,55
00> -22,-183,48
00> 77,-191,-47
00> 153,-224,-1
00> 212,-247,0
00> 218,-243,-56
00> 127,-229,-50
00> 98,-177,-14
00> 130,-152,-45
00> 125,-165,-52
00> 118,-192,-46
00> 129,-219,-63
00> 105,-220,-45
00> 62,-212,14
00> -27,-98,157
00> 46,-46,187
00> 69,-11,196
00> 13,-117,74
00> 53,-143,42
00> 133,-177,6
00> -175,-258,101
00> -99,-215,155
00> -107,-199,126
00> 47,-210,8
00> 121,-204,1
00> 156,-219,-7
00> 168,-146,-18
00> 106,-131,20
00> 90,-81,53
00> 121,-108,190
00> 29,-127,171
00> -29,-148,111
00> -36,-138,-49
00> -46,-128,-33
00> -73,-183,37
00> 113,-208,118
00> 142,-185,138
00> 148,-120,172
00> 82,-107,-11
00> 143,-130,-91
00> 26,-185,-128
00> 44,-167,-90
00> 7,-163,-127
00> 11,-182,-104
00> 176,-263,-58
00> 121,-293,-43
00> 125,-297,-55
00> 46,-131,-33
00> 21,-109,-1
00> 54,-82,26
00> 83,-239,129
00> 98,-257,71
00> 117,-276,2
00> -50,-251,-42
00> -60,-204,-20
00> -7,-158,27
00> 88,-148,76
00> 141,-174,35
00> 125,-195,39
00> 120,-258,-70
00> -70,-272,-3
00> -112,-253,128
00> -129,-171,201
00> -98,-191,107
00> -3,-194,8
00> 212,-214,-59
00> 241,-185,-77
00> 126,-178,-74
00> 14,-133,23
00> 64,-143,41
00> 97,-165,74
00> 122,-198,41
00> 108,-209,-7
00> 55,-243,-48
00> 29,-210,33
00> 84,-189,84
00> 149,-160,143
00> 153,-155,151
00> 136,-115,156
00> 156,-92,90
00> -82,-193,145
00> -12,-188,191
00> -34,-216,227
00> 61,-205,-61
00> 130,-189,-56
00> 152,-224,-7
00> 101,-243,83
00> 45,-203,92
00> 8,-167,105
00> 110,-113,97
00> 79,-173,100
00> 84,-211,119
00> 84,-283,111
00> 43,-270,165
00> 32,-217,242
00> 167,-64,199
00> 189,-60,167
00> 187,-96,141
00> 155,-153,23
00> 15,-220,13
00> -139,-284,133
00> 10,-208,224
00> 6,-144,148
00> 3,-93,114
00> -24,19,-5
00> 152,33,-7
00> 187,-53,28
00> 128,-392,150
00> 127,-334,172
00> 91,-206,149
00> 104,-60,-22
00> 85,-46,-49
00> 55,-65,-62
00> 90,-243,104
00> 84,-250,164
00> 73,-232,165
00> 118,-65,87
00> 70,-101,57
00> 108,-129,-16
00> -44,-296,-32
00> -35,-273,27
00> 34,-187,-2
00> 17,-91,-152
00> 35,-154,-141
00> 56,-224,-67
00> 151,-221,158
00> 220,-190,214
00> 228,-275,311
00> 190,-31,63
00> 101,234,-22
00> 42,275,-22
00> 165,-49,69
00> 105,-87,127
00> 45,-227,144
00> 182,-250,235
00> 78,-112,260
00> 48,-145,245
00> 224,-130,150
00> 122,-6,-3
00> 84,46,-127
00> 59,-208,110
00> -57,-243,63
00> -87,-249,-13
00> 218,-269,-67
00> 207,-270,-91
00> 140,-221,-106
00> 139,-197,-14
00> 76,-193,-4
00> -18,-151,-14
00> 51,-39,89
00> 84,-151,97
00> 87,-278,73
00> 93,-247,-32
00> 29,-243,-46
00> 17,-246,-24
00> 122,-120,63
00> 114,-63,63
00> 164,-30,56
00> 147,-187,70
00> 174,-234,18
00> 8,-292,31
00> -10,-189,70
00> -12,-159,82
00> 21,-175,22
00> 305,-212,-26
00> 224,-263,-10
00> 185,-277,-41
00> 79,-163,-66
00> 56,-99,-59
00> 64,-104,-35
00> 153,-217,25
00> 106,-273,-23
00> 130,-273,-74
00> 1,-269,11
00> -5,-290,76
00> 33,-276,132
00> 132,-118,99
00> 158,-45,101
00> 208,-38,93
00> 207,-252,60
00> 255,-289,-31
00> 83,-280,-42
00> -6,-137,56
00> 12,-142,44
00> 67,-220,14
00> 248,-226,27
00> 179,-204,75
00> 202,-161,36
00> 182,-165,-32
00> 155,-178,24
00> 135,-231,77
00> 204,-183,-82
00> 178,-120,-93
00> 136,-96,-70
00> 91,-241,-20
00> 82,-155,-18
00> 35,-41,8
00> 44,-266,41
00> 146,-368,26
00> 211,-371,21
00> 118,22,-78
00> 139,42,-69
00> 157,-81,-49
00> 33,-315,199
00> 23,-208,131
00> 15,-133,30
00> 232,-180,47
00> 288,-272,3
00> 232,-347,6
00> 196,-172,-79
00> 121,-29,-79
00> 62,10,-52
00> 204,-106,-53
00> 195,-189,-76
00> 176,-225,-105
00> 98,-91,-190
00> 24,-94,-157
00> -27,-126,-115
00> 75,-124,88
00> 92,-125,142
00> 95,-153,151
00> 106,-205,28
00> 126,-164,-58
00> 96,-140,-148
00> -67,-170,65
00> -62,-185,47
00> -23,-190,15
00> 155,-171,-46
00> 190,-244,-41
00> 132,-293,-8
00> 68,-192,-41
00> 44,-131,-65
00> 59,-79,-40
00> 134,-107,-2
00> 131,-181,-13
00> 166,-234,-76
00> 58,-173,-100
00> -9,-200,-64
00> -20,-228,-53
00> 21,-235,49
00> 1,-191,99
00> 36,-143,106
00> 105,-175,47
00> 91,-181,4
00> 145,-222,-78
00> -49,-195,12
00> -60,-165,66
00> -51,-170,69
00> 96,-118,42
00> 193,-152,44
00> 164,-200,45
00> 92,-205,2
00> 50,-146,26
00> 0,-109,32
00> 109,-96,47
00> 82,-163,14
00> 76,-192,-37
00> 101,-210,-116
00> 63,-221,-81
00> 31,-246,-32
00> 115,-164,120
00> 76,-149,147
00> 79,-139,131
00> 172,-185,29
00> 155,-210,10
00> 172,-194,-74
00> -86,-231,-96
00> -25,-189,-22
00> -10,-173,49
00> -12,-142,43
00> 92,-166,41
00> 223,-202,53
00> 220,-231,0
00> 106,-174,16
00> 75,-86,54
00> 137,-97,118
00> 98,-169,181
00> 14,-235,253
00> 18,-368,186
00> 48,-357,160
00> 40,-374,181
00> 81,-15,164
00> 55,95,180
00> 36,114,250
00> 234,-133,230
00> 194,-233,188
00> 140,-292,240
00> -81,-399,356
00> -102,-340,348
00> -54,-191,327
00> 41,18,41
00> 121,-66,-19
00> 228,-150,-28
00> 192,-213,-12
00> 110,-193,-31
00> 55,-165,-23
00> 140,-126,125
00> 155,-113,110
00> 100,-125,142
00> 149,-169,19
00> 104,-254,-11
00> 75,-317,-14
00> 83,-284,-11
00> 72,-175,8
00> 33,-81,22
00> 176,-75,65
00> 164,-169,45
00> 164,-203,10
00> -138,-182,-75
00> -117,-170,26
00> -1,-193,111
00> 46,-205,-2
00> 26,-132,16
00> 79,-109,-2
00> 175,-167,-30
00> 156,-173,11
00> 91,-182,18
00> 26,-43,-45
00> 67,-64,-28
00> 64,-164,-10
00> 146,-297,-33
00> 122,-279,-31
00> 60,-262,-26
00> -30,-58,46
00> 3,-60,64
00> 65,-114,89
00> 92,-245,51
00> 152,-255,2
00> 189,-244,-83
00> -176,-123,-39
00> -118,-100,-21
00> -111,-194,-49
00> 51,-415,-26
00> 152,-377,-38
00> 175,-323,-56
00> 56,-155,-10
00> 32,-118,42
00> 23,-111,63
00> 111,-213,34
00> 113,-241,-3
00> 89,-242,-29
00> 111,-150,-152
00> 78,-200,-138
00> 72,-284,-50
00> 89,-233,248
00> 91,-170,265
00> 132,-119,217
00> 148,-61,170
00> 167,-91,103
00> 156,-178,34
00> 63,-243,6
00> 54,-183,11
00> 0,-140,12
00> 96,-168,54
00> 182,-222,45
00> 162,-269,48
00> 76,-161,45
00> -3,-72,46
00> -16,-42,39
00> 80,-278,69
00> 54,-336,66
00> 65,-294,59
00> 30,-153,-75
00> 13,-188,-16
00> 45,-230,98
00> 205,-116,185
00> 200,-64,104
00> 195,-61,11
00> 547,-300,-348
00> 494,-358,-390
00> 360,-300,-257
00> 185,-140,-116
00> 117,-78,-131
00> 129,-88,-140
00> 214,-170,28
00> 211,-245,22
00> 274,-246,-40
00> 89,-69,-1
00> 66,-49,28
00> 126,-55,36
00> 112,-203,24
00> 130,-237,11
00> 147,-252,-29
00> -25,-234,67
00> -19,-172,111
00> 34,-121,114
00> 141,-186,166
00> 117,-247,110
00> 140,-246,12
00> -70,-170,-88
00> -33,-159,-3
00> 35,-146,70
00> -15,-182,101
00> -58,-247,95
00> 10,-314,75
00> 174,-283,-20
00> 197,-182,-48
00> 130,-89,-45
00> 98,-122,41
00> 142,-174,62
00> 126,-260,39
00> 93,-174,-110
00> 81,-152,-99
00> 52,-144,-29
00> 76,-110,89
00> 140,-53,60
00> 165,-7,69
00> 73,-159,32
00> 167,-182,-57
00> 78,-235,-108
00> -28,-185,19
00> -51,-155,-55
00> -7,-112,-115
00> 163,-186,5
00> 176,-249,17
00> 130,-273,4
00> 61,-142,4
00> 31,-84,-11
00> 24,-57,-23
00> 146,-149,7
00> 154,-199,5
00> 158,-228,-18
00> 59,-194,-100
00> 20,-205,-70
00> 6,-210,-33
00> 134,-175,77
00> 146,-151,93
00> 107,-140,109
00> 9,-159,-39
00> -111,-177,14
00> -50,-129,56
00> -24,-150,24
00> 27,-161,-17
00> 86,-176,-32
00> 166,-244,-39
00> 139,-217,-38
00> 68,-170,-29
00> -6,-138,1
00> 54,-140,0
00> 133,-168,22
00> 75,-201,-9
00> 62,-200,-14
00> 61,-249,-42
00> 60,-283,128
00> 85,-203,183
00> 78,-121,229
00> 81,-74,182
00> 94,-135,111
00> 117,-204,50
00> -61,-252,2
00> 12,-224,72
00> -35,-218,104
00> 75,-191,74
00> 223,-115,41
00> 282,-98,42
00> 309,-31,126
00> 229,26,71
00> 145,89,69
00> 101,169,69
00> 112,80,81
00> 145,-54,91
00> 217,-310,42
00> 182,-286,37
00> 141,-219,58
00> 149,-213,163
00> 254,-409,296
00> 354,-503,338
00> 110,-51,180
00> 100,83,174
00> 145,178,118
00> 53,-160,194
00> 65,-134,97
00> 43,-68,-6
00> 75,-117,20
00> 142,-175,11
00> 106,-219,53
00> 47,-174,19
00> 72,-190,44
00> 71,-191,68
00> 30,-129,88
00> 53,-187,61
00> 95,-273,33
00> 107,-276,35
00> 49,-213,24
00> -22,-119,58
00> 33,-150,199
00> 109,-219,176
00> 128,-264,153
00> 186,-165,-16
00> 205,-105,-109
00> -39,-116,-51
00> -82,-148,25
00> -6,-226,-67
00> 93,-306,-95
00> 263,-226,-132
00> 189,-214,-148
00> 198,-193,-127
00> 80,-115,-53
00> 76,-76,-47
00> 88,-39,-64
00> 134,-200,-27
00> 101,-200,-35
00> 49,-121,-121
00> 2,-11,-187
00> 16,-71,-26
00> 69,-138,137
00> 160,-249,237
00> 156,-235,161
00> 102,-234,122
00> 135,-218,-124
00> -47,-297,-116
00> -95,-328,-28
00> 54,-278,12
00> 65,-216,-69
00> 121,-167,-112
00> 192,-137,-91
00> 198,-168,-47
00> 162,-215,-1
00> 21,-228,-3
00> 36,-214,16
00> 52,-188,19
00> 18,-251,-55
00> 69,-310,-79
00> 79,-358,-100
00> 42,-223,-56
00> 87,-135,-15
00> 117,-102,9
00> 153,-157,61
00> 205,-188,55
00> 194,-189,29
00> 60,-183,-211
00> -136,-221,-151
00> -166,-173,-76
00> -230,-204,-99
00> -188,-251,-97
00> -38,-270,-50
00> 172,-282,65
00> 165,-173,53
00> 94,-88,12
00> 58,-172,2
00> 84,-191,60
00> 83,-188,73
00> 60,-260,13
00> 57,-276,-10
00> -16,-309,26
00> 67,-124,36
00> 143,-71,29
00> 204,-47,13
00> 276,-93,5
00> 264,-126,-18
00> 234,-149,-55
00> 301,-200,-116
00> 100,-221,-4
00> 43,-196,117
00> 42,-142,-1
00> 63,-203,-18
00> 111,-226,-29
00> 206,-267,42
00> 227,-219,82
00> 133,-192,120
00> 113,-53,169
00> 164,-97,133
00> 183,-160,96
00> 199,-216,-11
00> 204,-201,-23
00> 139,-234,-17
00> 109,-177,55
00> 77,-171,67
00> 75,-156,86
00> 147,-114,12
00> 114,-121,3
00> 152,-117,8
00> 194,-124,-81
00> 2,-190,-71
00> -87,-185,21
00> -11,-167,45
00> -6,-216,63
00> 46,-258,99
00> 86,-279,94
00> 103,-200,57
00> 111,-122,11
00> 71,-149,29
00> 151,-162,24
00> 170,-174,5
00> 126,-196,-104
00> 155,-159,-138
00> 117,-142,-128
00> -13,-162,28
00> 60,-161,43
00> 147,-178,58
00> 164,-150,22
00> 150,-170,-18
00> 137,-158,-73
00> 21,-180,-213
00> -111,-195,-146
00> -61,-181,-76
00> 77,-264,-135
00> 103,-253,-140
00> 172,-198,-130
00> 52,-216,-24
00> 153,-150,-42
00> 149,-149,-42
00> 105,-171,12
00> 166,-184,12
00> 142,-183,26
00> 122,-158,-95
00> 99,-187,-114
00> 80,-225,-113
00> 71,-227,-13
00> 30,-201,18
00> 24,-140,0
00> 117,-146,43
00> 124,-242,33
00> 140,-311,0
00> -68,-228,-89
00> -67,-132,-21
00> -24,-114,51
00> 85,-294,111
00> 171,-345,139
00> 253,-354,122
00> 246,-164,-128
00> 245,-51,-115
00> 169,-17,-73
00> 84,-147,-15
00> 144,-197,34
00> 161,-203,39
00> 17,-134,-70
00> 1,-139,-28
00> 2,-181,1
00> 22,-208,9
00> 30,-162,42
00> 34,-133,60
00> 114,-111,64
00> 141,-173,35
00> 140,-228,17
00> 108,-263,-111
00> -73,-276,-50
00> -141,-274,27
00> -4,-207,66
00> 12,-154,20
00> -19,-126,-5
00> 233,-164,-43
00> 230,-244,-32
00> 235,-233,-16
00> -7,-92,-31
00> 8,-61,-6
00> 49,-63,37
00> -57,-299,291
00> -59,-319,272
00> -61,-321,189
00> -11,-233,25
00> 19,-216,47
00> 72,-179,84
00> 56,-187,91
00> 87,-192,83
00> 116,-198,24
00> 156,-159,-118
00> 142,-198,-119
00> -37,-222,-28
00> -29,-173,97
00> 38,-135,47
00> 55,-162,106
00> 262,-192,204
00> 251,-220,150
00> 191,-241,122
00> 29,-172,96
00> 3,-154,145
00> 17,-129,199
00> 91,-200,97
00> 65,-245,65
00> 80,-233,57
00> 12,-275,-12
00> 19,-261,-5
00> 37,-211,58
00> 43,-152,150
00> 55,-193,147
00> 81,-232,109
00> 197,-161,-31
00> 99,-159,-80
00> -19,-175,-17
00> 79,-101,250
00> 104,-75,230
00> 99,-86,201
00> 196,-139,76
00> 201,-182,59
00> 148,-202,84
00> 63,-143,53
00> 39,-151,92
00> 62,-164,97
00> 85,-252,-48
00> 73,-270,-78
00> 89,-239,-90
00> 5,-172,-17
00> 9,-145,23
00> 49,-127,52
00> 226,-151,155
00> 207,-161,139
00> 203,-150,136
00> 72,-142,-43
00> -91,-159,13
00> -48,-153,85
00> 40,-206,-22
00> 93,-211,-13
00> 126,-206,-44
00> 159,-269,-115
00> 141,-266,-97
00> 202,-220,-91
00> 32,-87,-19
00> 37,-107,56
00> 140,-122,57
00> 55,-292,-86
00> 73,-312,-145
00> 56,-318,-149
00> -98,-210,-39
00> -69,-198,8
00> -20,-186,50
00> 102,-215,88
00> 96,-200,19
00> 98,-109,-61
00> -151,-166,-23
00> -39,-178,46
00> -25,-215,54
00> 41,-326,-81
00> 151,-257,-138
00> 166,-185,-142
00> 82,-111,-59
00> 47,-116,3
00> -3,-85,45
00> 10,-154,65
00> 41,-215,50
00> 78,-254,14
00> 40,-247,-42
00> 62,-255,-42
00> 52,-255,-45
00> 11,-170,72
00> 37,-130,119
00> 45,-101,176
00> 53,-179,118
00> 52,-232,12
00> 76,-282,-94
00> -84,-239,30
00> -154,-172,70
00> -237,-109,58
00> 30,-213,-29
00> 201,-237,-33
00> 184,-260,-28
00> -10,0,-121
00> -90,136,-100
00> -88,89,-49
00> 77,-171,76
00> 138,-306,134
00> 237,-360,197
00> 450,-111,221
00> 216,-97,68
00> 33,-67,-9
00> 48,-67,112
00> 87,-146,67
00> 125,-202,23
00> 170,-237,164
00> 258,-195,79
00> 260,-168,-4
00> 17,-135,27
00> -1,-133,4
00> 43,-153,-33
00> 236,-202,36
00> 304,-174,22
00> 246,-170,66
00> 120,-96,74
00> 108,-92,148
00> 104,-80,137
00> 129,-84,44
00> 77,-135,-11
00> 87,-193,-30
00> 102,-319,19
00> 95,-255,-7
00> 23,-156,24
00> 53,-51,229
00> 85,-80,193
00> 111,-83,160
00> 97,-140,-56
00> 135,-156,-109
00> 111,-197,-150
00> -78,-245,58
00> -49,-206,51
00> 35,-191,1
00> 215,-202,-28
00> 215,-150,-85
00> 140,-103,-93
00> 135,-135,-59
00> 116,-205,-17
00> 124,-247,16
00> 59,-143,-6
00> 55,-142,-6
00> 60,-172,3
00> 48,-262,-6
00> 29,-276,-28
00> 4,-239,-32
00> -3,-120,60
00> 32,-119,42
00> 79,-144,43
00> 124,-306,50
00> 167,-326,-44
00> 115,-325,-116
00> -24,-176,27
00> -10,-144,30
00> 17,-161,39
00> 186,-201,13
00> 212,-198,-50
00> 168,-225,-55
00> 98,-165,-53
00> 68,-146,-57
00> 83,-118,-48
00> 70,-104,-7
00> 31,-131,-12
00> 58,-206,0
00> 89,-285,-10
00> 63,-279,6
00> 28,-224,37
00> 112,-17,169
00> 107,-23,176
00> 145,-22,179
00> 217,-86,10
00> 149,-108,10
00> 118,-132,-26
00> -131,-218,30
00> -13,-232,79
00> -2,-266,139
00> 34,-208,124
00> 146,-132,65
00> 219,-107,26
00> 118,-181,43
00> 59,-163,43
00> 50,-120,58
00> 135,-120,112
00> 149,-161,136
00> 161,-155,104
00> 140,-128,-54
00> 122,-165,-120
00> 111,-198,-126
00> 144,-151,98
00> 137,-157,127
00> 150,-134,107
00> 108,-145,183
00> 131,-150,139
00> 168,-176,65
00> 121,-237,-23
00> 185,-185,-45
00> 83,-158,-15
00> 41,-67,154
00> -5,-63,138
00> -2,-160,114
00> 255,-194,80
00> 235,-211,90
00> 203,-182,72
00> 107,-42,44
00> 74,-79,41
00> 81,-111,11
00> 62,-291,-62
00> 67,-311,-69
00> 80,-297,-102
00> 38,-264,-60
00> 36,-207,19
00> 56,-170,59
00> 55,-118,59
00> 37,-137,68
00> 45,-147,87
00> 182,-191,51
00> 199,-208,12
00> 155,-213,7
00> 72,-176,-113
00> -135,-245,-59
00> -153,-216,53
00> 26,-194,44
00> 58,-206,32
00> 92,-213,31
00> 147,-199,-76
00> 165,-156,-44
00> 184,-122,-14
00> 77,-102,-2
00> 88,-96,-50
00> 91,-89,-22
00> 78,-180,8
00> 99,-210,11
00> 44,-229,11
00> -229,-326,-26
00> -209,-303,52
00> -121,-252,42
00> 44,-220,96
00> 56,-221,108
00> 112,-213,69
00> 103,-172,12
00> 84,-210,-16
00> 147,-224,-82
00> -84,-203,33
00> -29,-171,68
00> -18,-163,69
00> 74,-212,15
00> 226,-185,-80
00> 219,-251,-115
00> 72,-164,-37
00> 33,-99,-48
00> -13,-97,-38
00> 93,-203,57
00> 84,-257,62
00> 76,-327,26
00> 68,-277,-76
00> 18,-236,-75
00> -35,-184,-59
00> 31,-136,63
00> 28,-129,153
00> 7,-132,235
00> 103,-214,86
00> 169,-236,-46
00> 170,-261,-95
00> 127,-184,-136
00> -20,-217,-166
00> -137,-224,-78
00> -52,-198,124
00> 1,-208,146
00> 45,-195,148
00> 217,-143,59
00> 192,-152,87
00> 182,-162,112
00> 31,-149,12
00> 28,-140,52
00> 52,-158,96
00> 54,-193,119
00> 74,-196,80
00> 87,-208,15
00> 57,-209,27
00> 73,-136,44
00> 91,-99,1
00> 132,-189,79
00> 176,-218,101
00> 241,-201,34
00> 139,-111,-125
00> 153,-119,-112
00> 185,-168,-52
00> -33,-282,169
00> 16,-209,105
00> 66,-105,38
00> 165,-93,-7
00> 244,-132,-1
00> 247,-228,13
00> 187,-134,-3
00> 101,-55,24
00> 48,-31,87
00> 114,-160,193
00> 83,-226,206
00> 108,-242,189
00> 124,-292,56
00> 69,-312,19
00> 63,-281,41
00> 111,-199,152
00> 96,-187,204
00> 113,-142,213
00> 169,-117,58
00> 159,-144,-23
00> 187,-113,-120
00> -47,-183,-159
00> -89,-164,-66
00> -54,-174,1
00> 21,-243,47
00> 84,-257,48
00> 174,-255,40
00> 136,-129,13
00> 134,-73,-12
00> 48,-63,-9
00> 83,-247,31
00> 63,-327,59
00> 28,-303,46
00> 41,-172,-5
00> 52,-173,-4
00> 7,-148,-9
00> -70,-147,27
00> -33,-226,123
00> 20,-262,156
00> 119,-217,8
00> 104,-206,-22
00> 137,-189,-78
00> -87,-246,-114
00> -65,-267,-64
00> -1,-255,-18
00> 108,-139,-15
00> 149,-132,5
00> 246,-147,27
00> 198,-285,128
00> 152,-245,128
00> 94,-173,104
00> 105,-26,14
00> 135,-81,28
00> 93,-165,68
00> 25,-196,7
00> -18,-214,-24
00> -48,-247,-8
00> 43,-241,92
00> 64,-219,157
00> 87,-204,202
00> 149,-120,130
00> 125,-143,165
00> 122,-138,89
00> -145,-268,73
00> -79,-265,154
00> -45,-263,152
00> -24,-224,84
00> 41,-206,27
00> 125,-231,12
00> 141,-219,51
00> 91,-161,44
00> 56,-94,-8
00> 104,-78,59
00> 134,-161,97
00> 105,-255,120
00> 49,-211,-42
00> -6,-171,-29
00> -58,-94,-13
00> 14,-36,110
00> 116,-68,233
00> 199,-123,283
00> 284,-116,122
00> 274,-94,14
00> 220,-79,-112
00> -10,-159,32
00> 28,-187,143
00> 90,-199,185
00> 92,-230,169
00> 197,-161,121
00> 287,-92,77
00> 174,-88,112
00> 110,-113,125
00> 92,-150,86
00> 160,-154,27
00> 145,-103,9
00> 96,-100,43
00> 37,-277,86
00> 45,-259,116
00> 1,-212,202
00> 32,-135,309
00> 112,-170,237
00> 124,-192,199
00> 148,-237,59
00> 135,-290,-18
00> 166,-301,-88
00> 81,-229,-162
00> -85,-228,-53
00> -35,-184,20
00> 73,-112,-26
00> 93,-137,16
00> 146,-149,87
00> 155,-115,168
00> 198,-106,77
00> 129,-110,60
00> 146,-121,161
00> 183,-136,132
00> 152,-138,119
00> 94,-172,29
00> 97,-206,36
00> 87,-249,62
00> 74,-191,54
00> 93,-113,34
00> 131,-74,34
00> 157,-120,-3
00> 157,-177,-36
00> 155,-202,-74
00> 20,-210,-218
00> -125,-216,-156
00> -62,-169,-90
00> 50,-213,-46
00> 39,-250,14
00> 84,-246,48
00> 54,-231,59
00> 117,-146,64
00> 88,-85,52
00> 90,-105,172
00> 164,-123,219
00> 179,-142,154
00> 6,-4,-122
00> -23,-44,-59
00> -26,-135,32
00> 31,-235,141
00> 61,-196,168
00> 86,-176,188
00> 65,-162,118
00> 24,-175,124
00> 29,-180,151
00> 50,-301,-37
00> -98,-317,1
00> -66,-282,74
00> -62,-198,23
00> -52,-232,63
00> 37,-228,79
00> 166,-251,12
00> 188,-163,-7
00> 143,-103,-15
00> 50,-102,55
00> 96,-144,72
00> 85,-180,73
00> 118,-288,-60
00> 101,-267,-44
00> 44,-276,-33
00> 68,-156,66
00> 75,-163,82
00> 114,-136,108
00> 81,-160,84
00> 137,-208,80
00> 163,-267,22
00> 112,-250,20
00> 72,-224,-44
00> 19,-223,-115
00> -62,-208,74
00> -81,-220,139
00> -38,-193,122
00> 158,-191,91
00> 231,-238,106
00> 170,-283,139
00> 62,-126,84
00> 38,-85,40
00> 9,-99,53
00> 91,-197,34
00> 82,-187,9
00> 74,-187,-9
00> 23,-221,28
00> 61,-179,70
00> 34,-168,154
00> -79,-203,274
00> 34,-227,233
00> 96,-239,234
00> 107,-259,152
00> 118,-201,71
00> 164,-127,6
00> 13,-133,72
00> -84,-161,149
00> 8,-156,186
00> 72,-181,112
00> 112,-181,46
00> 221,-172,3
00> 240,-128,64
00> 224,-77,10
00> 137,-62,-29
00> 153,-77,57
00> 179,-129,16
00> 140,-190,16
00> 127,-268,13
00> 119,-292,29
00> 120,-280,69
00> 47,-108,95
00> 54,-74,141
00> 40,-94,161
00> 123,-242,83
00> 195,-312,36
00> 199,-348,-13
00> 144,-166,-124
00> 114,-102,-180
00> -57,-125,-148
00> 10,-168,51
00> 3,-204,-32
00> 31,-245,-91
00> 168,-245,-26
00> 134,-238,-37
00> 140,-174,-30
00> 46,-77,-24
00> 67,-77,-4
00> 56,-100,41
00> 3,-234,10
00> 33,-267,-38
00> 80,-285,19
00> 6,-194,54
00> -3,-106,84
00> -1,-76,143
00> 120,-142,76
00> 148,-188,6
00> 137,-222,-90
00> 193,-222,-109
00> 207,-202,-81
00> 140,-234,-68
00> -29,-212,82
00> -11,-174,113
00> 28,-142,51
00> 274,-211,-63
00> 301,-211,-58
00> 206,-222,-48
00> 82,-130,-2
00> 48,-179,19
00> 80,-205,82
00> 107,-165,154
00> 50,-178,71
00> 36,-194,5
00> -13,-310,26
00> -5,-325,64
00> 40,-240,72
00> 165,-75,126
00> 205,-31,139
00> 237,-46,112
00> 251,-193,31
00> 223,-231,-8
00> 175,-242,-90
00> -121,-167,-42
00> -30,-171,-17
00> -3,-180,-14
00> 93,-193,34
00> 206,-163,26
00> 257,-204,14
00> 183,-131,-6
00> 79,-98,19
00> 23,-122,38
00> 131,-189,100
00> 97,-206,68
00> 66,-179,34
00> -34,-147,29
00> -38,-187,67
00> 0,-227,89
00> 138,-157,129
00> 157,-84,92
00> 183,-32,64
00> 141,-203,52
00> 150,-239,60
00> 202,-226,41
00> 14,-260,24
00> -92,-205,120
00> -52,-124,160
00> 68,-167,60
00> 111,-232,66
00> 177,-250,80
00> 206,-150,36
00> 167,-141,48
00> 115,-124,42
00> 85,-153,135
00> 118,-165,115
00> 73,-194,95
00> 118,-211,14
00> 94,-203,-3
00> 57,-216,15
00> 44,-151,118
00> 32,-151,136
00> 68,-182,147
00> 182,-227,58
00> 178,-217,2
00> 186,-169,-29
00> 94,-175,-133
00> -43,-196,-83
00> -26,-170,5
00> 56,-204,4
00> 103,-186,-10
00> 160,-169,-43
00> 205,-141,-86
00> 249,-74,-48
00> 184,-86,-49
00> 95,-142,21
00> 143,-168,21
00> 160,-212,7
00> 68,-110,27
00> 28,-59,72
00> 15,-34,100
00> 55,-169,201
00> 92,-146,176
00> 119,-139,151
00> 60,-124,79
00> 41,-169,52
00> 75,-227,32
00> -17,-328,-38
00> -164,-328,8
00> -102,-267,40
00> -17,-227,-40
00> -30,-244,25
00> 37,-261,25
00> 90,-236,-14
00> 169,-171,-27
00> 121,-126,-69
00> 32,-105,84
00> 91,-69,128
00> 93,-115,148
00> 107,-284,178
00> 74,-282,148
00> -7,-248,102
00> -31,-111,208
00> 4,-131,221
00> 50,-176,238
00> 147,-252,146
00> 154,-223,58
00> 157,-195,-25
00> -73,-167,39
00> -36,-154,59
00> -18,-148,76
00> 86,-181,45
00> 133,-179,52
00> 232,-138,53
00> 139,-163,-10
00> 106,-155,13
00> 6,-143,80
00> 29,-102,203
00> 103,-142,247
00> 89,-211,229
00> 111,-283,74
00> 83,-231,70
00> 78,-174,57
00> 140,-153,68
00> 157,-204,74
00> 196,-237,77
00> 267,-222,-25
00> 294,-191,-31
00> 286,-165,-67
00> -47,-182,43
00> 2,-109,131
00> 26,-104,123
00> 43,-103,-23
00> 48,-122,21
00> 114,-131,31
00> 141,-23,13
00> 135,4,131
00> -1,34,238
00> -62,-17,477
00> 7,-65,467
00> 11,-132,380
00> 6,-211,166
00> 9,-178,164
00> -30,-183,195
00> 24,-107,241
00> 53,-101,200
00> 81,-116,132
00> 150,-272,18
00> 157,-248,28
00> 153,-208,-20
00> 39,-162,-90
00> 64,-112,-39
00> 53,-92,-10
00> 179,-162,-87
00> 259,-247,-73
00> 247,-296,-32
00> 185,-255,-7
00> 159,-207,-11
00> 84,-158,-11
00> 182,-139,29
00> 200,-159,42
00> 191,-180,54
00> 99,-219,-32
00> 93,-178,-21
00> 69,-187,26
00> 28,-178,246
00> 63,-157,291
00> 99,-150,304
00> 97,-102,101
00> 107,-121,-15
00> 125,-137,-126
00> -17,-239,-14
00> -2,-194,26
00> -57,-119,78
00> -32,-84,139
00> 60,-141,193
00> 96,-215,226
00> 107,-251,128
00> 187,-195,85
00> 127,-161,44
00> 119,-57,54
00> 138,-45,98
00> 91,-91,161
00> 56,-204,114
00> 45,-201,103
00> 62,-184,118
00> 31,-168,162
00> 46,-157,198
00> 69,-179,152
00> 244,-277,-214
00> 240,-305,-280
00> 182,-311,-282
00> 101,-197,-154
00> -123,-251,-21
00> -192,-243,119
00> -19,-164,26
00> 56,-170,-45
00> 124,-173,-65
00> 195,-161,-10
00> 156,-150,58
00> 178,-77,108
00> 11,-23,172
00> 14,-16,229
00> 30,-33,288
00> 75,-136,196
00> 98,-172,112
00> 45,-230,95
00> -85,-275,112
00> 36,-132,68
00> 118,-16,65
00> -16,-152,245
00> 79,-235,207
00> 181,-307,105
00> 167,-323,-159
00> 167,-213,-207
00> 200,-140,-271
00> -118,-167,91
00> -103,-190,254
00> -81,-226,278
00> 203,-183,45
00> 270,-187,-42
00> 253,-248,-149
00> 266,-161,-285
00> 217,-111,-307
00> 130,-86,-253
00> 168,-122,6
00> 193,-114,4
00> 116,-170,28
00> 34,-208,-87
00> 13,-203,-132
00> 26,-195,-100
00> 130,-151,0
00> 163,-104,82
00> 120,-76,144
00> 128,-139,209
00> 158,-122,204
00> 163,-85,161
00> 80,-126,102
00> -65,-188,183
00> -156,-197,261
00> 9,-143,264
00> 71,-122,152
00> 32,-163,83
00> 227,-166,38
00> 241,-180,50
00> 221,-151,62
00> 111,-154,-6
00> 94,-148,12
00> 89,-177,60
00> 83,-299,38
00> 39,-309,-28
00> 23,-248,-95
00> 2,-220,-49
00> 45,-285,-22
00> 121,-279,-32
00> 195,-13,-72
00> 184,-39,-24
00> 177,-70,31
00> 184,-123,134
00> 168,-144,137
00> 47,-189,50
00> 10,-212,-16
00> 50,-209,-53
00> 108,-225,-128
00> 204,-189,-132
00> 246,-139,-89
00> 210,-175,-32
00> 110,-77,45
00> 26,-59,53
00> -5,-72,115
00> 83,-181,197
00> 128,-279,75
00> 202,-313,-55
00> 98,-283,-77
00> 71,-228,-74
00> 21,-177,-25
00> 133,-138,142
00> 177,-148,189
00> 190,-158,203
00> 90,-105,-36
00> 136,-39,-90
00> 37,-29,-82
00> -10,-164,134
00> 19,-168,99
00> 39,-150,109
00> 162,-26,61
00> 185,-93,-45
00> 133,-203,-114
00> 116,-323,-153
00> 32,-322,-93
00> -19,-323,29
00> 169,-230,172
00> 39,-12,27
00> -163,100,-59
00> 159,-31,105
00> 189,-149,43
00> 87,-273,-14
00> 251,-250,19
00> 127,-174,-23
00> 27,-78,-85
00> 103,-147,-68
00> 166,-249,2
00> 221,-280,20
00> -17,96,144
00> -46,64,161
00> 34,-25,122
00> 164,-308,-2
00> 142,-342,4
00> 124,-343,-2
00> 41,-342,-173
00> -92,-337,-146
00> -122,-271,-69
00> 132,-257,13
00> 139,-313,18
00> 185,-272,49
00> 107,-184,-56
00> 44,-162,-1
00> 78,-96,103
00> 182,-56,234
00> 173,1,247
00> 158,14,235
00> 46,-173,28
00> 118,-139,-21
00> -31,-115,-17
00> -180,-123,48
00> -80,-120,-9
00> -1,-171,-76
00> 78,-243,-68
00> 38,-228,-94
00> 53,-160,-97
00> -2,-104,-53
00> 34,-31,-23
00> 35,-11,37
00> 24,-46,88
00> 106,-63,3
00> 162,-94,-111
00> 99,-246,-196
00> 106,-202,-188
00> 110,-176,-137
00> 246,-34,48
00> 225,-63,96
00> 163,-98,124
00> 240,-72,114
00> 215,-114,47
00> 38,-197,40
00> -6,-206,124
00> 6,-191,10
00> 29,-230,-51
00> 254,-289,15
00> 166,-282,-14
00> 184,-185,-28
00> -6,-35,11
00> 9,-37,4
00> 50,-17,-18
00> 63,-131,-21
00> -8,-183,7
00> 4,-183,42
00> -71,-200,36
00> -70,-212,30
00> -42,-212,27
00> -15,-183,148
00> -75,-207,179
00> -136,-306,168
00> -110,-433,-112
00> -282,-430,-80
00> -221,-329,-77
00> -84,-145,-259
00> -74,-150,-198
00> 26,-164,-133
00> 127,-213,-66
00> 72,-183,-61
00> 17,-110,-48
00> 42,-28,40
00> 88,-90,-10
00> 127,-128,-53
00> 161,-80,-134
00> 128,-66,-121
00> 129,-51,-118
00> -93,-179,127
00> -167,-235,212
00> -148,-265,263
00> -43,-333,212
00> -13,-257,89
00> -3,-196,35
00> -192,-133,-55
00> -152,-128,-12
00> -161,-192,20
00> -22,-357,-8
00> 83,-344,-5
00> 169,-326,-14
00> 302,-143,12
00> 187,-104,-19
00> 129,-80,-11
00> 42,-53,96
00> -16,-93,153
00> -33,-135,193
00> 56,-233,148
00> 55,-282,113
00> 53,-273,76
00> 192,-200,-12
00> 266,-155,-38
00> 341,-120,-3
00> 409,-32,62
00> 414,-25,-41
00> 211,-53,-30
00> 71,-112,173
00> 82,-169,46
00> 102,-238,-107
00> 62,-272,-32
00> 57,-220,-49
00> 150,-148,-132
00> 29,7,-128
00> 16,-19,-43
00> 51,-58,-21
00> 7,-264,139
00> 31,-222,207
00> 43,-187,194
00> -102,-98,341
00> -63,-54,418
00> -10,-37,410
00> 36,-121,393
00> 91,-178,409
00> 131,-191,424
00> 114,-159,40
00> -33,-153,84
00> -20,-98,149
00> 82,-203,-15
00> 160,-264,-23
00> 261,-263,-16
00> 299,-118,20
00> 203,-91,-4
00> 138,-89,-66
00> 169,-206,-39
00> 206,-243,-102
00> 205,-257,-156
00> 161,-203,-148
00> 123,-219,-114
00> 97,-208,-66
00> 70,-141,87
00> 118,-146,120
00> 110,-146,130
00> 174,-171,20
00> 170,-191,-22
00> -40,-224,3
00> 45,-92,108
00> 72,-94,54
00> 68,-113,-58
00> 221,-176,17
00> 209,-202,79
00> 124,-199,109
00> -39,-52,55
00> -26,0,57
00> 10,-14,124
00> 63,-168,121
00> 67,-209,132
00> 94,-237,152
00> 7,-158,105
00> -6,-31,181
00> 28,40,245
00> 184,-199,398
00> 152,-323,352
00> 86,-385,291
00> -48,-180,-5
00> -131,-116,48
00> -3,-48,114
00> 89,-112,19
00> 112,-188,-84
00> 111,-268,-128
00> 293,-338,-171
00> 326,-297,-238
00> 276,-251,-277
00> 209,-91,-268
00> 191,-95,-247
00> 202,-99,-260
00> 95,-260,-223
00> 42,-323,-211
00> 35,-376,-162
00> 30,-285,-53
00> 71,-189,105
00> 105,-119,252
00> 77,-120,84
00> 140,-111,38
00> 119,-134,-27
00> 27,-33,257
00> 12,-4,260
00> -19,-16,233
00> 53,-265,315
00> 125,-322,316
00> 169,-363,268
00> 283,-226,29
00> 191,-145,-45
00> 72,-73,-24
00> 103,-76,136
00> 72,-166,137
00> 30,-259,116
00> -5,-187,74
00> -61,-146,77
00> -107,-154,94
00> 110,-280,226
00> 116,-295,279
00> 122,-265,286
00> 197,-81,-5
00> -55,-130,5
00> -111,-127,24
00> -24,-240,-220
00> 20,-297,-203
00> 101,-311,-181
00> 173,-211,-134
00> 164,-162,-137
00> 100,-114,-166
00> 65,-71,-34
00> 50,-91,19
00> 91,-146,29
00> 155,-118,-45
00> 165,-94,-61
00> 126,-103,-113
00> 120,-136,-66
00> 147,-145,23
00> 161,-131,129
00> 190,-177,481
00> 315,-166,514
00> 475,-146,487
00> 110,-144,315
00> 159,-35,270
00> 180,-1,211
00> 172,-144,40
00> 209,-169,30
00> 166,-174,35
00> -16,-155,14
00> -77,-95,36
00> -101,-60,57
00> -34,-119,145
00> -39,-168,142
00> 0,-257,134
00> 12,-237,-33
00> -26,-171,-111
00> -13,-102,-145
00> 218,-137,-122
00> 300,-134,-85
00> 409,-39,17
00> 358,301,115
00> 93,211,152
00> 166,183,211
00> 218,50,-106
00> 170,-10,-114
00> 168,-93,24
00> 234,-216,-54
00> 178,-206,-146
00> 84,-168,-143
00> -41,-98,-151
00> -139,-137,-94
00> -182,-170,8
00> -177,-293,247
00> -238,-375,262
00> -192,-378,338
00> -9,-213,294
00> 27,-137,238
00> 65,-71,268
00> 342,-22,344
00> 428,-24,294
00> 314,-18,253
00> 83,-69,307
00> -17,-179,216
00> 0,-306,94
00> 201,-362,149
00> 147,-315,152
00> 220,-232,74
00> -41,-70,-80
00> -36,-58,-107
00> 5,-97,-185
00> 67,-265,-189
00> 48,-318,-153
00> 72,-383,-145
00> 93,-344,-143
00> 140,-262,-119
00> 248,-184,-61
00> 188,-171,32
00> 194,-214,10
00> 189,-188,-56
00> -143,-262,-209
00> -98,-188,-143
00> -135,-160,-39
00> -157,-134,235
00> -138,-140,331
00> -140,-175,360
00> 25,-259,316
00> -55,-262,246
00> -58,-234,261
00> 107,-83,193
00> 93,-165,164
00> 91,-222,169
00> 29,-209,58
00> -23,-171,75
00> -45,-172,96
00> 169,-165,189
00> 175,-179,226
00> 190,-193,229
00> 223,-174,48
00> 146,-207,4
00> -32,-219,33
00> 164,-202,-229
00> 190,-176,-343
00> 194,-136,-309
00> 136,-152,-74
00> 142,-183,-69
00> 109,-224,-31
00> -10,-92,138
00> 21,-48,129
00> 51,-34,92
00> 93,-168,-148
00> 103,-206,-227
00> 106,-246,-287
00> 11,-225,-135
00> -25,-195,-35
00> -38,-166,92
00> -26,-111,473
00> -35,-89,464
00> -31,-98,363
00> -78,-162,247
00> -30,-198,201
00> -4,-255,109
00> 121,-250,3
00> 205,-201,10
00> 221,-170,49
00> 159,-42,107
00> 99,-54,80
00> 21,-71,95
00> 147,-200,139
00> 147,-271,100
00> 169,-304,36
00> 133,-266,-264
00> 118,-249,-256
00> 79,-257,-209
00> 268,-134,-58
00> 279,-110,14
00> 209,-143,59
00> 174,-268,19
00> -72,-352,58
00> -52,-287,103
00> 58,-61,-232
00> 66,-115,-264
00> 143,-135,-225
00> 60,-239,-46
00> 35,-225,77
00> 4,-165,150
00> -109,46,356
00> -27,58,404
00> 67,20,402
00> -5,-152,341
00> 70,-155,148
00> 161,-234,23
00> 171,-377,-56
00> 206,-249,13
00> 297,-77,37
00> 304,-88,19
00> 303,-189,37
00> 344,-283,5
00> -115,-170,17
00> -95,-130,24
00> -89,-135,-74
00> 146,-212,-92
00> 139,-166,36
00> 3,-145,151
00> 48,17,226
00> 1,49,288
00> -14,15,404
00> 166,-22,330
00> 209,-58,143
00> 174,-78,-24
00> 51,-224,-289
00> -6,-329,-324
00> -18,-421,-265
00> -46,-428,56
00> -38,-378,139
00> -6,-281,222
00> 79,-50,160
00> 157,-79,11
00> 13,-175,-20
00> -92,-162,207
00> -78,-167,108
00> -27,-183,-13
00> 165,-170,-14
00> 83,-215,-13
00> 139,-199,-44
00> 106,-138,-69
00> 97,-158,-35
00> 124,-147,21
00> 171,-211,106
00> 174,-256,133
00> 214,-259,44
00> 181,-181,-184
00> 137,-187,-165
00> 90,-191,-151
00> 154,-147,170
00> 222,-100,210
00> 229,-99,178
00> 160,-184,48
00> -29,-284,8
00> -166,-316,87
00> -27,-138,115
00> 61,-144,-28
00> 92,-200,-66
00> 75,-259,-76
00> 71,-237,-42
00> 18,-213,47
00> -140,-135,316
00> -64,-107,283
00> -2,-66,221
00> -2,-18,-68
00> 48,-70,-210
00> 85,-165,-276
00> 158,-435,-104
00> 169,-419,-27
00> 207,-322,62
00> 259,-129,352
00> 271,-113,381
00> 221,-122,356
00> 184,-185,233
00> -52,-255,319
00> -136,-277,378
00> -38,-206,-101
00> 52,-233,-160
00> 76,-250,-146
00> 211,-161,-44
00> 315,-110,-52
00> 245,-110,-7
00> 77,-116,167
00> 103,-168,59
00> 82,-277,-49
00> 172,-450,-180
00> 160,-430,-128
00> 117,-356,-61
00> 7,-105,85
00> -22,-1,153
00> -33,52,226
00> 119,-128,258
00> 193,-203,203
00> 193,-230,93
00> 257,-95,-134
00> 22,-138,-77
00> -85,-174,48
00> -61,-128,96
00> -1,-133,110
00> 49,-154,127
00> -8,-170,211
00> 63,-172,166
00> 31,-220,142