00> [3;3;2]0x206C3BB30x0B2200360xFF1C00C30x20803BD80x0B1F004D0xFF3C00F7
00> [3;3;2]0x20993C070x0AFE00790xFF7400580x20A93C060x0AE3009A0xFF750049
00> [3;3;2]0x207D3BA40x0AF500190xFEFC00820x20C73BD50x0B01FFF50xFF1D0107
00> [3;3;2]0x20EF3BB30x0AF700120xFF82FF8B0x20EE3BA10x0ADD00380xFF48FFA3
00> [3;3;2]0x20693B6E0x0AFE00D50xFF31FFEC0x202E3B340x0AF3007E0xFF53FFCB
00> [3;3;2]0x21043C070x0AE900290xFF7600E00x21243C060x0ACE001B0xFF2D00BB
00> [3;3;2]0x20753BBE0x0B02000C0xFF5CFF990x20733BAB0x0B13FFE50xFF58FFAE
00> [3;3;2]0x20513B3D0x0B19FFD90xFFA700850x20A13BB90x0B48FFE20xFF9000CB
00> [3;3;2]0x20903BA90x0B3B00760xFFD200B50x20B03B770x0B0D008B0x000100EE
00> [3;3;2]0x20F53BB70x0B1F01030xFF7700810x20E23BAB0x0AC3011D0xFF520052
00> [3;3;2]0x210F3BF10x0B2700700xFFA300810x212D3BC40x0B0700720xFFAAFFF9
00> [3;3;2]0x20C13BAD0x0B08009E0xFF14FF9A0x20C23B8E0x0B2400930xFF0EFFA8
00> [3;3;2]0x207C3B460x0AF700B90xFF80FF720x20973B980x0B0700890xFF76FFF2
00> [3;3;2]0x20CB3BE20x0B0600630xFF2A00070x20DE3BD50x0B2900640xFF39FFF5
00> [3;3;2]0x20913BCA0x0B0900500xFF24FF780x20753BCE0x0AED00830xFF19FF78
00> [3;3;2]0x206A3BA30x0B18005C0xFF2F00820x207A3BC20x0B2100780xFF3400C2
00> [3;3;2]0x20C13BF80x0B0400870xFF6700A20x20E63BF80x0AFB00B30xFF7F007F
00> [3;3;2]0x20BE3BEF0x0B1700550xFF54FFFD0x20E53BB00x0B2B00730xFF83000E
00> [3;3;2]0x20F23BCA0x0B0900710xFF91FF970x20E53BBF0x0AFB00990xFF5EFF9C
00> [3;3;2]0x207B3B9F0x0AF500AE0xFF3DFFB80x205D3B6D0x0AE4009C0xFF5FFFBD
00> [3;3;2]0x20BC3BDA0x0AEA005D0xFF7D008C0x20D63C040x0B07004D0xFF720085
00> [3;3;2]0x209E3BD10x0B0D00790xFF3CFF6F0x20643BC80x0B0400650xFF20FF52
00> [3;3;2]0x204D3B9F0x0AFB007A0xFF4DFFEC0x20583B8D0x0B09006E0xFF700034
00> [3;3;2]0x20A33BD50x0AF000830xFF4400830x20993BAE0x0AFB00730xFF3200A4
00> [3;3;2]0x20B53BB10x0AE200610xFF5E00540x20983BB20x0AF500320xFF480034
00> [3;3;2]0x20EA3BA30x0B0400040xFF87000E0x20EB3B940x0B12FFFE0xFF79000B
00> [3;3;2]0x20BA3B4C0x0B1000A90xFF0AFFEA0x20753B990x0B1B00610xFF0D001B
00> [3;3;2]0x20C33BCD0x0AE2006D0xFFC100260x20CA3BD90x0AE8007A0xFF9A0067
00> [3;3;2]0x20CB3BFC0x0AF4004E0xFF6600510x20D23C070x0AE1003C0xFF5D0012
00> [3;3;2]0x20583B910x0B24001A0xFEFBFF500x20353B640x0AF4001C0xFEFDFF8D
00> [3;3;2]0x209B3BA80x0B2900070xFF5E00F20x20B93BC60x0B2C00030xFF640109
00> [3;3;2]0x20EA3BE80x0B4F007C0xFF5D00EC0x20D73C0A0x0B2600890xFF5C008F
00> [3;3;2]0x209D3BC80x0AED006E0xFF13009A0x20C53BE50x0B3C00430xFF3100C3
00> [3;3;2]0x21363BB10x0B0F00250xFFB2FFBC0x21113BE40x0B0000360xFF85FFB7
00> [3;3;2]0x20623B8F0x0B0700A50xFF33FF910x204F3B4D0x0B1700C20xFF88FFC6
00> [3;3;2]0x20BB3BEB0x0B18002E0xFFA6010F0x20EC3BFD0x0AFE005E0xFF8800E2
00> [3;3;2]0x20BF3BC40x0B2F00590xFF55FFF40x20D33BC80x0B1B00470xFF5FFFDD
00> [3;3;2]0x20763B6C0x0B2A00590xFF53FFAF0x20803B5C0x0B1500470xFF6CFFFD
00> [3;3;2]0x20C53B9B0x0B3700590xFF8700860x20AE3BB50x0B16007C0xFF7F00BE
00> [3;3;2]0x20D53C030x0B2500710xFF55007F0x20C63B910x0B21009C0xFF5F0057
00> [3;3;2]0x20D73BB70x0B31FFF80xFF10007A0x20DE3BCF0x0B6A001D0xFF4C00AA
00> [3;3;2]0x20E23BC90x0B2C00600xFFC0FFB20x20E43BD80x0B0200910xFF90FF79
00> [3;3;2]0x20633B3C0x0B0700D10xFF5DFFC80x20693B500x0B0100740xFF65FFF3
00> [3;3;2]0x210C3C160x0B1A00410xFF8C00890x21163C080x0B29005B0xFF650044
00> [3;3;2]0x208F3BA50x0B36007C0xFF29FF3D0x20633BA80x0B0C00550xFF36FF3E
00> [3;3;2]0x20693B7C0x0B1300700xFF55FFEF0x20663B6F0x0B1D006F0xFF3F002C
00> [3;3;2]0x20AE3BD00x0B2100A00xFF6200A50x20AB3BBC0x0B46009C0xFF780074
00> [3;3;2]0x20CB3BA50x0ABE00A40xFF7C00560x20D83BBF0x0AE2006F0xFF10005A
00> [3;3;2]0x20E83BB40x0B2B00230xFF68FFFD0x20F53BA00x0B1C00360xFF61FF9D
00> [3;3;2]0x208D3B430x0B1200CA0xFF2DFF9E0x20483B510x0B3E00540xFF26FFFB
00> [3;3;2]0x20993B970x0B2000490xFFB3006A0x20B43C030x0B32005D0xFFB500E1
00> [3;3;2]0x20BA3BF70x0B4901830xFF5AFFFB0x20BE3BEC0x0B4801800xFF9FFFA5
00> [3;3;2]0x20713B590x0AA600BA0xFF93FF5D0x20563B5D0x0ACE00840xFF3EFF9B
00> [3;3;2]0x20743BBF0x0B2100410xFEE800CB0x20973BF60x0B0B00560xFF1600E8
00> [3;3;2]0x20A53B980x0AE100CC0xFF7900710x20CC3BCE0x0AC800E00xFF950062
00> [3;3;2]0x20E33BBE0x0AE600040xFF2D00050x20DA3BBE0x0AF4FFC30xFF3F0050
00> [3;3;2]0x20D93BDC0x0B0EFFE70xFF2EFFC80x20CC3BC00x0AE900330xFEF7FFBF
00> [3;3;2]0x20293B500x0B1C00460xFF44FFDD0x20353B540x0B18FFFD0xFF8D0019
00> [3;3;2]0x20F83BFC0x0B0400350xFF7700D20x21063C050x0B1100340xFF2E008D
00> [3;3;2]0x20AC3BC10x0B0600740xFF61FF630x20783BA30x0AFF00670xFF74FF52
00> [3;3;2]0x206F3BA90x0B0E00900xFF4F00430x20773B8D0x0B08008E0xFF570029
00> [3;3;2]0x20BB3BE20x0AF4007D0xFF6800B40x20D63BE00x0AEF00980xFF3E009E
00> [3;3;2]0x20AD3BC80x0AF500650xFF1A00270x208C3B880x0B0000790xFF2CFFE1
00> [3;3;2]0x20CF3BC70x0B1CFFFE0xFF9000380x20D43BC00x0AF5FFC70xFF7C000A
00> [3;3;2]0x20E33BDA0x0B39FFFB0xFF1D00450x20DF3BCD0x0B1C00100xFF060023
00> [3;3;2]0x20443B700x0B29005C0xFF8100190x20913B990x0B2D00450xFFAA006F
00> [3;3;2]0x20FF3C0F0x0B2F00880xFF6A00890x20EF3C1C0x0B3B008C0xFF4E0067
00> [3;3;2]0x207B3B740x0B1C00820xFF57FF7A0x20563B7C0x0B18007D0xFF5CFFAC
00> [3;3;2]0x20713B870x0AF200770xFF6E00640x20873B8D0x0B0E00470xFF6700A8
00> [3;3;2]0x20F93C0F0x0B0D00410xFF8100AF0x20EC3BFB0x0B3500750xFF540070
00> [3;3;2]0x20863B560x0B0301000xFF73FFC50x20913B530x0AD700DD0xFF7DFFE8
00> [3;3;2]0x20F13BB10x0B1A00010xFF7300830x20F73BAB0x0B4100040xFF880050
00> [3;3;2]0x20CC3BBD0x0B41007E0xFF78FFF10x20C03B760x0B2D00A60xFF62FFE2
00> [3;3;2]0x208E3B7A0x0B2600290xFF8D003D0x20BA3BAA0x0B2800100xFFAA0083
00> [3;3;2]0x20F33BFB0x0B2E00700xFF2D00100x20CF3BED0x0B4200790xFF1BFFC5
00> [3;3;2]0x20A93BB30x0B4D001F0xFF71FF720x207B3BB20x0B3600270xFF60FF7F
00> [3;3;2]0x20733B6E0x0B1E00810xFF5B00150x206E3B7A0x0B1D00710xFF660050
00> [3;3;2]0x20BF3BC20x0B2200680xFF5F00D30x20DD3C1D0x0B1100650xFF6400B2
00> [3;3;2]0x20CC3B990x0AF300B50xFF4B00300x209B3BC00x0B3000470xFF390031
00> [3;3;2]0x211B3B990x0B2A004D0xFF9800250x21043BAE0x0B22003A0xFF5FFFE1
00> [3;3;2]0x209A3B9A0x0B5000930xFF07FF8E0x206C3B7E0x0B4200A90xFF4BFF70
00> [3;3;2]0x20953BD10x0B4100560xFF7A00AB0x20B83BE70x0B23008B0xFF9400DE
00> [3;3;2]0x20C33C0F0x0B1200C10xFF65FFF40x20BF3BD50x0B2100C00xFF7FFFA3
00> [3;3;2]0x20603B7C0x0AF4007D0xFF50FF8B0x20573B5B0x0B17005F0xFF45FFBB
00> [3;3;2]0x20B23BC70x0B0E00850xFF42008E0x20B63BAA0x0B2400AD0xFF340098
00> [3;3;2]0x20BD3BC30x0B1400A10xFF9E00270x20D33BB40x0B0F00A00xFFA3000E
00> [3;3;2]0x21043BCB0x0B0C00310xFF5200530x20F83BD90x0B4600440xFF400027
00> [3;3;2]0x20953BA60x0B2900CD0xFF46FF740x20863B620x0B2200E10xFF4DFFB9
00> [3;3;2]0x20493B6D0x0AF200760xFF63001D0x20733B930x0B05003C0xFF70004F
00> [3;3;2]0x20C33C0F0x0B1D00480xFF5700420x20B83BE70x0B0500650xFF5B001D
00> [3;3;2]0x20873BB50x0B1200590xFF79FFBD0x20633BB40x0B0700430xFF7AFFC6
00> [3;3;2]0x206D3B820x0B3E003D0xFF40008F0x206F3B8F0x0B30003C0xFF4C00B3
00> [3;3;2]0x20B83BD30x0B49004A0xFF8800840x20C03BD80x0B13006C0xFF91006D
00> [3;3;2]0x20B73BCC0x0B0700540xFF65008E0x20B63BFC0x0B32001B0xFF6D008B
00> [3;3;2]0x210F3BEF0x0B2800240xFFAFFFAB0x20DA3BDF0x0B3800400xFF78FF74
00> [3;3;2]0x20693BA70x0B49006E0xFF17FFD80x20583B9A0x0B54008B0xFF60FFE1
00> [3;3;2]0x20753BB50x0B35003C0xFF9F00980x20A33BC70x0B2D00700xFF9C00C8
00> [3;3;2]0x20C33C280x0B2D005A0xFF2D00160x20AE3BED0x0B2A005B0xFF1EFFD0
00> [3;3;2]0x20693BA70x0B2D007A0xFF0EFFDE0x20673B730x0B0F006E0xFF1E0000
00> [3;3;2]0x20C03BE40x0B3F00400xFF3A01190x20CC3BF60x0B4900650xFF4E0105
00> [3;3;2]0x20F33BC50x0B48009F0xFF7E00570x20C33BA60x0B1100990xFF920013
00> [3;3;2]0x20D13BC40x0B2800420xFF8BFFFF0x20DC3BB00x0B4000580xFF8F001F
00> [3;3;2]0x20BC3B8B0x0B2100550xFF4BFFE80x20B83BBE0x0B26006D0xFF530002
00> [3;3;2]0x20773BA20x0B2800D00xFFA9FFB90x20573B870x0B1300860xFFB9FFB7
00> [3;3;2]0x20F53BDA0x0B2200790xFF7600850x20D03BEA0x0B11005A0xFF3E008E
00> [3;3;2]0x20853BAE0x0B2D003F0xFF5BFFB00x206B3BB50x0B2C00440xFF58FFCF
00> [3;3;2]0x207C3B950x0B3700D10xFF6EFF750x20743B970x0B3000B40xFF8AFFB1
00> [3;3;2]0x20BB3BA30x0B33005D0xFF7600D60x20AE3BD40x0B3C00780xFF6D00EF
00> [3;3;2]0x20B03B860x0B1D00E10xFF7500450x209B3BB20x0AD200EB0xFF6B0071
00> [3;3;2]0x20BD3BA20x0B3E00370xFF2C00AA0x20C63B9B0x0B49002A0xFF5B00D9
00> [3;3;2]0x21043C000x0B33004D0xFF4A000F0x20DF3BBA0x0B3F00AF0xFF45FFCD
00> [3;3;2]0x20523B180x0B1300AE0xFF9BFFDB0x20583B520x0B13003D0xFF99001C
00> [3;3;2]0x20EE3BF10x0B2E007A0xFF3500CA0x20E23BF90x0B2A007F0xFF2D0089
00> [3;3;2]0x20AA3BA00x0B1700A80xFF6DFF760x20A03BA50x0B1D00980xFF74FF75
00> [3;3;2]0x20853B490x0AF2004B0xFF5100070x207F3B6E0x0B0E00150xFF2C0059
00> [3;3;2]0x20EA3C050x0B54007A0xFF47009C0x20EA3BC50x0B4B00880xFF3A0037
00> [3;3;2]0x20C63B970x0B0D00A50xFF88FFDA0x20D93BAD0x0AE200A30xFF7CFFC8
00> [3;3;2]0x20E93BB10x0B2200260xFF5500580x20C63BCF0x0B3700220xFF3C0022
00> [3;3;2]0x20B43BBD0x0B4500850xFF39FFE80x20A03B730x0B49009E0xFF42FFE7
00> [3;3;2]0x20763B610x0AED00E70xFFCC00090x20A73B700x0AE900A00xFFAD0054
00> [3;3;2]0x20ED3BD90x0AF8004C0xFF3200280x20CC3BDE0x0B1800550xFF1B0003
00> [3;3;2]0x20963BAE0x0B1A00260xFF55FFD00x20943B940x0B22001C0xFF58FFD4
00> [3;3;2]0x20AB3B8E0x0B1F00430xFF5F001F0x20B63B8B0x0B1800500xFF4C0050
00> [3;3;2]0x20F43BB30x0B3000930xFF97002B0x20C43BB20x0AFA00870xFF6A0012
00> [3;3;2]0x20803B970x0B3200AC0xFF73FFF40x208E3B9D0x0B0600A40xFF8BFFFB
00> [3;3;2]0x20C83BD90x0B2F002F0xFFA7005B0x210C3BD70x0B08001F0xFFA4FFEE
00> [3;3;2]0x20BF3BB60x0B3F00510xFEFCFFE10x209D3BC20x0B6E00370xFEE7FFC4