00> [3;3;2]0x1AFC3F270x08E9000D0xFEC101150x1B1C3FB60x093300130xFED50133
00> [3;3;2]0x1A4A3F2B0x08FC004C0xFFA9FF290x1A6A3F170x08D000740xFFA4FF92
00> [3;3;2]0x1A933F390x090200640xFF0D00AE0x1AC23F4D0x08F300920xFF2D00A0
00> [3;3;2]0x1AE23F800x08D500190xFF3E00AC0x1AE63F880x08EE00390xFF0F0070
00> [3;3;2]0x1AD63F320x0907001E0xFF4C00120x1AD73F750x08FE001D0xFF57FFF7
00> [3;3;2]0x1ABB3F5F0x08F0006D0xFEEFFFE80x1ACD3F6F0x08FF003A0xFF1BFFE3
00> [3;3;2]0x1AD13F4F0x091C001C0xFF4B00180x1ABA3F690x092F00300xFF500010
00> [3;3;2]0x1ACE3F140x08C900590xFE5500020x1ABD3F220x08B600950xFE35000A
00> [3;3;2]0x1A893F2C0x08EF003A0xFF4D00870x1AB13F630x08F0002D0xFF9D00B2
00> [3;3;2]0x1B0F3F720x08D100620xFF96FFFC0x1AE33F850x08CA006F0xFF56FFC5
00> [3;3;2]0x1A573EDB0x08CF00710xFF69FFA50x1A0E3E980x08C3006D0xFF6C004C
00> [3;3;2]0x1B033F710x08CC00240x003201920x1AEF3F630x08F500550x000E0139
00> [3;3;2]0x1B503F670x08ED005C0x003A00680x1B633F7B0x08DA00500xFFD40011
00> [3;3;2]0x1AFF3F030x08D6004D0xFF69000E0x1AE73F390x08F8002C0xFF2DFFFA
00> [3;3;2]0x1AD53F270x092A001A0xFF2AFFFD0x1ACA3F310x093900250xFF440021
00> [3;3;2]0x1AD93F6F0x092800270xFF7300540x1AFA3F720x091C008C0xFF7A003A
00> [3;3;2]0x1AB93F0F0x08E600E40xFF3900410x1A9A3F1C0x08D800CC0xFF4D0024
00> [3;3;2]0x1AFD3F750x090900520xFFE400720x1B283F6A0x08C700630xFFC7005E
00> [3;3;2]0x1ADC3F2F0x08B900810xFF52FFD10x1AD03F1E0x08CA00410xFF5BFFB9
00> [3;3;2]0x1AAA3F250x08EE003A0xFF3300170x1AA33F210x090A00310xFF390023
00> [3;3;2]0x1AB33F320x090300630xFFCC00460x1AD23F5C0x08F5007B0xFFEE0070
00> [3;3;2]0x1AA13F0E0x08E0FFD00xFF5F01130x1ACC3F5D0x091CFFE60xFF5E0114
00> [3;3;2]0x1B2B3F790x091600120xFEEEFFF10x1AF23F5D0x095C002B0xFEE3FFD9
00> [3;3;2]0x1B063F1E0x0908003A0xFF68FF5C0x1AEF3F3B0x0917002A0xFF47FF83
00> [3;3;2]0x1AC23F430x094400E30xFF12FFDE0x1AA93F200x090B012A0xFF5BFFB2
00> [3;3;2]0x1AED3F560x08C9002F0xFF8A00810x1B003FAD0x08DD005C0xFF6700A9
00> [3;3;2]0x1AD13F3D0x08E800230xFF25FF990x1AC23F4D0x08E8003C0xFF02FF87
00> [3;3;2]0x1A6A3ED50x0928004C0xFF02FFB20x1A4C3EDC0x091F00310xFF1F000D
00> [3;3;2]0x1ABF3F500x0904003D0xFF6C00A50x1ACF3F5C0x091D00470xFF81007D
00> [3;3;2]0x1B053F570x08F200D70xFF0C001E0x1ACE3F380x08F600AD0xFEEFFFF6
00> [3;3;2]0x1AFA3F440x08E200340xFEFE00BF0x1AB93F850x08DD00000xFF220068
00> [3;3;2]0x1B003F930x08D5FFF00xFFE300690x1AFE3F090x08FD00180xFF790025
00> [3;3;2]0x1AF53F150x090400790xFF30FFFF0x1ADB3F340x093A00490xFF260002
00> [3;3;2]0x1AB53F360x0907009C0xFF8B002F0x1AD53F0A0x08F500810xFF6D005C
00> [3;3;2]0x1B133F800x0913004C0xFF5000790x1AFA3F750x090E00670xFF760022
00> [3;3;2]0x1ACE3F290x092600860xFF5CFF860x1AC63F000x08FE008E0xFF54FF99
00> [3;3;2]0x1AB83F1E0x08F8006C0xFF23001E0x1AC53EFB0x08F800770xFF4B0038
00> [3;3;2]0x1AF33F620x090C00600xFF9E005B0x1AD63F610x090D008F0xFF950052
00> [3;3;2]0x1ACF3F360x08D500600xFF2A005C0x1ADC3F590x08CD007D0xFF2B004F
00> [3;3;2]0x1AC43F210x091EFFE80xFF3B002A0x1AB63F550x092500050xFF5B0020
00> [3;3;2]0x1AAB3F220x090800690xFF4900550x1A863EA70x0907007D0xFEFF0098
00> [3;3;2]0x1AC83F1F0x091500A00xFFC3006F0x1AD13F140x08DA00870xFFDB004E
00> [3;3;2]0x1B6B3F3C0x08BA00280xFF9601320x1B733F8E0x08F700110xFF110105
00> [3;3;2]0x1AF93F070x090B00DA0xFEFFFFA00x1AD43EF70x091600750xFF1CFF61
00> [3;3;2]0x1AD03EC60x08F300560xFF4200630x1AE13EF60x08F4004B0xFF1400B3
00> [3;3;2]0x1B103F590x092B00440xFFA6010B0x1B3F3F5E0x090100560xFFC800C8
00> [3;3;2]0x1B183F040x08FE00B40xFF7100010x1B1E3EE50x08E100B40xFF61001B
00> [3;3;2]0x1B243EED0x092500170xFF54004B0x1B2B3F0F0x092A00150xFF55004E
00> [3;3;2]0x1B013F370x0937002D0xFF69001F0x1B023F320x094C00680xFF970020
00> [3;3;2]0x1B123F170x090701120xFFB6003D0x1AF93F100x08F800FD0xFF80003C
00> [3;3;2]0x1AF03F230x08EC002D0xFF9B00E10x1B4D3F110x08FC001C0xFF680110
00> [3;3;2]0x1B8C3FC70x092C006C0xFF2B007B0x1AEB3F110x091E00C50xFF10FFDA
00> [3;3;2]0x1AFC3F080x08F100920xFF4800240x1AEF3EDC0x090100A90xFF3F001B
00> [3;3;2]0x1B093F0E0x08E200490xFFCF00430x1B343F070x08D600570xFFCD002F
00> [3;3;2]0x1B3B3F2E0x090E00910xFEF6001B0x1B453EF70x090500900xFF1AFFF7
00> [3;3;2]0x1B5C3F0D0x0916FFF10xFF81FFE10x1B583F0E0x08F3000A0xFF470000
00> [3;3;2]0x1ADA3F0F0x092500730xFE96FFBC0x1AE13EE70x092500BD0xFED7FFBE
00> [3;3;2]0x1B223EE90x08E300C60xFF9900320x1AEC3F150x08E600AB0xFF58002F
00> [3;3;2]0x1B603F670x08EE00610xFF3300480x1B533F4B0x08DF00670xFF1C0006
00> [3;3;2]0x1B1A3F270x090800800xFE76001A0x1AE83F440x08DF00950xFEC3FFD8
00> [3;3;2]0x1ABB3ECD0x090800680xFF27FFB60x1AB33EC70x08F700400xFF6DFFF1
00> [3;3;2]0x1B0E3EDE0x08DAFF910x003201190x1B703F1B0x08B8FF360x004A0113
00> [3;3;2]0x1B493F2B0x0931FFAC0xFED300130x1B663F540x08FBFFF20xFEAF0004
00> [3;3;2]0x1B1D3F210x0994FF950xFE8000A50x1B323F590x0978FFA20xFEFA007C
00> [3;3;2]0x1B223F280x0953FFF00xFF97FF960x1B233F1E0x093E002D0xFF9BFF62
00> [3;3;2]0x1AE93EDE0x090C00920xFF12FFE40x1AC73F050x0936008C0xFEF30021
00> [3;3;2]0x1B423EF80x08F300210xFEDD006C0x1B2E3F390x0902FFBE0xFEAE005A
00> [3;3;2]0x1AF13F390x0953FFEB0xFF41FF8C0x1AD53F390x097000270xFF5FFF7E
00> [3;3;2]0x1AC93ECA0x0966006A0xFEF2007F0x1AB83F120x097B00680xFF3800BC
00> [3;3;2]0x1B443F780x097102470x000200AC0x1B613F360x094F02C40x0017007D
00> [3;3;2]0x1B3C3EC00x08A001750x0073002F0x1B583ECC0x087801270x00460025
00> [3;3;2]0x1B5E3EF20x08F7000A0xFF1900CF0x1B5A3EA20x08FDFFD80xFF0A00B6
00> [3;3;2]0x1B5A3EFB0x091400180xFF5600A90x1B433F0B0x0929FFEA0xFF2C0094
00> [3;3;2]0x1AE93EF80x0936010F0xFF4401100x1B163F080x093201180xFFCA0124
00> [3;3;2]0x1B9F3F2C0x08BE008F0xFF6000250x1B6C3F080x08D500A40xFF12FFDB
00> [3;3;2]0x1AD73EAB0x08FFFFFA0xFF2A00000x1B0F3E8A0x0909FFF60xFF600044
00> [3;3;2]0x1B293ED40x0913FFC00xFF7800E40x1B4A3EE40x0923FFDE0xFF840106
00> [3;3;2]0x1B7B3F000x093000590xFF53006D0x1B833EFA0x091D00530xFF49003B
00> [3;3;2]0x1B623F010x090E005E0xFF49FFE50x1B483ECD0x092500200xFF2EFFF8
00> [3;3;2]0x1B903F020x093CFFDC0xFF55006A0x1B9F3F520x0959FFE40xFF61FFF1
00> [3;3;2]0x1B533EE80x0952004F0xFEFBFFF80x1B2D3EE20x096D00C60xFF35FFF4
00> [3;3;2]0x1B5D3F020x091D00200xFF6400AC0x1B9A3F280x08FF00240xFF5000B6
00> [3;3;2]0x1B8F3F3A0x093800510xFEF700160x1B713F220x0958007A0xFF2FFFBC
00> [3;3;2]0x1B2F3EC90x090A00AF0xFFDAFFA90x1B343EA40x090F00D10xFFE0FFED
00> [3;3;2]0x1B663EE30x090000C30xFF5B00550x1B503EDE0x092500E30xFF4C003E
00> [3;3;2]0x1B843EFD0x091100B40xFEEC00520x1B5F3ED20x08FF00C80xFECF0059
00> [3;3;2]0x1B923EE50x0909FFFA0xFF74000A0x1BAE3EEF0x0921FFFA0xFF96001D
00> [3;3;2]0x1B5A3EE90x093B005E0xFF35FF8E0x1B4D3EBA0x092700A30xFF20FFAB
00> [3;3;2]0x1B2B3ECE0x092100D30xFF67006C0x1B6A3EDA0x0925009B0xFF9A0033
00> [3;3;2]0x1B983F1C0x08E600540xFF9100830x1BB73F030x08E0003A0xFF42008E
00> [3;3;2]0x1B8E3F160x091F00750xFEAFFFCD0x1B443EEE0x093000430xFEC6FF6C
00> [3;3;2]0x1B5B3EA80x090400380xFFCCFFD40x1B5D3F170x0910004E0xFFA80011
00> [3;3;2]0x1B633EBE0x092600AF0xFF2400710x1B4B3F0F0x090F00780xFF5C006A
00> [3;3;2]0x1B933F130x08ED00400xFF3E00060x1B7B3F130x092800010xFF090013
00> [3;3;2]0x1B8A3F040x090F00130xFF3C00200x1B9C3F170x092A000A0xFF28FFEF
00> [3;3;2]0x1B593EC10x094E00700xFEB500060x1B193F1D0x094300A60xFEFD000D
00> [3;3;2]0x1B6E3ECF0x08E6002F0xFF8200900x1B8A3F160x0903001E0xFF5A00BC
00> [3;3;2]0x1B873F240x0932007B0xFEEDFFED0x1B703F060x0903006A0xFF02FF9C
00> [3;3;2]0x1B023ED90x08FA008A0xFF1BFFBB0x1B233EB00x091000880xFF43FFB6
00> [3;3;2]0x1B503F160x08E200530xFF88002B0x1B623F0C0x08ED00790xFF9E002E
00> [3;3;2]0x1B7A3F440x08CC00420xFF4700140x1B573EE50x08FE00490xFF26FFFE
00> [3;3;2]0x1B543F050x08FBFFA60xFF34004A0x1B6F3EF30x0919FFB40xFF400076
00> [3;3;2]0x1B793F130x0935FFF30xFF1B002E0x1B653F030x092C00530xFF370015
00> [3;3;2]0x1B463ECC0x090A00870xFF73008A0x1B4B3EAE0x08FD007D0xFF690065
00> [3;3;2]0x1B7F3F130x091B00490xFFB600E60x1BB43F2A0x0931002B0xFFB400EA
00> [3;3;2]0x1B793EF10x092900820xFF3FFFED0x1B663ECA0x0921006F0xFF33FFE3
00> [3;3;2]0x1B373EBB0x093900870xFF40006C0x1B363ED10x092E008A0xFF570090
00> [3;3;2]0x1BA53ED30x092F00390xFFF000BB0x1B9C3EE50x093000620xFFD100F6
00> [3;3;2]0x1B943EF40x091B00BE0xFF4C00570x1B673EAE0x093900AD0xFF45002F
00> [3;3;2]0x1B9B3ED70x092600760xFF0B00E70x1B403EBF0x092200500xFF2100AE
00> [3;3;2]0x1C313F110x091EFFE30x002000AC0x1C343EFD0x0913FFF40xFFE30034
00> [3;3;2]0x1BD53E890x093D00B90xFECEFFBA0x1B6F3E890x094800970xFEA6000F
00> [3;3;2]0x1B7E3E8C0x0912006B0xFF69006B0x1B6B3EA70x093A00750xFF7000D7
00> [3;3;2]0x1BCD3ED70x090500900xFF0F00CE0x1B9F3EF30x093500750xFF290065
00> [3;3;2]0x1BAA3ECC0x0923002A0xFF7400040x1B9E3EDE0x092700410xFF54000E
00> [3;3;2]0x1B8D3EA10x093B00A60xFF4200950x1B913EBC0x093E009E0xFF7700A5
00> [3;3;2]0x1C083F030x093500B70xFF7E00EC0x1C003F390x092501080xFF6800C6
00> [3;3;2]0x1BB43E600x08F501200xFF70FFD90x1BA33EAA0x08D100CF0xFFA9FFE2
00> [3;3;2]0x1BEB3EBE0x08E3FFE90xFF49005F0x1BE33EA20x0929FFF40xFF4E00AB
00> [3;3;2]0x1BDF3F0C0x093FFFC30xFEF900360x1BE23EE00x093B000B0xFF070010
00> [3;3;2]0x1B9F3E6B0x091000EF0xFF1FFFB80x1B4C3E410x08FC00A20xFF1E0012
00> [3;3;2]0x1C113F050x090900730x000F00310x1C233F0D0x090D005A0xFFE8FFCF
00> [3;3;2]0x1BA33EA70x0913006B0xFEC9FF5F0x1B7A3E910x0930005B0xFEC5FF83
00> [3;3;2]0x1B7B3E9E0x096300340xFFC8003A0x1B9B3E440x094200710x000100C2
00> [3;3;2]0x1BE23F430x093600D40xFFAE016C0x1C013EFD0x0922011A0xFFB30086
00> [3;3;2]0x1C023EC10x08CE00BC0xFF33FFF30x1BD83EEC0x08DF00A70xFEFAFFA4
00> [3;3;2]0x1BB63E9D0x0905FFE40xFF2CFFD00x1BDF3EB90x0925FFE90xFF57FFD9
00> [3;3;2]0x1BA73EC20x092300120xFEEFFF5E0x1B913EA80x0903004B0xFEEFFF5C
00> [3;3;2]0x1B5D3E9A0x092F00720xFF5DFFF30x1B733E720x090F004C0xFF57FFFC
00> [3;3;2]0x1BCC3EEB0x0903002B0xFF4D00A30x1BE23EF10x091100210xFF110086
00> [3;3;2]0x1B8B3ED30x093500160xFEF3FFCD0x1B9E3EE70x092600330xFF1CFFD3
00> [3;3;2]0x1BCB3EA50x095100150xFF0700600x1B9A3ECF0x094C00330xFF5E0032
00> [3;3;2]0x1BB63EDA0x092E002F0xFF9E005C0x1BDD3EC90x0931003F0xFFA0003A
00> [3;3;2]0x1BC63EC60x08FF00370xFF4200260x1BB93EAE0x091A003E0xFF150013
00> [3;3;2]0x1BB13EB60x0938FFC20xFEEE00810x1B9E3ED80x095EFFAF0xFEFF00ED
00> [3;3;2]0x1BBC3EA30x091CFFA10xFF8000E60x1BEF3EF00x093EFFAA0xFF49010F
00> [3;3;2]0x1B923E820x0915007C0xFEE500690x1B5C3E9C0x0949004C0xFF13005E
00> [3;3;2]0x1C0A3EFC0x096FFFF90xFFCD00BC0x1C103F300x094A000E0xFFB5007B
00> [3;3;2]0x1BCF3EA40x091F008C0xFF19FFA10x1B953E830x0938007C0xFF00FF92
00> [3;3;2]0x1B8C3EA20x096E00450xFF7C00260x1B973E8A0x095000590xFFAB003B
00> [3;3;2]0x1BCA3EDD0x095900800xFFD400C40x1BEE3EE00x095100870xFFC800BC
00> [3;3;2]0x1BD63E430x08FC00200xFF3800770x1BD43E470x08E7FF7F0xFEF000A7
00> [3;3;2]0x1BAA3E980x095AFF390xFDE500AF0x1BC93EA80x0965FF360xFDFA0112
00> [3;3;2]0x1C4C3ED20x0995FFCD0xFF89FFBF0x1C2F3EEB0x0986FFD50xFF64FF7F
00> [3;3;2]0x1B9B3E830x09A8009E0xFF19FFA80x1B8F3E380x097A00E10xFF51FFC0
00> [3;3;2]0x1BB43EB40x095800800xFFBF00C80x1BD03EBF0x097B00970xFFE100EB
00> [3;3;2]0x1C083EB90x097300E70xFF99002A0x1BF93EB20x097100E20xFFAD000A
00> [3;3;2]0x1BCB3EEA0x09A400F70xFFADFF140x1BC23EC90x0965016E0xFFC6FF01
00> [3;3;2]0x1BA03E3B0x0937010B0xFFB900110x1BC23E880x095000D20xFFE10052
00> [3;3;2]0x1BF83EBD0x093C009A0xFF85002F0x1BFE3EED0x092700B30xFF62FFEB
00> [3;3;2]0x1BB53EB30x095B007C0xFF5DFF5D0x1BE13ED10x096D00390xFF6AFFA3
00> [3;3;2]0x1C0E3F100x097F00350xFF26FFD80x1BE53F320x098B00660xFF17FFA8
00> [3;3;2]0x1B643E920x095C00DA0xFF4DFF710x1B793E970x092501140xFF7DFFB1
00> [3;3;2]0x1BD43EBD0x093200630xFFDB00840x1BC03EFC0x093400440xFFB800A9
00> [3;3;2]0x1B893EB60x092F002B0xFF07FFA00x1BB93EF30x0961003F0xFEE2FFC0
00> [3;3;2]0x1B503EAA0x093B00AC0xFF9EFFA90x1B513E790x093F00D20xFFD0FFC2
00> [3;3;2]0x1BA23EE10x091500D70xFFB700630x1BB43EE60x092000E80xFFB9007F
00> [3;3;2]0x1BAD3ED90x090800850xFFB900170x1BBF3E790x090A00940xFFA50018
00> [3;3;2]0x1BC03EE70x093EFFFF0xFED1000D0x1BB03ED60x095BFFFC0xFEF80009
00> [3;3;2]0x1B9B3EF20x094200290xFF53FF970x1B8C3EC60x093100620xFF40FF97
00> [3;3;2]0x1B443EB70x0971009B0xFF65FFFE0x1B403E970x093D00A40xFF7C0009
00> [3;3;2]0x1BAA3F0B0x091E003F0xFF5D008C0x1BC53EE90x093300470xFF47008C
00> [3;3;2]0x1B8D3ECD0x093400760xFEFCFFA70x1B673EA50x093300690xFF13FF8A
00> [3;3;2]0x1B683E780x093400270xFF5500150x1B643EAD0x093B00250xFF4D0067
00> [3;3;2]0x1BB43EFE0x094100590xFF6300860x1BB63F040x093200730xFF680061
00> [3;3;2]0x1B7B3E8E0x094800400x0012FFE10x1BB13EC70x091200200x001B0000
00> [3;3;2]0x1BB73EED0x0970FFEE0xFF1000E50x1BD63EF40x0975FFF90xFF3700BF
00> [3;3;2]0x1BB93EF20x099200680xFF3800660x1B813EB70x098A00C10xFFB1001B
00> [3;3;2]0x1B7E3EAF0x095500F20xFFAA00490x1B753EA30x094300EF0xFFBC0068
00> [3;3;2]0x1BFA3F220x0941004F0xFFAC00D30x1C033F410x094000740xFF8800A2
00> [3;3;2]0x1BA33EFB0x096700B70xFEE6FFBD0x1B863ED50x097200B10xFF06FF9D
00> [3;3;2]0x1B653E950x094E007C0xFF70004D0x1B8D3EBF0x093F00920xFF8F00BD
00> [3;3;2]0x1BB03ECF0x094800910xFF5A00CA0x1B833EC80x093900A30xFF7F00A9
00> [3;3;2]0x1BC73EE70x090600EC0xFFE6003B0x1BA53E8D0x08E200E90xFF9F001E
00> [3;3;2]0x1BCF3ECC0x095300660xFF4F00E90x1BF43E680x093C005A0xFF7200A9
00> [3;3;2]0x1BDD3E9D0x095700C10xFF1F00620x1BC63E840x096D009D0xFF2C0055
00> [3;3;2]0x1BD63E7C0x092A00170xFFAA009B0x1BFF3EBC0x095AFFF30xFF920108
00> [3;3;2]0x1BFB3EDF0x095800560xFF81006E0x1C1C3EFF0x093700710xFFAF0030
00> [3;3;2]0x1BCE3EB90x0928007D0xFF3CFF9E0x1BBC3E8A0x0919008E0xFF29FF8A
00> [3;3;2]0x1BAE3E570x0943007F0xFF0700750x1BBB3E7C0x0948006C0xFF2300B4
00> [3;3;2]0x1BCA3EE90x090C00230xFFD1002B0x1BFF3EB30x08FA00780xFF8C004D
00> [3;3;2]0x1BFB3EB80x0916FFDB0xFEFBFF660x1BFB3EE60x0962FF6F0xFEBEFFA0
00> [3;3;2]0x1C043EA30x096EFFEE0xFF0DFF860x1BCD3EB30x096100160xFF01FFA5
00> [3;3;2]0x1B8C3E8B0x099D00250xFEFEFFEA0x1B813E920x097300910xFF6E001A
00> [3;3;2]0x1C053EE40x097E00100xFF95008A0x1C133F290x0955003E0xFF92007E
00> [3;3;2]0x1C0D3EEF0x0945002F0xFF14FF8C0x1BE73EE80x095E00590xFF05FF44
00> [3;3;2]0x1B5D3E940x0970004D0xFEF6FF920x1B5C3E890x098100540xFF22FFB3
00> [3;3;2]0x1BC03ECA0x092A00660xFF5500930x1BF13EDF0x0934008F0xFF33009F
00> [3;3;2]0x1BDE3E970x093B00530xFF7C00160x1BDB3EBF0x08F600330xFF84FFFE
00> [3;3;2]0x1BC53EA70x095AFF790xFEFE00120x1BE23ED00x096CFFA10xFF08008C
00> [3;3;2]0x1BA93E9E0x0998001B0xFF2BFFEF0x1BB93EBB0x099200540xFF6A0028
00> [3;3;2]0x1BA43E840x096200A10xFF6CFFE80x1B8B3E710x096500B70xFF54FFEC
00> [3;3;2]0x1BE53EC60x097A00400xFF8300690x1BEF3F200x095500210xFF85005C
00> [3;3;2]0x1BCD3E8B0x0962007E0xFEF6FF6A0x1B8F3EA60x097F005B0xFEF8FF6F
00> [3;3;2]0x1B863E6A0x0966006A0xFF98FF9E0x1B8E3E4B0x093D00320xFFA0FFF9
00> [3;3;2]0x1BD43EFC0x097500490xFF52011F0x1BE33F0E0x099F00780xFF6C00EE
00> [3;3;2]0x1BCE3EB30x097300A50xFFB400790x1BDC3EA60x092600AC0xFF800069
00> [3;3;2]0x1BBF3E9C0x097AFFDC0xFF2400670x1C093EB90x097FFFB90xFF5100AC
00> [3;3;2]0x1BDA3ED50x09A1001D0xFF2700190x1BC73EEE0x09B800680xFF41003F
00> [3;3;2]0x1BAF3E850x097901160xFF7B001B0x1BA93E670x097501130xFF910027
00> [3;3;2]0x1BDA3ED20x095000AD0xFFBF00C60x1C153EC10x093400980xFF9C00D5
00> [3;3;2]0x1C043EC60x096500BF0xFF4AFFF30x1BE63E8D0x0965008A0xFF51FFC1
00> [3;3;2]0x1BA93E5F0x093E008A0xFF75FFF00x1B9A3E860x093C00680xFF69003D
00> [3;3;2]0x1BE33EB60x097800750xFF9E00C80x1C093EAB0x0965008F0xFFA900C4
00> [3;3;2]0x1C023EB80x093D007B0xFF8D007A0x1C093ED70x094500800xFF750054
00> [3;3;2]0x1BEA3E690x095000730xFF15FFF60x1BC53E970x097DFFE40xFF080003
00> [3;3;2]0x1C2D3E930x097200220xFFB000150x1C0E3E950x095800030xFF65000F
00> [3;3;2]0x1B533E300x099C00800xFEFF00D10x1BF93E5F0x09C2009C0xFF4F017E
00> [3;3;2]0x1C333E990x094F00B40xFFC000670x1C0C3E960x0944007B0xFF980079
00> [3;3;2]0x1C2F3EB20x098700540xFF54FFDC0x1C273EBB0x098800600xFF67FFBD
00> [3;3;2]0x1BE73E540x0980007A0xFEDCFFC90x1BC03E7E0x096E00770xFEE5000D
00> [3;3;2]0x1C163E830x097F007C0xFFAF00430x1C253E840x096900630xFF9A006D
00> [3;3;2]0x1C103E800x094900AA0xFF6EFF9F0x1C103EAF0x0950008D0xFF5DFF90
00> [3;3;2]0x1BEC3EA50x093400860xFF6EFF9F0x1BD13EA60x0943005C0xFF38FF92
00> [3;3;2]0x1BF53EB30x098700390xFF3E00230x1C093E960x097B003C0xFF39FFE6
00> [3;3;2]0x1BF83E8E0x0970008D0xFF56FFBC0x1BEA3E930x095600560xFF3FFFC4
00> [3;3;2]0x1BC23E850x094F00A60xFF8600090x1BD33EBA0x094400910xFF8A0024
00> [3;3;2]0x1C053ECC0x094D00530xFF78FFD60x1C063EAC0x095200680xFF59FFB0
00> [3;3;2]0x1BA33EB30x0974005D0xFEF1FF920x1B943E8D0x096900700xFF0DFF83
00> [3;3;2]0x1B9B3E870x0962003B0xFF99004B0x1BCE3EB90x095D005A0xFF9B007C
00> [3;3;2]0x1BC73ED40x097800590xFF1B00500x1BCD3EB90x097200560xFF31001A
00> [3;3;2]0x1BCE3E830x097C00680xFF4400130x1BD93ECA0x0934007F0xFF630008
00> [3;3;2]0x1BDC3EA10x0983FFE20xFF42005F0x1BC73EB20x098E00040xFF5E0066
00> [3;3;2]0x1BC73EB00x098000560xFF3D00080x1BC93E830x0974008A0xFF4A0006
00> [3;3;2]0x1B9E3E9A0x0960007F0xFFA7005D0x1BD33E830x096D006E0xFFB8007F
00> [3;3;2]0x1C343F340x096B00590xFEFD00D30x1C193F2E0x098F00AB0xFEC4006D
00> [3;3;2]0x1B8D3E690x0963007C0xFF2BFFDE0x1BAF3E890x096600740xFF4B0035
00> [3;3;2]0x1BCE3ECC0x096B00630xFF4B00910x1BEB3EAE0x096100890xFF620064
00> [3;3;2]0x1C2F3EEB0x095C00300xFF60005A0x1C203ED00x096100550xFF4A0038
00> [3;3;2]0x1BB63E930x099500790xFF28FFBC0x1B853EC20x098C00820xFF5FFFBB
00> [3;3;2]0x1BAF3E920x094B005E0xFF3000100x1BB03E990x097B00370xFF34005B
00> [3;3;2]0x1C0E3EC20x096300410xFF30006D0x1BF03EC80x096500330xFF44004E
00> [3;3;2]0x1BDF3EB60x098A00590xFF1600180x1BD73E560x095800B30xFF3B0001
00> [3;3;2]0x1C2B3F1A0x0990FF860xFF97023A0x1C5A3F870x09A7FFBD0xFFE4017D
00> [3;3;2]0x1C013E9F0x098300CF0xFF7CFFDC0x1C013E760x097700D40xFF6CFFC5
00> [3;3;2]0x1BDD3E720x096A004B0xFF5100490x1BE33E580x0982004B0xFF350086
00> [3;3;2]0x1C1B3ED40x09A100650xFF66009A0x1C2C3ED60x0986005D0xFF7C0062
00> [3;3;2]0x1C303E850x0968007B0xFFA000170x1C0A3EB50x098200620xFF710008
00> [3;3;2]0x1C163EAB0x095100960xFF69FFCC0x1BF63E8C0x096B00600xFF26FFCC
00> [3;3;2]0x1C1A3E9C0x0967004D0xFF4B002D0x1C1E3EEA0x0982004E0xFF4C0012
00> [3;3;2]0x1BF73E610x098800A20xFF15FF6E0x1BB03EA90x0996008E0xFF2BFF9E
00> [3;3;2]0x1BDF3E890x095700610xFF88006F0x1C063EC60x094B002B0xFF9900BB
00> [3;3;2]0x1C2F3EEE0x096E00460xFEB4FFDF0x1C103ED70x096B006C0xFEACFFAA
00> [3;3;2]0x1BA13E860x0964005F0xFEBFFF810x1BA03E660x096800770xFEDFFFA8
00> [3;3;2]0x1BD13EB50x097100760xFF5F00550x1BE33EA60x094D007D0xFF5A0073
00> [3;3;2]0x1C043ED70x099700340xFF4D01090x1C423ED40x096A00580xFF6E00C9
00> [3;3;2]0x1BFC3E940x095000590xFF4DFFB30x1C003E860x0963000A0xFF33FFC3
00> [3;3;2]0x1C323ED90x097200020xFF19FFFF0x1C1D3EB80x09A500010xFF0CFFC4
00> [3;3;2]0x1BF33E930x09B300390xFF19FFC40x1BB63EBB0x099600660xFF2BFFA4
00> [3;3;2]0x1BE73E9A0x098600490xFF8900610x1BFB3EE70x095800340xFF880062
00> [3;3;2]0x1BF53EA70x095600820xFF78FF8D0x1BDE3E920x093800900xFF53FF83
00> [3;3;2]0x1B903E5B0x0984006E0xFF8DFFFF0x1B943E5A0x095700770xFFAF005C
00> [3;3;2]0x1BFD3ECF0x097B00540xFF7E016D0x1C333EC40x097F00580xFF66013B
00> [3;3;2]0x1C483F0C0x099101050xFF22FFE60x1BEB3EA90x099E01030xFF36FF62
00> [3;3;2]0x1BEC3E3D0x092D00CF0xFFAEFFB40x1BE63E940x091900B00xFFA6FFCF
00> [3;3;2]0x1BF33E880x098F001F0xFF8A00A60x1C293ED20x097900060xFFAB008E
00> [3;3;2]0x1C0A3E8D0x098200B00xFF2EFF480x1BE53E7D0x096D009B0xFF13FF36
00> [3;3;2]0x1B723E8E0x0965009B0xFF9EFF7F0x1B943E710x096600750xFFBBFFA7
00> [3;3;2]0x1BCC3EE90x096000730xFF74006D0x1BC13EAC0x095100890xFF5E0053
00> [3;3;2]0x1BEA3ECD0x096500860xFFB900660x1BDB3ED10x098000900xFFAE0037
00> [3;3;2]0x1BAE3E8E0x092B00CB0xFFDAFFCB0x1BC13E7F0x08F400BE0xFFAC0007
00> [3;3;2]0x1BC93E910x0987002F0xFF1201A20x1C0A3EBC0x095600280xFF2E01A2
00> [3;3;2]0x1C2B3EA80x099400800xFF4E00710x1BF63EBA0x096C005E0xFF540047
00> [3;3;2]0x1C083EA00x0937007B0xFF6900000x1BF43E8A0x095000230xFF190006
00> [3;3;2]0x1C103EB10x098400330xFF5800230x1C0C3EA40x099400330xFF60FFEB
00> [3;3;2]0x1BEF3E720x096A00C00xFF67FFEF0x1BD03E9B0x097D00790xFF580037
00> [3;3;2]0x1C053E950x093D004C0xFF66008B0x1BE63E9F0x096D00430xFF3F00D3
00> [3;3;2]0x1C0D3EB60x096A00730xFF48002F0x1BFB3EB70x0964008C0xFF5C0006
00> [3;3;2]0x1BDA3EB30x097A00330xFF6DFFFC0x1BD53EAD0x096D00650xFF820004
00> [3;3;2]0x1BED3EBB0x0961004D0xFF5400770x1BFC3EBB0x0963007C0xFF670050
00> [3;3;2]0x1C013EA70x094500760xFF7C000A0x1C0A3E610x094C00510xFF6E0004
00> [3;3;2]0x1BFF3ECB0x094500730xFF0C00270x1BE93EB30x095400720xFF08FFEC
00> [3;3;2]0x1C0F3EB60x0971FFF90xFF1000300x1C113EBA0x0980FFFC0xFEF1FFED
00> [3;3;2]0x1BEB3E680x0976006E0xFF84FF690x1BFA3E690x099600440xFF7AFF9E
00> [3;3;2]0x1BF93E640x093D004D0xFF31FFE30x1BFA3E810x0970002F0xFF15002D
00> [3;3;2]0x1BFD3EDA0x097F00290xFEDBFFE80x1BF63EDE0x097C00530xFEE8FFC4
00> [3;3;2]0x1BA63E850x096F006A0xFF47FF640x1B9F3E5B0x096500560xFF52FF91
00> [3;3;2]0x1BBA3E7F0x0985001C0xFF2300700x1BB63ED00x0975001F0xFF380091
00> [3;3;2]0x1BD23EBF0x096E00560xFF58009E0x1BD13E820x097600420xFF4D005E
00> [3;3;2]0x1C093EA50x094400600xFF79009D0x1C073EA90x094700580xFF33007D
00> [3;3;2]0x1C253EA40x09BAFFE60xFF72007A0x1C2A3EC00x099EFFDB0xFF79001C
00> [3;3;2]0x1C013E740x0992008B0xFF2CFFF60x1BFB3E440x098300640xFF100037
00> [3;3;2]0x1BEC3E990x097B00610xFFAD00070x1BCA3E8E0x095900470xFFAAFFDE
00> [3;3;2]0x1BFE3EAE0x098D00460xFF3500150x1C033E8D0x0994002F0xFF28000A
00> [3;3;2]0x1BEB3EBB0x09CAFFF10xFF1E00090x1BDC3EA10x09AA00390xFF360007
00> [3;3;2]0x1BAC3E890x09AD006A0xFF41005B0x1BC33E570x09C900810xFF790084
00> [3;3;2]0x1C073EAD0x098100670xFFBA010B0x1C2C3EDB0x0990007C0xFFA400F7
00> [3;3;2]0x1C233E950x0971007F0xFF7B00680x1C393E6A0x097B00810xFF730040
00> [3;3;2]0x1C2C3E9F0x09BE00160xFF26004D0x1C5D3E540x099E001A0xFF67009E
00> [3;3;2]0x1C5F3EC00x09B200090xFF1F00470x1C633ECF0x099A007B0xFEF60034
00> [3;3;2]0x1B923E310x09A900EE0xFF1DFFC40x1B943E440x098D00BA0xFF6FFFEA
00> [3;3;2]0x1C243E7B0x098300770xFFEF00A00x1C5D3E980x096A00860xFFA800C2
00> [3;3;2]0x1BC83E5A0x09A400AC0xFF38FFC30x1BB33E4C0x098B00A50xFF700006
00> [3;3;2]0x1C2F3ECC0x09A4005B0xFF6C01BE0x1C293EA20x099D00810xFF660134
00> [3;3;2]0x1C353E820x09BA00780xFF9001030x1C353EA90x099500A10xFF8F00FE
00> [3;3;2]0x1CA83EFD0x097200500xFF7301750x1C953ED10x096C00A20xFF9000BB
00> [3;3;2]0x1C253E120x0968FFF30xFED200190x1C463E4F0x0985FFC40xFED900C3
00> [3;3;2]0x1C8D3E740x09C000080xFF4900350x1C993E710x09B900140xFF4B001F
00> [3;3;2]0x1C343E4D0x09BC00970xFF6DFFEA0x1C4C3E110x099300DD0xFF930003
00> [3;3;2]0x1C333E810x09B200980xFF7D00CF0x1C823E750x098F00C00xFF8E00ED
00> [3;3;2]0x1C5A3E7B0x098700900xFF8500160x1C633E6C0x095800A50xFF76000E
00> [3;3;2]0x1C4E3E660x0954004C0xFF0400600x1C7A3E610x0963005E0xFEF80071
00> [3;3;2]0x1C623E6F0x09B300880xFF1C002E0x1C613EA30x09D200930xFF4B0002
00> [3;3;2]0x1C813E6E0x095A00E30xFFC200700x1CA83E2C0x096100FC0xFF9E0076
00> [3;3;2]0x1C8C3E690x097B00060xFF9100270x1CCA3E6B0x0953002A0xFF89002C
00> [3;3;2]0x1C7B3E790x09AF00310xFEE7FFA30x1C593E760x0983006A0xFEFAFFA0
00> [3;3;2]0x1C313E4E0x095F00BA0xFFD9FFDC0x1C1F3E3F0x095A00C30xFFC2FFC6
00> [3;3;2]0x1C863ECA0x097B006F0xFF6600C20x1C843EC20x099A00540xFF57008A
00> [3;3;2]0x1C643E500x0958007D0xFF2EFF620x1C373E860x0960005A0xFF06FF6A
00> [3;3;2]0x1C433E350x094E00140xFF23003D0x1C423E590x098300200xFF030092
00> [3;3;2]0x1C6C3E8F0x099700970xFF2500C50x1C613E3C0x0992007A0xFF4C008C
00> [3;3;2]0x1C943E8E0x091200570xFF6D002E0x1C723E910x0930004A0xFF1CFFCC
00> [3;3;2]0x1C763E7C0x097600040xFF64001A0x1C883E740x095B001E0xFF5DFFBA
00> [3;3;2]0x1BE13E070x098300560xFEDCFFD70x1C243DD40x09C000100xFEA1009C
00> [3;3;2]0x1C593E7F0x095D004E0xFF94005E0x1C8D3EBD0x097D00550xFF6B009A
00> [3;3;2]0x1C7C3E8C0x09A400A60xFEF1FFE30x1C703E870x097500BB0xFF0AFF9F
00> [3;3;2]0x1C2C3E440x096900310xFF08FFA70x1C313E500x096300390xFF00FFDC
00> [3;3;2]0x1C343E700x098300330xFF1C00770x1C453E890x09AA003B0xFF5200A8
00> [3;3;2]0x1C6A3E900x097000C50xFF9A00650x1C4E3E5B0x099100D80xFF940049
00> [3;3;2]0x1C473E7F0x095A00870xFF4400240x1C5B3E3D0x095500AC0xFF3A001C
00> [3;3;2]0x1C753E8C0x09B1FFDF0xFF3900C80x1C8F3E6D0x0990002D0xFF500096
00> [3;3;2]0x1CC73E650x095D00920xFF42002A0x1C943E5F0x0984009E0xFF21001B
00> [3;3;2]0x1C413E270x0957002B0xFF4600210x1C443E650x0985001B0xFF570073
00> [3;3;2]0x1C6A3E950x098500440xFF2E005E0x1C8E3E720x097C003D0xFF770032
00> [3;3;2]0x1C423E770x098BFFFB0xFF3BFFDB0x1C523E780x0992003E0xFF32001E
00> [3;3;2]0x1C693E5D0x099000D80xFF66007D0x1C773E440x097800D20xFF88009F
00> [3;3;2]0x1C823E6E0x0993009B0xFF9900AD0x1C813E740x098500B10xFF8900B3
00> [3;3;2]0x1C783E3D0x0943006E0xFF6600160x1C763DF30x095500750xFF3A0062
00> [3;3;2]0x1C703E6B0x09B4FFB70xFEFB00980x1CC03E580x09A3FFD40xFF5E00E2
00> [3;3;2]0x1CA13E5D0x09ABFFF50xFF1B00190x1C6F3E610x09AC00400xFF26002B
00> [3;3;2]0x1C5F3DFB0x095D006C0xFF9700A10x1C743E280x0954005E0xFF7C00C3
00> [3;3;2]0x1CA63E720x099D00440xFF69010C0x1C663E490x098E003B0xFF6E0104
00> [3;3;2]0x1CB63E700x096E00B50xFFE6FF9A0x1CB53E1A0x098C00B70xFF8AFF6E
00> [3;3;2]0x1C9C3E240x096F00A90xFF1200840x1CAE3E010x09A300910xFF0F0081
00> [3;3;2]0x1D003E4F0x098500600xFFB101270x1D2E3E660x0964004A0xFF8F0110
00> [3;3;2]0x1CDE3E790x09AF00690xFEF0004A0x1CD53DF80x099600870xFF220033
00> [3;3;2]0x1CD23E230x0988002D0xFF42FFE10x1CDC3E1F0x0986005A0xFF5B0040
00> [3;3;2]0x1CF23E560x09AB00210xFF3D00630x1CDB3E430x09A500510xFF390039
00> [3;3;2]0x1CBA3E500x097400F60xFF1100110x1C9C3DED0x099001070xFF21FFC7
00> [3;3;2]0x1CE33E710x0963003A0xFF4E00650x1CDF3E600x097100520xFF04002F
00> [3;3;2]0x1CB13E530x0977008A0xFF39FFB60x1C993E270x096700900xFF3EFF8D
00> [3;3;2]0x1CA53E2A0x0967008E0xFFA0FFED0x1CAE3E0B0x096500B00xFF940013
00> [3;3;2]0x1CAF3E6E0x097A007F0xFF7A00BE0x1CCE3E5C0x097B00AC0xFF8E0090
00> [3;3;2]0x1CB63E090x093F00600xFFB100620x1CD73E770x093500630xFFA3005F
00> [3;3;2]0x1CF53E310x0980FFED0xFF8600820x1D053E5C0x09A5FFEF0xFF8C0075
00> [3;3;2]0x1CEB3E350x098C005C0xFF65FFB50x1CD63E120x09AA00790xFF4BFFA5
00> [3;3;2]0x1CA13DBD0x096F00B50xFFCEFFD70x1CBC3DE90x095C007D0xFFCF0033
00> [3;3;2]0x1D013E860x0960002C0xFF60004E0x1CDC3E6D0x0982005A0xFF29003B
00> [3;3;2]0x1C933E3D0x099F00830xFF0EFFF80x1C973E380x0992007A0xFF65FFBF
00> [3;3;2]0x1CB43E0D0x099100320xFF9400150x1CB53E2E0x096700410xFF4E004E
00> [3;3;2]0x1CBB3E2E0x0999008C0xFF18006C0x1CB23E0D0x099900540xFF75003B
00> [3;3;2]0x1CFA3E360x094B002E0xFF81FFFA0x1CE03E3E0x0967FFF70xFEF3FFF0
00> [3;3;2]0x1CDA3E580x09C4FFF60xFF2500550x1CC73E220x09C8FFFE0xFF48000A
00> [3;3;2]0x1CD73E220x09AD00AD0xFF50001A0x1C9A3E190x09E7007F0xFF520045
00> [3;3;2]0x1CD43DFD0x096E00970xFFDD00D20x1CE43E540x0991005D0xFFA7014D
00> [3;3;2]0x1CA03E550x0991009D0xFF6D00240x1CF13DED0x097C00A60xFF2B0039
00> [3;3;2]0x1C833DF90x099700B60xFF80FF240x1CB63DFA0x097800AE0xFF6BFF6D
00> [3;3;2]0x1CA83DE20x0986005D0xFF7A00C40x1CD63DF00x09A5001A0xFF8E00ED
00> [3;3;2]0x1CEA3E4A0x09B2FFF50xFFA8010C0x1D123E5A0x098C00030xFF7B00FC
00> [3;3;2]0x1CE73E370x09A200840xFF6400720x1CF53E2C0x099000730xFF680082
00> [3;3;2]0x1CFF3E1A0x09B500050xFF2500620x1D323E240x09C0001E0xFF3A008F
00> [3;3;2]0x1CF23E3F0x09DB00480xFF51FFAF0x1CFB3E310x09C600830xFF50FFBA
00> [3;3;2]0x1CA63DC60x099A00E30xFF8700080x1CA33DF30x099000BB0xFF81001E
00> [3;3;2]0x1CF93E3C0x09A200850xFF95008F0x1D133E530x099300870xFF7A0070
00> [3;3;2]0x1CC63E1C0x0963007D0xFF4DFFDC0x1C973E1B0x097F007E0xFF3BFFCA
00> [3;3;2]0x1CD03E240x0995002D0xFF8200700x1CCB3E280x0999004C0xFF720075
00> [3;3;2]0x1CF13E1E0x098E005D0xFF5A00700x1D073E1D0x099C00540xFF3E0075
00> [3;3;2]0x1D003E2D0x099600A30xFF14004F0x1CD63E100x099E005D0xFF1A0027
00> [3;3;2]0x1D093E3C0x095100520xFF51FFDE0x1CF23E2B0x0984002B0xFF02FFB6
00> [3;3;2]0x1D063E130x09AD00080xFF8300100x1D0B3E390x09C2FFED0xFF7CFFE2
00> [3;3;2]0x1CDE3DEB0x09BE00840xFEBBFF720x1C8C3E130x09E200740xFECBFFAC
00> [3;3;2]0x1CA23E1C0x099400580xFFC500140x1CB93E4A0x09A600640xFFD20090
00> [3;3;2]0x1CF13E7D0x09AB00970xFF43002A0x1CFC3E480x09A300B10xFF31FFDC
00> [3;3;2]0x1CAC3E230x09A700510xFF71FF7B0x1C9D3E1C0x09AD007A0xFF91FF85
00> [3;3;2]0x1CCD3E010x098C00750xFF6200310x1CCF3E0F0x097C00730xFF5C0044
00> [3;3;2]0x1D413E6A0x09D100030xFF7901590x1D1B3EE50x09ACFFE10xFFD0008C
00> [3;3;2]0x1C9F3E1A0x09B000670xFF79FFF60x1CAC3E140x09B600730xFF8D0049
00> [3;3;2]0x1CC93E330x099BFFD80xFF0F00750x1CFC3E4E0x09B5FFD40xFF6500AD
00> [3;3;2]0x1D0B3E600x09E600190xFF11000A0x1D183E580x09D200470xFF13000A
00> [3;3;2]0x1CA43E1A0x09BB00730xFF5400140x1CB63E020x099A00AA0xFF63000B
00> [3;3;2]0x1CE63E5D0x09B000580xFF6200860x1CE03E550x0997006E0xFF4C005A
00> [3;3;2]0x1CF43E360x09AF00630xFF1300290x1CCF3E470x09CA00640xFF10FFE4
00> [3;3;2]0x1CAD3DF00x09A6005E0xFF64FFAD0x1CAE3DFE0x099800540xFF570001
00> [3;3;2]0x1CC33E0F0x09AC007D0xFF8500670x1CC63E250x09AF00700xFFA30081
00> [3;3;2]0x1D033E1D0x097D006C0xFF6300A20x1CF13E330x09A600310xFF2C00A9
00> [3;3;2]0x1CC83E210x09B600750xFEE800220x1CC73E040x099C008B0xFEFF0031
00> [3;3;2]0x1CB53E300x09C1FFFA0xFEFB00580x1CEC3E220x09C5FFE80xFF5C00A6
00> [3;3;2]0x1D1F3E3C0x099E00510xFF35FFCD0x1CEF3E340x09E1004B0xFF12FFC6
00> [3;3;2]0x1CA73DF20x09BA00670xFF7FFFF60x1C993DDE0x099D00AD0xFFBE0031
00> [3;3;2]0x1CDF3E5B0x09B4009E0xFFC9012B0x1CF73E6D0x09C400AD0xFFCF0100
00> [3;3;2]0x1D483E210x099200D50x005700120x1D313E310x098C00900x0008FFE7
00> [3;3;2]0x1CCB3DDD0x099D00940xFF3E00090x1CBF3DEF0x0994008B0xFF460061
00> [3;3;2]0x1D183E100x099300590xFF6E00CE0x1D1F3DF30x099A002D0xFF5800CA
00> [3;3;2]0x1D093DF90x09A8007E0xFFDD003E0x1D283E230x09C0006C0xFFD9002A
00> [3;3;2]0x1D183DD70x097A00E70xFF1B00130x1CF13E210x098A00BC0xFEFB003D
00> [3;3;2]0x1D2D3E1C0x09B2000C0xFF00007C0x1D413E260x09A600110xFEF80037
00> [3;3;2]0x1D0A3E210x09CD00580xFF30FF8E0x1D0A3E070x09A9008F0xFF3AFFA1
00> [3;3;2]0x1CB93DA60x098A00F00xFF7EFFBD0x1CD83DD50x097C00830xFF92FFD5
00> [3;3;2]0x1D2A3E560x097500360xFF6B00990x1D2C3E5C0x09B3005B0xFF3E006D
00> [3;3;2]0x1CEE3E4D0x0986005E0xFF2DFF5E0x1CD63E050x09A4005F0xFF4AFF30
00> [3;3;2]0x1D163DF20x099A000A0xFF1400D00x1CA43E580x09C100030xFF4E0079
00> [3;3;2]0x1CC63E130x099B00600x004D00850x1CF63E260x09A6004A0x003400AB
00> [3;3;2]0x1D4C3E650x0983004F0xFF2B00800x1D1A3E050x09B400760xFEEF001C
00> [3;3;2]0x1D0A3E380x09C0FFE60xFF39FFD60x1D2A3E010x09BE001B0xFF6EFFEA
00> [3;3;2]0x1CFD3E380x09E800440xFF17FF6C0x1CFB3E040x09D5007E0xFF29FF47
00> [3;3;2]0x1CBF3DDF0x09A400A30xFF7CFFDB0x1C8E3DC20x09A4009F0xFF6FFFD3
00> [3;3;2]0x1CD43E5D0x09B0003B0xFFA200AC0x1D0E3E6F0x0982003E0xFF6C008B
00> [3;3;2]0x1CCE3E2D0x099E00530xFF42FFE80x1CCB3E350x09C8001C0xFF65FFE7
00> [3;3;2]0x1CA53DC80x098E002A0xFF3BFFDF0x1C893DE60x09A400190xFF25004C
00> [3;3;2]0x1CE93DF60x09BDFFFD0xFF3000DD0x1CF33E410x09D9FFE60xFF5300F4
00> [3;3;2]0x1D013E040x09F700180xFF5500290x1CC13E300x09E900160xFF65002C
00> [3;3;2]0x1CF13E310x09B4001E0xFF1300170x1CF83E380x09CDFFE40xFF0C0031
00> [3;3;2]0x1CFD3E3A0x0A0300260xFF4B00300x1CF53E6E0x0A1E00410xFF5F002F
00> [3;3;2]0x1CD93DE90x09D3007F0xFF88FFBF0x1CDE3D990x09B800B70xFF61FFD1
00> [3;3;2]0x1CD93E1F0x09CF00330xFF17008D0x1CE83E260x09E900360xFF2500A6
00> [3;3;2]0x1D243E630x09F600190xFEF9006F0x1D143E710x0A2E003E0xFF200006
00> [3;3;2]0x1CD33E060x09F100750xFF80FF670x1CB73DE40x09CE008D0xFF8BFF80
00> [3;3;2]0x1CC53DE30x09E300A10xFF6C00710x1CD63DFB0x09DB00960xFF7B00A6
00> [3;3;2]0x1CFC3E270x09D5007E0xFF7500480x1CED3E1E0x09D000790xFF930025
00> [3;3;2]0x1CFE3E020x099500720xFF40FFF80x1CAB3DF00x09E900180xFF0F0004
00> [3;3;2]0x1D493E590x0A10003B0xFFE400A90x1D403E3B0x09FD00710xFFD3000D
00> [3;3;2]0x1D373DCF0x09D600BC0xFF4800560x1D0F3DE40x09D201070xFF510051
00> [3;3;2]0x1D173DF00x09CE004F0xFF3800870x1D0B3E290x09D1002D0xFF3800C5
00> [3;3;2]0x1D483E520x09DD00500xFF10FFB80x1D2E3E400x09DA007D0xFEFBFF64
00> [3;3;2]0x1C923DCD0x09E6008E0xFEFEFFBB0x1C983DDF0x09F500850xFF190021
00> [3;3;2]0x1D093E090x09BA00930xFFA300ED0x1D153E0F0x09C000820xFF8F00F9
00> [3;3;2]0x1D263E1B0x09CF00E40xFF8400120x1D343E380x09A700D70xFF94000F
00> [3;3;2]0x1CED3DEC0x09AC00650xFF3EFFBF0x1CE13E020x09BA00360xFF4BFFF0
00> [3;3;2]0x1D1B3E0E0x09D8002D0xFF33002B0x1D263E3E0x09BD003E0xFF3C0014
00> [3;3;2]0x1CF13E3C0x09F600880xFF0AFFF40x1CFA3E0C0x09C000EA0xFF5AFFE8
00> [3;3;2]0x1CF93DEF0x09B200710xFF84FFD80x1D043E340x09A5006F0xFF930025
00> [3;3;2]0x1D103E480x099D00770xFED8FFF40x1D023E250x09A200A10xFEE5FFD3
00> [3;3;2]0x1CBE3DE80x099900470xFF69FF480x1CD33DE40x09AA00390xFF6EFF99
00> [3;3;2]0x1CBC3DF80x09A500560xFF3B00720x1CD43E190x09C0004B0xFF5300A3
00> [3;3;2]0x1D2F3DFD0x09BD00980xFF7B00110x1CED3E0D0x098A00680xFF730039
00> [3;3;2]0x1D1D3E2F0x09C7FFE40xFF4D00080x1D1A3E320x09BBFFF10xFF4F002D
00> [3;3;2]0x1CE33E150x09F600360xFF16FFAA0x1CC13E110x09E600710xFF34FFB6
00> [3;3;2]0x1CAF3DED0x09B100AB0xFFDF000A0x1CAE3DEA0x099200830xFFDB0024
00> [3;3;2]0x1CFA3E5D0x09B100540xFF8300E10x1D1E3E480x09CD006B0xFF8300A5
00> [3;3;2]0x1D163E340x098F00B00xFF2FFFDD0x1CFC3E190x09A700A60xFF17FFBC
00> [3;3;2]0x1CA33DDC0x09D500240xFF5CFFF90x1C9E3DDF0x09E1002D0xFF7C0026
00> [3;3;2]0x1D153E6B0x09DD00D50xFF5C009F0x1CFE3E4B0x09D3011A0xFF680023
00> [3;3;2]0x1D143E080x09A3003A0xFFAFFFF60x1D103E0F0x096900230xFF73FFDC
00> [3;3;2]0x1CDD3E330x0A01FFEE0xFF2B00530x1CE83E320x09FE00070xFF63001F
00> [3;3;2]0x1CEE3E420x09ED003E0xFF60FFD50x1CFB3E1C0x09D600600xFF58FFD9
00> [3;3;2]0x1CBF3DF90x09C700EC0xFF9300160x1CC63DE10x099A00AF0xFF9B002B
00> [3;3;2]0x1CEF3E4A0x099E003E0xFFAD00880x1CFF3E5E0x09D300330xFFA9005D
00> [3;3;2]0x1CAF3E050x09D200710xFF2FFF7F0x1C9D3DF30x09CE00680xFF40FF93
00> [3;3;2]0x1CBC3DF50x09C600770xFF99FFED0x1CA93DDE0x09B800840xFF8F000A
00> [3;3;2]0x1CC73E300x09C4006C0xFFB300BF0x1C953DFB0x09B800460xFF9E00B1
00> [3;3;2]0x1D073E520x099800850xFFF400110x1CFA3E1B0x09D1008E0xFF97FFEB
00> [3;3;2]0x1CE93E090x09D600150xFF1000A20x1D203E3D0x09B700530xFEEC00C0
00> [3;3;2]0x1D0C3E240x0A3B00530xFF7E00820x1D1B3E0D0x09FE00380xFFB4002F
00> [3;3;2]0x1CF73E0A0x09D6009E0xFF4D00330x1D203DFD0x09E000B70xFF300059
00> [3;3;2]0x1CD43DE60x09BB00AF0xFF6B00420x1CE63DE50x09DE00810xFF6D002F
00> [3;3;2]0x1CD93E3A0x09DF00820xFF4400980x1D063E510x0A0200990xFF600090
00> [3;3;2]0x1CD03DD80x09DD00AC0xFF64FFEB0x1CC73DC40x09E300AB0xFF60000A
00> [3;3;2]0x1CCC3DEE0x09E7009E0xFF96009D0x1CED3E0E0x09DF00B60xFFA300EC
00> [3;3;2]0x1D403E170x09F200E50xFFEE00A40x1D483E0C0x09E200C80xFFE50083
00> [3;3;2]0x1D403E3F0x09AE00EB0xFF8800040x1D123DE80x09D200E70xFF5EFFD9
00> [3;3;2]0x1D013DF90x0981014C0xFF3000690x1CE33DE80x09B5013A0xFF150041
00> [3;3;2]0x1D4D3E230x098E00170xFFE500C90x1D603E2D0x09AB00040xFFC2008D
00> [3;3;2]0x1D3D3E2C0x09A600940xFF07000E0x1D073E260x09D200C70xFEC0FFDD
00> [3;3;2]0x1CBC3DD50x09C000DD0xFF89FFF40x1CF73DFB0x099F00950xFFB9001E
00> [3;3;2]0x1D5D3E140x09B400850xFF9DFFEF0x1D483E1F0x09AC00790xFF66FFD5
00> [3;3;2]0x1D043E050x09D400760xFF15FF5C0x1CF13DF80x09C300780xFF10FF82
00> [3;3;2]0x1CD73DB10x09D400950xFF06003D0x1D0F3E3B0x09DC00640xFF60007E
00> [3;3;2]0x1D2F3E1C0x099600920xFFBAFFE40x1D383E250x0969006D0xFF88FFD6
00> [3;3;2]0x1CCD3DCA0x098E001F0xFF4EFFCF0x1CD53E340x098200230xFF45FFE9
00> [3;3;2]0x1D023E340x09E9FFFA0xFF1F006D0x1D263E350x09BB002A0xFF2C003F
00> [3;3;2]0x1CFB3E210x09DCFFF00xFF46FFEB0x1CE73E270x09D9002B0xFF4BFFD7
00> [3;3;2]0x1CC93DBF0x09C600D60xFF7E006F0x1CE03DEC0x09D100B10xFF7A00A1
00> [3;3;2]0x1CEC3E290x09C900600xFF8C00790x1CF73E330x09AD00690xFFB40082
00> [3;3;2]0x1D153E450x09C000890xFEB300680x1CF03E4C0x09D500950xFE98001F
00> [3;3;2]0x1CF43E0E0x09B200400xFF43FFDA0x1CF33E1A0x09BA00460xFF50FFD0
00> [3;3;2]0x1D183DFA0x09B000980xFF9C00520x1D093DFF0x097F00730xFF79004A
00> [3;3;2]0x1D1E3DE90x09A600400xFF1000230x1D153E4C0x098800310xFF0E0021
00> [3;3;2]0x1CD63DF50x0A08FF970xFF38FFE80x1CC63E370x0A1CFFC10xFF8FFFEF
00> [3;3;2]0x1CAF3DFC0x09CB00650xFF6BFFAB0x1CAA3DE00x09CF00860xFF47FFF4
00> [3;3;2]0x1CB23E180x09D400A50xFFB600AD0x1CC83DEB0x09AA00CB0xFFBD00A8
00> [3;3;2]0x1D0C3E0F0x09AD00370xFF8500870x1D183E150x09AC00370xFF8F006E
00> [3;3;2]0x1D173E0E0x09CE000A0xFF1B00160x1CFC3E0B0x09F8FFF80xFF210011
00> [3;3;2]0x1D0C3E360x09FD00490xFF56004A0x1D0C3E190x09F200660xFF5C0023
00> [3;3;2]0x1D083E3B0x09DB00550xFF5B00790x1D173E370x09CE00830xFF4A007A
00> [3;3;2]0x1D063DD60x09BA007A0xFF24006E0x1D2D3DF60x09D900250xFF1200B2
00> [3;3;2]0x1D283E0D0x099E00740xFF39FFF90x1CD43E1F0x09E5000C0xFF040014
00> [3;3;2]0x1D363DFE0x09EB00320xFF8200600x1D103E200x0A2A003F0xFF640056
00> [3;3;2]0x1D3A3DE40x09D100AC0xFF6B000D0x1D333DE00x09E700B90xFF35001F
00> [3;3;2]0x1CA33DE60x0A2200820xFEEE00630x1CEE3DDE0x0A2400880xFF5800A8
00> [3;3;2]0x1D6C3E630x0A02009D0xFFD300850x1D673E440x09D900CC0xFFB8002A
00> [3;3;2]0x1CF03DA60x09D000A60xFF5EFF750x1CF93DB70x09C3009A0xFF6DFFC9
00> [3;3;2]0x1CF83DF90x09E200BF0xFF4800AC0x1D153E2B0x09D900B60xFF7800AF
00> [3;3;2]0x1D263E110x09A700870xFFB100900x1D383E2A0x09CB00720xFF9500AE
00> [3;3;2]0x1D2D3E140x099400530xFF2DFFDB0x1D4A3DD40x099E00870xFEF2FFDC
00> [3;3;2]0x1CCB3DF40x09EEFFF00xFED6004F0x1D193E0E0x09EF00150xFF4800BC
