00> 92,-174,40
00> 93,-167,51
00> 99,-177,50
00> 89,-158,50
00> 81,-178,44
00> 104,-177,49
00> 93,-177,53
00> 87,-171,63
00> 106,-164,53
00> 109,-176,43
00> 96,-185,52
00> 111,-167,52
00> 79,-176,51
00> 85,-183,52
00> 100,-171,49
00> 86,-168,53
00> 97,-169,52
00> 76,-162,51
00> 80,-181,60
00> 79,-185,53
00> 91,-175,44
00> 89,-173,44
00> 81,-174,49
00> 89,-180,53
00> 90,-168,51
00> 102,-168,49
00> 98,-167,53
00> 93,-177,66
00> 92,-177,36
00> 86,-171,56
00> 102,-172,57
00> 107,-173,49
00> 101,-167,48
00> 88,-176,36
00> 88,-175,39
00> 76,-174,48
00> 103,-159,29
00> 97,-166,37
00> 87,-173,38
00> 99,-168,47
00> 100,-173,46
00> 84,-179,46
00> 102,-166,42
00> 92,-181,39
00> 87,-185,40
00> 86,-161,47
00> 107,-161,42
00> 91,-181,33
00> 73,-171,45
00> 83,-186,52
00> 98,-185,45
00> 84,-175,46
00> 85,-170,44
00> 103,-189,38
00> 97,-179,38
00> 85,-167,45
00> 92,-161,54
00> 100,-174,41
00> 94,-163,40
00> 91,-177,60
00> 84,-158,51
00> 89,-176,37
00> 90,-185,42
00> 81,-180,43
00> 97,-169,51
00> 90,-169,43
00> 97,-159,45
00> 114,-173,45
00> 79,-167,36
00> 85,-180,51
00> 102,-185,46
00> 72,-170,49
00> 91,-163,47
00> 89,-175,59
00> 82,-178,47
00> 89,-174,32
00> 96,-167,38
00> 100,-168,52
00> 116,-172,49
00> 96,-161,49
00> 71,-177,40
00> 86,-169,52
00> 83,-160,54
00> 93,-183,37
00> 93,-173,53
00> 79,-174,56
00> 97,-168,44
00> 92,-162,36
00> 92,-174,49
00> 90,-182,45
00> 102,-178,39
00> 92,-160,47
00> 86,-168,42
00> 79,-167,42
00> 100,-170,51
00> 107,-165,47
00> 107,-165,42
00> 104,-157,37
00> 73,-183,54
00> 100,-170,56
00> 102,-159,49
00> 83,-167,31
00> 96,-173,36
00> 100,-178,18
00> 95,-169,44
00> 94,-171,40
00> 104,-180,38
00> 99,-162,32
00> 101,-158,37
00> 84,-169,44
00> 87,-179,47
00> 82,-173,34
00> 77,-174,44
00> 105,-163,49
00> 90,-168,51
00> 98,-164,56
00> 82,-185,53
00> 93,-174,33
00> 104,-185,47
00> 95,-169,51
00> 106,-163,43
00> 87,-159,40
00> 85,-165,44
00> 91,-158,44
00> 90,-173,38
00> 112,-187,60
00> 103,-178,52
00> 96,-164,44
00> 95,-185,58
00> 103,-181,47
00> 96,-169,56
00> 93,-177,29
00> 97,-170,35
00> 103,-175,50
00> 105,-178,38
00> 112,-161,34
00> 85,-162,46
00> 74,-174,52
00> 88,-176,58
00> 92,-165,37
00> 111,-157,52
00> 91,-169,45
00> 88,-176,56
00> 100,-174,59
00> 104,-173,67
00> 96,-159,33
00> 90,-182,52
00> 103,-174,40
00> 102,-182,41
00> 101,-168,57
00> 94,-183,48
00> 110,-184,48
00> 104,-172,56
00> 95,-170,50
00> 89,-167,43
00> 90,-161,47
00> 99,-168,49
00> 110,-171,49
00> 93,-151,42
00> 96,-143,53
00> 96,-166,43
00> 89,-174,36
00> 102,-159,38
00> 93,-175,61
00> 99,-175,43
00> 83,-165,38
00> 90,-171,43
00> 90,-165,37
00> 89,-178,42
00> 89,-175,39
00> 91,-182,48
00> 89,-164,53
00> 92,-172,41
00> 87,-171,45
00> 96,-161,42
00> 99,-168,51
00> 88,-167,39
00> 105,-171,44
00> 84,-168,57
00> 95,-177,40
00> 80,-171,41
00> 89,-173,52
00> 89,-179,42
00> 92,-186,43
00> 107,-166,46
00> 86,-182,54
00> 87,-176,52
00> 89,-173,47
00> 82,-165,53
00> 86,-172,45
00> 99,-183,36
00> 85,-167,45
00> 93,-167,28
00> 96,-159,39
00> 89,-174,48
00> 96,-183,47
00> 94,-188,45
00> 92,-187,54
00> 92,-170,42
00> 82,-169,48
00> 100,-173,54
00> 101,-182,45
00> 94,-172,37
00> 76,-163,36
00> 93,-169,51
00> 105,-167,45
00> 84,-174,45
00> 85,-168,47
00> 90,-163,40
00> 79,-173,42
00> 91,-166,42
00> 107,-164,53
00> 84,-183,49
00> 100,-194,48
00> 87,-174,44
00> 78,-157,46
00> 77,-165,33
00> 91,-168,41
00> 98,-170,50
00> 89,-173,42
00> 97,-165,37
00> 100,-173,54
00> 87,-158,49
00> 86,-162,46
00> 88,-186,52
00> 84,-166,45
00> 109,-173,42
00> 96,-166,39
00> 100,-173,53
00> 93,-172,52
00> 100,-163,38
00> 85,-172,43
00> 102,-172,56
00> 105,-181,32
00> 92,-176,45
00> 92,-171,56
00> 89,-178,46
00> 110,-181,37
00> 88,-175,44
00> 95,-188,43
00> 95,-185,45
00> 94,-173,55
00> 101,-175,51
00> 93,-177,53
00> 76,-169,41
00> 100,-191,63
00> 89,-193,57
00> 83,-173,33
00> 103,-175,48
00> 86,-171,52
00> 96,-176,45
00> 98,-170,45
00> 96,-167,31
00> 89,-164,31
00> 97,-182,57
00> 89,-174,41
00> 97,-181,44
00> 109,-173,37
00> 103,-177,44
00> 76,-171,38
00> 81,-174,39
00> 91,-173,49
00> 105,-150,41
00> 80,-153,53
00> 93,-169,55
00> 83,-174,48
00> 83,-190,56
00> 80,-169,48
00> 91,-168,50
00> 104,-164,51
00> 89,-166,48
00> 93,-179,41
00> 84,-177,52
00> 91,-173,41
00> 98,-180,48
00> 92,-173,32
00> 83,-175,42
00> 90,-171,45
00> 93,-171,59
00> 102,-168,62
00> 90,-171,53
00> 99,-169,51
00> 102,-169,36
00> 105,-164,24
00> 102,-166,55
00> 92,-171,64
00> 79,-181,55
00> 84,-171,48
00> 104,-168,39
00> 95,-165,49
00> 95,-171,51
00> 94,-183,56
00> 71,-175,47
00> 83,-162,39
00> 94,-169,52
00> 92,-173,53
00> 104,-182,48
00> 98,-181,49
00> 93,-163,51
00> 96,-182,40
00> 93,-158,47
00> 97,-173,54
00> 97,-168,50
00> 92,-175,41
00> 99,-184,44
00> 94,-184,37
00> 87,-174,42
00> 101,-168,51
00> 72,-178,53
00> 78,-174,47
00> 83,-174,42
00> 91,-185,32
00> 104,-175,45
00> 97,-180,38
00> 97,-184,42
00> 98,-175,48
00> 101,-172,56
00> 94,-175,49
00> 99,-159,50
00> 90,-174,42
00> 100,-172,33
00> 88,-172,36
00> 87,-181,53
00> 93,-169,51
00> 70,-175,53
00> 71,-173,50
00> 98,-185,47
00> 98,-179,44
00> 91,-175,55
00> 100,-174,49
00> 83,-182,44
00> 88,-190,44
00> 99,-174,47
00> 102,-176,29
00> 87,-181,41
00> 93,-180,36
00> 102,-169,47
00> 94,-172,57
00> 91,-172,45
00> 82,-166,48
00> 91,-171,44
00> 82,-173,49
00> 72,-192,43
00> 90,-179,41
00> 90,-165,34
00> 95,-169,43
00> 84,-176,39
00> 93,-180,41
00> 113,-166,48
00> 92,-166,49
00> 93,-166,35
00> 97,-177,45
00> 96,-161,61
00> 95,-171,36
00> 103,-165,42
00> 87,-173,40
00> 101,-175,38
00> 99,-179,50
00> 100,-166,42
00> 78,-163,41
00> 97,-166,55
00> 97,-169,28
00> 92,-174,55
00> 92,-176,48
00> 93,-169,40
00> 103,-163,54
00> 99,-176,42
00> 103,-170,39
00> 101,-166,55
00> 106,-169,56
00> 96,-176,58
00> 99,-165,51
00> 94,-171,42
00> 95,-177,34
00> 83,-181,35
00> 91,-166,36
00> 93,-164,49
00> 73,-167,51
00> 85,-157,42
00> 104,-159,46
00> 87,-159,40
00> 90,-166,44
00> 96,-170,34
00> 80,-160,39
00> 84,-162,57
00> 86,-160,50
00> 93,-164,39
00> 103,-169,37
00> 78,-183,41
00> 82,-191,59
00> 92,-176,46
00> 109,-166,47
00> 86,-188,39
00> 92,-192,51
00> 102,-168,43
00> 92,-180,45
00> 96,-166,43
00> 85,-167,46
00> 103,-179,32
00> 87,-182,37
00> 90,-175,43
00> 92,-181,34
00> 85,-176,41
00> 94,-181,46
00> 90,-180,50
00> 80,-176,53
00> 101,-169,44
00> 83,-158,50
00> 92,-162,53
00> 90,-173,59
00> 110,-179,43
00> 98,-174,48
00> 77,-180,46
00> 92,-168,64
00> 102,-157,49
00> 75,-177,43
00> 100,-183,55
00> 94,-181,49
00> 92,-159,59
00> 109,-170,44
00> 116,-180,40
00> 107,-171,42
00> 85,-180,47
00> 84,-190,47
00> 96,-188,48
00> 97,-178,54
00> 101,-173,36
00> 92,-180,37
00> 92,-183,41
00> 92,-166,53
00> 87,-160,40
00> 96,-177,50
00> 98,-178,50
00> 100,-167,49
00> 96,-163,61
00> 97,-161,58
00> 94,-182,35
00> 81,-173,39
00> 103,-177,42
00> 108,-175,52
00> 94,-175,34
00> 92,-169,33
00> 96,-172,40
00> 86,-174,48
00> 88,-180,35
00> 91,-193,52
00> 86,-170,46
00> 85,-173,55
00> 85,-169,49
00> 93,-178,49
00> 95,-170,56
00> 105,-175,52
00> 103,-172,51
00> 93,-176,53
00> 82,-182,54
00> 85,-182,44
00> 78,-183,47
00> 92,-170,44
00> 92,-177,57
00> 96,-186,46
00> 88,-183,48
00> 107,-184,46
00> 101,-185,53
00> 95,-172,33
00> 88,-179,47
00> 75,-173,48
00> 80,-177,37
00> 104,-177,52
00> 88,-184,52
00> 104,-174,34
00> 89,-187,45
00> 102,-170,37
00> 92,-168,41
00> 86,-157,42
00> 91,-162,49
00> 98,-170,42
00> 91,-165,41
00> 96,-162,33
00> 93,-172,48
00> 101,-177,35
00> 89,-169,45
00> 86,-167,56
00> 108,-178,52
00> 116,-176,45
00> 100,-162,41
00> 95,-176,36
00> 102,-163,42
00> 100,-180,50
00> 90,-171,39
00> 97,-177,46
00> 83,-191,38
00> 96,-162,32
00> 105,-179,45
00> 99,-182,43
00> 91,-183,36
00> 89,-169,46
00> 89,-166,46
00> 83,-179,51
00> 101,-176,47
00> 92,-175,45
00> 78,-172,46
00> 77,-179,51
00> 87,-188,49
00> 100,-168,37
00> 98,-178,61
00> 105,-166,48
00> 84,-191,42
00> 85,-172,62
00> 91,-171,50
00> 76,-197,52
00> 92,-198,37
00> 102,-174,36
00> 88,-157,49
00> 99,-157,34
00> 106,-183,30
00> 84,-182,50
00> 91,-181,48
00> 95,-180,48
00> 100,-182,37
00> 89,-179,31
00> 80,-178,39
00> 101,-168,51
00> 87,-173,45
00> 94,-186,51
00> 112,-181,36
00> 92,-171,42
00> 102,-176,51
00> 91,-179,61
00> 90,-187,54
00> 99,-178,41
00> 91,-172,36
00> 95,-164,53
00> 94,-169,45
00> 78,-180,46
00> 94,-173,55
00> 85,-153,34
00> 103,-183,45
00> 99,-171,50
00> 84,-177,55
00> 102,-174,49
00> 87,-171,32
00> 91,-175,44
00> 98,-175,37
00> 98,-175,44
00> 86,-179,33
00> 98,-173,44
00> 106,-161,51
00> 90,-173,49
00> 94,-169,45
00> 87,-181,66
00> 102,-172,37
00> 99,-170,53
00> 89,-154,37
00> 100,-177,47
00> 90,-186,63
00> 93,-176,55
00> 86,-163,37
00> 100,-174,36
00> 97,-165,40
00> 91,-161,38
00> 94,-183,47
00> 99,-181,50
00> 86,-167,42
00> 91,-161,42
00> 83,-168,43
00> 97,-176,32
00> 109,-167,58
00> 97,-167,40
00> 104,-162,26
00> 96,-166,43
00> 100,-171,32
00> 89,-170,47
00> 93,-167,42
00> 88,-169,38
00> 97,-172,44
00> 107,-171,40
00> 107,-167,36
00> 105,-173,49
00> 90,-177,48
00> 95,-186,43
00> 86,-178,44
00> 84,-164,41
00> 90,-173,48
00> 88,-187,57
00> 99,-168,48
00> 90,-171,45
00> 97,-176,46
00> 101,-177,40
00> 97,-178,56
00> 88,-164,44
00> 83,-180,52
00> 73,-174,51
00> 89,-185,62
00> 102,-160,46
00> 101,-171,39
00> 107,-182,48
00> 94,-170,54
00> 108,-173,44
00> 98,-162,36
00> 120,-172,45
00> 95,-168,61
00> 83,-171,54
00> 97,-196,50
00> 99,-182,52
00> 105,-177,45
00> 91,-157,53
00> 90,-179,48
00> 87,-170,41
00> 103,-193,33
00> 101,-171,27
00> 97,-176,46
00> 79,-170,42
00> 93,-180,63
00> 105,-187,54
00> 96,-158,46
00> 102,-175,40
00> 111,-174,44
00> 89,-171,39
00> 94,-164,47
00> 93,-182,34
00> 80,-166,35
00> 87,-166,44
00> 103,-164,33
00> 112,-175,53
00> 95,-175,44
00> 84,-164,37
00> 109,-171,44
00> 94,-169,42
00> 93,-178,48
00> 97,-174,44
00> 98,-172,41
00> 91,-166,51
00> 92,-185,41
00> 97,-168,47
00> 96,-173,61
00> 81,-168,38
00> 106,-177,36
00> 110,-173,43
00> 103,-188,52
00> 104,-167,49
00> 96,-163,42
00> 94,-174,42
00> 86,-182,58
00> 82,-167,37
00> 106,-166,43
00> 97,-159,37
00> 97,-160,50
00> 86,-189,45
00> 90,-176,39
00> 92,-167,44
00> 81,-173,41
00> 85,-174,45
00> 103,-168,56
00> 106,-165,40
00> 91,-176,42
00> 101,-172,43
00> 86,-161,45
00> 89,-154,35
00> 108,-168,49
00> 94,-168,46
00> 105,-168,42
00> 99,-182,53
00> 88,-178,41
00> 78,-172,43
00> 92,-182,37
00> 105,-160,35
00> 99,-176,38
00> 75,-152,41
00> 89,-167,53
00> 88,-178,51
00> 88,-189,48
00> 90,-173,46
00> 108,-175,45
00> 96,-161,44
00> 91,-163,51
00> 98,-154,57
00> 106,-173,37
00> 87,-180,51
00> 90,-172,59
00> 93,-170,46
00> 99,-187,42
00> 90,-163,36
00> 95,-170,44
00> 92,-171,36
00> 100,-165,47
00> 102,-177,47
00> 104,-191,42
00> 100,-183,47
00> 90,-176,40
00> 83,-175,41
00> 104,-175,39
00> 108,-168,41
00> 105,-187,37
00> 104,-178,41
00> 107,-158,51
00> 107,-170,36
00> 93,-177,44
00> 92,-186,39
00> 96,-176,51
00> 100,-162,44
00> 98,-173,47
00> 95,-178,46
00> 102,-159,34
00> 100,-168,39
00> 94,-189,39
00> 92,-176,59
00> 92,-186,44
00> 103,-167,49
00> 93,-173,52
00> 83,-183,48
00> 94,-170,37
00> 102,-183,50
00> 80,-186,46
00> 90,-180,41
00> 82,-168,50
00> 84,-179,46
00> 89,-167,27
00> 89,-173,54
00> 106,-171,42
00> 96,-183,56
00> 97,-170,47
00> 99,-175,39
00> 93,-184,38
00> 92,-168,25
00> 97,-164,25
00> 102,-185,44
00> 96,-174,44
00> 108,-181,43
00> 94,-168,25
00> 94,-187,43
00> 91,-170,38
00> 115,-182,41
00> 100,-184,33
00> 102,-181,38
00> 99,-163,54
00> 91,-175,46
00> 87,-171,44
00> 91,-177,42
00> 93,-186,55
00> 84,-173,50
00> 96,-184,44
00> 101,-172,48
00> 91,-167,44
00> 94,-181,38
00> 91,-174,42
00> 81,-178,35
00> 93,-152,34
00> 88,-161,58
00> 91,-183,48
00> 105,-186,54
00> 85,-171,46
00> 92,-166,49
00> 96,-145,35
00> 71,-152,51
00> 78,-165,57
00> 99,-174,49
00> 92,-182,49
00> 83,-184,26
00> 98,-164,52
00> 90,-157,40
00> 85,-173,48
00> 87,-158,49
00> 97,-178,41
00> 87,-177,42
00> 88,-168,35
00> 82,-166,38
00> 89,-172,54
00> 89,-170,42
00> 89,-171,32
00> 82,-163,38
00> 87,-182,47
00> 105,-174,43
00> 83,-162,47
00> 98,-194,42
00> 107,-175,40
00> 109,-181,39
00> 88,-173,41
00> 88,-178,41
00> 103,-184,40
00> 84,-186,62
00> 86,-172,47
00> 86,-177,45
00> 85,-166,45
00> 97,-169,57
00> 94,-173,48
00> 85,-177,45
00> 104,-188,41
00> 105,-174,44
00> 94,-181,44
00> 100,-182,36
00> 108,-161,36
00> 103,-178,22
00> 92,-162,38
00> 86,-167,50
00> 88,-173,46
00> 89,-154,49
00> 94,-181,34
00> 105,-171,45
00> 84,-160,43
00> 75,-177,49
00> 88,-170,40
00> 91,-162,30
00> 79,-160,40
00> 98,-181,27
00> 89,-176,30
00> 81,-182,43
00> 66,-175,51
00> 96,-182,46
00> 100,-173,29
00> 96,-178,42
00> 90,-171,53
00> 87,-160,59
00> 106,-170,47
00> 104,-164,46
00> 95,-168,37
00> 84,-184,46
00> 75,-168,45
00> 98,-162,54
00> 104,-178,43
00> 111,-170,41
00> 95,-160,45
00> 109,-170,51
00> 93,-175,51
00> 103,-190,41
00> 96,-184,46
00> 95,-168,43
00> 92,-175,51
00> 84,-177,41
00> 87,-184,41
00> 95,-173,45
00> 72,-169,36
00> 85,-174,54
00> 103,-170,52
00> 86,-183,40
00> 66,-181,42
00> 79,-168,44
00> 107,-186,48
00> 94,-176,44
00> 90,-179,43
00> 113,-167,51
00> 106,-175,51
00> 90,-171,53
00> 102,-172,48
00> 101,-172,41
00> 88,-169,40
00> 99,-184,38
00> 88,-182,47
00> 95,-176,52
00> 95,-159,52
00> 98,-175,42
00> 90,-167,55
00> 95,-179,34
00> 93,-175,43
00> 70,-172,47
00> 90,-166,43
00> 91,-188,43
00> 83,-180,42
00> 93,-178,37
00> 90,-180,45
00> 102,-176,39
00> 98,-165,42
00> 86,-178,54
00> 93,-177,56
00> 93,-165,41
00> 94,-176,35
00> 88,-191,45
00> 90,-181,46
00> 87,-177,43
00> 83,-175,43
00> 93,-178,38
00> 106,-185,34
00> 113,-183,41
00> 77,-175,52
00> 85,-174,42
00> 93,-176,55
00> 93,-169,48
00> 101,-177,44
00> 114,-187,51
00> 89,-185,37
00> 115,-184,47
00> 87,-189,56
00> 110,-180,47
00> 93,-161,48
00> 90,-173,56
00> 104,-185,35
00> 99,-180,47
00> 95,-185,46
00> 84,-185,45
00> 93,-181,46
00> 95,-191,43
00> 74,-184,43
00> 85,-175,32
00> 87,-192,44
00> 90,-166,31
00> 95,-172,49
00> 105,-175,45
00> 80,-171,31
00> 75,-178,44
00> 90,-168,41
00> 101,-163,53
00> 87,-165,44
00> 87,-161,50
00> 83,-169,42
00> 82,-170,47
00> 83,-185,40
00> 93,-167,58
00> 100,-165,39
00> 95,-188,44
00> 91,-183,40
00> 94,-171,50
00> 84,-154,51
00> 100,-176,25
00> 82,-172,51
00> 90,-176,39
00> 93,-181,31
00> 91,-191,49
00> 108,-176,37
00> 97,-156,49
00> 104,-165,50
00> 93,-184,53
00> 97,-165,54
00> 103,-168,71
00> 89,-177,47
00> 80,-158,42
00> 94,-190,48
00> 102,-165,42
00> 92,-181,35
00> 87,-180,35
00> 95,-169,33
00> 118,-178,44
00> 95,-184,46
00> 92,-178,41
00> 96,-168,42
00> 108,-155,33
00> 119,-166,40
00> 94,-189,35
00> 94,-181,36
00> 88,-173,28
00> 101,-167,48
00> 105,-171,41
00> 102,-177,38
00> 80,-184,50
00> 105,-182,27
00> 97,-174,47
00> 86,-164,34
00> 88,-155,37
00> 86,-173,45
00> 86,-177,38
00> 87,-175,52
00> 83,-180,64
00> 73,-163,44
00> 96,-166,50
00> 97,-169,35
00> 92,-166,51
00> 97,-170,48
00> 97,-179,44
00> 77,-167,33
00> 83,-179,49
00> 88,-189,50
00> 99,-171,52
00> 96,-183,53
00> 76,-186,42
00> 95,-188,55
00> 106,-182,46
00> 101,-180,42
00> 101,-176,37
00> 95,-186,52
00> 78,-188,46
00> 97,-167,47
00> 91,-174,46
00> 113,-182,35
00> 97,-166,41
00> 82,-186,40
00> 91,-175,29
00> 93,-166,39
00> 87,-175,48
00> 75,-168,36
00> 90,-183,54
00> 86,-185,26
00> 83,-165,36
00> 90,-173,42
00> 96,-182,39
00> 92,-164,40
00> 90,-171,38
00> 90,-161,28
00> 97,-172,48
00> 98,-168,37
00> 74,-169,40
00> 97,-169,48
00> 106,-190,43
00> 107,-167,43
00> 83,-166,42
00> 85,-180,44
00> 97,-158,42
00> 96,-181,30
00> 85,-189,40
00> 97,-188,45
00> 97,-179,59
00> 92,-169,43
00> 90,-191,51
00> 78,-179,41
00> 99,-178,39
00> 91,-163,48
00> 89,-158,40
00> 82,-177,34
00> 95,-172,31
00> 86,-176,46
00> 101,-173,39
00> 90,-169,38
00> 91,-170,47
00> 81,-169,55
00> 86,-183,50
00> 93,-191,44
00> 88,-175,46
00> 85,-177,53
00> 102,-168,56
00> 92,-172,47
00> 97,-181,31
00> 101,-170,45
00> 76,-176,50
00> 80,-189,33
00> 91,-174,36
00> 94,-173,49
00> 89,-178,22
00> 73,-176,32
00> 88,-168,48
00> 96,-167,37
00> 107,-169,34
00> 98,-167,31
00> 84,-176,35
00> 86,-175,57
00> 98,-182,39
00> 104,-179,43
00> 97,-166,45
00> 91,-183,54
00> 87,-177,43
00> 93,-163,51
00> 92,-170,32
00> 101,-165,43
00> 87,-178,48
00> 95,-174,44
00> 96,-164,34
00> 95,-183,32
00> 97,-173,49
00> 96,-173,38
00> 90,-184,39
00> 91,-183,40
00> 98,-168,43
00> 101,-155,43
00> 97,-169,33
00> 100,-169,54
00> 92,-194,56
00> 99,-165,42
00> 96,-163,42
00> 101,-182,54
00> 92,-178,39
00> 91,-168,27
00> 87,-184,30
00> 89,-188,41
00> 95,-175,38
00> 85,-166,44
00> 94,-178,36
00> 93,-166,39
00> 101,-172,40
00> 110,-168,39
00> 84,-178,40
00> 80,-176,31
00> 97,-161,40
00> 92,-169,33
00> 98,-171,48
00> 109,-174,41
00> 110,-179,47
00> 102,-171,36
00> 100,-167,40
00> 96,-175,36
00> 87,-170,41
00> 92,-179,46
00> 99,-166,31
00> 102,-162,42
00> 109,-174,46
00> 100,-179,43
00> 100,-185,43
00> 80,-168,34
00> 98,-178,37
00> 102,-190,33
00> 85,-174,43
00> 78,-170,57
00> 82,-186,53
00> 93,-174,37
00> 110,-174,37
00> 100,-172,39
00> 96,-165,46
00> 92,-167,54
00> 79,-167,44
00> 96,-168,45
00> 84,-179,50
00> 82,-181,49
00> 96,-177,40
00> 100,-170,47
00> 100,-174,46
00> 84,-173,36
00> 87,-172,41
00> 97,-174,47
00> 90,-173,39
00> 98,-183,36
00> 97,-160,40
00> 88,-164,47
00> 88,-168,47
00> 100,-184,39
00> 85,-165,38
00> 95,-175,33
00> 89,-169,38
00> 92,-178,31
00> 78,-187,34
00> 86,-189,27
00> 91,-174,46
00> 94,-171,47
00> 76,-177,46
00> 79,-168,44
00> 85,-169,44
00> 91,-170,50
00> 82,-172,49
00> 80,-178,52
00> 93,-179,44
00> 100,-164,43
00> 93,-163,53
00> 86,-171,39
00> 95,-177,57
00> 101,-178,41
00> 84,-184,31
00> 90,-175,56
00> 95,-163,39
00> 97,-160,43
00> 92,-169,48
00> 90,-180,43
00> 85,-174,43
00> 87,-170,44
00> 93,-170,50
00> 100,-165,37
00> 85,-165,67
00> 81,-181,53
00> 93,-164,44
00> 110,-183,46
00> 80,-184,45
00> 94,-174,54
00> 98,-175,48
00> 94,-163,53
00> 91,-172,33
00> 92,-165,38
00> 100,-165,41
00> 94,-178,34
00> 113,-169,66
00> 94,-167,37
00> 81,-172,39
00> 98,-176,43
00> 90,-176,56
00> 86,-176,50
00> 98,-169,47
00> 94,-186,37
00> 98,-185,41
00> 100,-187,46
00> 87,-183,43
00> 85,-177,36
00> 103,-168,47
00> 89,-173,47
00> 86,-170,39
00> 104,-167,47
00> 111,-165,42
00> 89,-178,37
00> 96,-166,40
00> 103,-173,44
00> 91,-174,48
00> 99,-159,33
00> 93,-164,38
00> 94,-178,28
00> 90,-165,44
00> 105,-179,50
00> 95,-179,63
00> 98,-192,34
00> 90,-180,21
00> 96,-162,39
00> 91,-155,44
00> 95,-162,57
00> 92,-172,48
00> 88,-169,45
00> 92,-177,39
00> 91,-176,31
00> 102,-179,49
00> 100,-172,47
00> 97,-181,42
00> 105,-183,40
00> 102,-172,46
00> 99,-166,51
00> 88,-174,40
00> 81,-169,34
00> 87,-187,36
00> 85,-167,38
00> 81,-179,47
00> 93,-175,64
00> 91,-181,56
00> 96,-183,49
00> 121,-173,50
00> 76,-172,50
00> 97,-172,52
00> 95,-168,35
00> 100,-160,50
00> 93,-165,50
00> 104,-179,46
00> 110,-179,32
00> 93,-173,32
00> 92,-171,49
00> 90,-178,38
00> 100,-174,40
00> 91,-180,52
00> 109,-183,37
00> 104,-160,47
00> 77,-163,38
00> 89,-173,48
00> 100,-182,41
00> 90,-182,53
00> 93,-161,38
00> 88,-164,51
00> 89,-167,59
00> 96,-178,43
00> 94,-173,42
00> 94,-169,48
00> 92,-169,51
00> 92,-173,47
00> 90,-176,53
00> 104,-178,47