00> 50,-95,5
00> -23,-254,187
00> -37,-227,255
00> 185,-164,44
00> 152,-214,78
00> 194,-187,11
00> 121,-140,31
00> 154,-141,59
00> 96,-184,79
00> 62,-256,0
00> 51,-279,12
00> 131,-102,116
00> 67,-84,179
00> 210,-138,-31
00> 110,-154,0
00> -26,-268,33
00> -9,-263,92
00> 16,-59,64
00> 68,-63,45
00> 220,-163,4
00> 161,-199,67
00> 41,-37,11
00> 166,-73,-13
00> 105,-147,36
00> 31,-175,69
00> -169,-462,62
00> -218,-445,144
00> -34,-178,79
00> 53,-168,24
00> 89,-232,-25
00> 107,-184,-65
00> -36,-141,230
00> -18,-156,202
00> 89,-249,109
00> 107,-282,32
00> 116,-170,17
00> 25,-142,50
00> 159,-137,45
00> 124,-171,29
00> 34,-183,133
00> 5,-186,149
00> 123,-141,172
00> 118,-153,170
00> 141,-211,122
00> 125,-230,83
00> -106,-180,116
00> -111,-205,127
00> 27,-166,126
00> 27,-154,100
00> 134,-113,26
00> 118,-114,101
00> 24,-163,200
00> 33,-140,262
00> 124,-187,53
00> 90,-208,68
00> 110,-204,73
00> 113,-181,129
00> 171,-113,62
00> 183,-131,53
00> 145,-180,-149
00> 182,-169,-192
00> 11,-192,11
00> -22,-168,45
00> 87,-258,130
00> 121,-192,87
00> 178,-78,-168
00> 114,-71,-89
00> 71,-191,99
00> -15,-288,116
00> 51,-223,-21
00> 35,-173,59
00> 125,-233,8
00> 119,-261,56
00> 118,-235,-139
00> 66,-208,-101
00> -16,-281,-9
00> 15,-248,69
00> -6,-160,76
00> 93,-149,58
00> 212,-164,54
00> 166,-133,41
00> 130,-121,24
00> 186,-118,50
00> 60,-228,9
00> 46,-239,6
00> 67,-215,58
00> 62,-189,135
00> 216,-164,35
00> 189,-141,27
00> 87,-177,-124
00> -28,-218,-73
00> 14,-202,144
00> -23,-174,129
00> 29,-230,198
00> 131,-225,177
00> 100,-148,51
00> 126,-95,82
00> 67,-169,104
00> 108,-181,67
00> 57,-167,130
00> 104,-174,95
00> 205,-89,81
00> 278,-61,18
00> 221,-104,-40
00> 158,-117,-4
00> -16,-286,118
00> -56,-253,153
00> 113,-175,-15
00> 163,-207,-42
00> 148,-137,-14
00> 110,-121,0
00> 99,-158,42
00> 83,-206,13
00> 42,-175,-9
00> 26,-168,45
00> 111,-167,112
00> 159,-132,108
00> 221,-97,-328
00> 176,-118,-299
00> 23,-258,22
00> -88,-282,154
00> -22,-191,66
00> -6,-184,24
00> 116,-187,223
00> 129,-191,209
00> 70,-123,96
00> 89,-138,115
00> 21,-221,37
00> 15,-242,27
00> 109,-170,50
00> 138,-135,28
00> 197,-162,83
00> 209,-208,27
00> 102,-212,-88
00> 9,-248,-68
00> -36,-219,76
00> 13,-197,16
00> 130,-193,-21
00> 95,-235,-12
00> 3,-137,36
00> 18,-122,101
00> -10,-301,72
00> -15,-340,47
00> -2,-295,-17
00> 13,-239,-29
00> 72,-92,236
00> 147,-115,214
00> 180,-185,-41
00> 82,-183,-39
00> -14,-233,146
00> 66,-271,370
00> 188,-77,-26
00> 247,-80,-11
00> 134,-299,69
00> 69,-246,53
00> 89,-43,155
00> 53,-106,146
00> 19,-274,22
00> 7,-289,20
00> 74,-161,132
00> 55,-128,152
00> 140,-102,254
00> 106,-175,128
00> 39,-287,2
00> -10,-310,-12
00> -12,-177,151
00> -1,-144,112
00> 74,-167,42
00> 55,-213,25
00> -40,-190,75
00> -73,-223,144
00> 34,-243,91
00> 31,-246,98
00> 51,-162,108
00> 65,-163,89
00> 79,-167,211
00> 115,-165,178
00> 176,-136,-82
00> 170,-109,-35
00> 13,-221,30
00> 46,-181,72
00> 120,-133,-204
00> 205,-123,-222
00> 109,-177,114
00> 67,-199,44
00> 103,-257,56
00> 55,-303,15
00> 8,-202,5
00> 4,-191,55
00> 20,-200,153
00> 14,-223,170
00> 173,-204,-74
00> 131,-188,-86
00> 12,-235,10
00> -30,-240,105
00> 64,-158,84
00> 108,-127,84
00> 265,-183,20
00> 256,-210,9
00> 100,-176,70
00> 104,-157,63
00> 42,-237,-2
00> 64,-268,-35
00> 260,-356,-154
00> 280,-335,-130
00> 288,-153,-130
00> 292,-123,-124
00> 141,-127,-80
00> 45,-172,-45
00> -40,-265,137
00> -5,-296,92
00> 136,-78,166
00> 192,-11,146
00> 6,-113,199
00> 10,-116,172
00> -24,-180,62
00> 12,-184,38
00> -27,-216,186
00> -38,-199,278
00> 72,-110,245
00> 116,-139,140
00> 169,-166,-56
00> 117,-209,-65
00> -31,-195,171
00> -26,-205,104
00> 108,-196,78
00> 85,-224,57
00> 61,-163,145
00> 42,-150,202
00> 115,-146,62
00> 112,-130,38
00> 26,-165,102
00> 45,-170,178
00> 144,-151,142
00> 134,-147,78
00> 50,-150,72
00> 20,-193,70
00> 58,-185,118
00> 106,-156,46
00> 145,-155,51
00> 126,-179,49
00> 56,-283,198
00> 27,-153,254
00> 152,-115,-162
00> 127,-147,-142
00> 41,-272,-8
00> 26,-229,99
00> 144,-141,321
00> 105,-163,243
00> 47,-214,-47
00> -66,-244,-4
00> -69,-227,118
00> -66,-247,93
00> 63,-259,-6
00> 69,-208,-14
00> 69,-202,-46
00> 116,-179,-3
00> 90,-231,-47
00> 107,-225,-25
00> 39,-209,186
00> 89,-214,161
00> 163,-165,46
00> 125,-183,38
00> -59,-254,-29
00> -71,-288,53
00> 15,-241,67
00> 97,-224,13
00> 116,-194,-46
00> 190,-140,-39
00> 55,-109,68
00> 125,-118,118
00> 46,-209,126
00> 64,-218,85
00> 26,-189,217
00> 72,-117,148
00> 211,-88,26
00> 187,-105,1
00> -35,-225,31
00> -108,-263,56
00> -44,-224,152
00> -9,-241,109
00> 140,-185,80
00> 101,-146,134
00> 65,-139,75
00> 11,-131,157
00> 82,-216,18
00> 89,-229,-6
00> 113,-179,119
00> 127,-145,118
00> 182,-141,133
00> 205,-153,143
00> 119,-235,-14
00> 137,-245,24
00> 10,-188,174
00> 24,-141,124
00> 141,-165,18
00> 173,-208,17
00> 99,-155,19
00> 15,-119,17
00> 40,-189,69
00> 52,-207,52
00> 30,-159,205
00> 24,-110,146
00> 105,-132,53
00> 106,-129,132
00> 91,-175,-8
00> 164,-195,-54
00> -39,-282,52
00> -31,-264,111
00> 5,-226,21
00> 154,-210,-24
00> 199,-111,-45
00> 98,-105,-41
00> 37,-163,71
00> 121,-192,27
00> 175,-233,-6
00> 136,-236,-27
00> 66,-184,130
00> 95,-178,85
00> 198,-147,-94
00> 153,-131,-100
00> -40,-314,-72
00> -60,-337,20
00> -48,-147,102
00> 0,-108,112
00> 211,-207,52
00> 238,-214,50
00> 71,-88,189
00> 127,-96,194
00> 122,-199,90
00> 123,-205,56
00> 90,-224,57
00> 110,-179,74
00> 144,-162,67
00> 155,-239,126
00> 210,-161,-85
00> 76,-139,-60
00> 7,-123,271
00> -90,-157,269
00> 53,-189,165
00> 87,-190,148
00> 30,-227,28
00> 22,-218,63
00> -4,-257,32
00> -5,-304,-37
00> -1,-312,107
00> 16,-288,163
00> 87,-94,191
00> 141,-117,224
00> 122,11,32
00> 105,-1,78
00> -18,-325,207
00> -6,-303,205
00> 73,-113,12
00> 133,-131,0
00> 167,-142,62
00> 110,-153,68
00> 171,-191,46
00> 162,-253,9
00> 105,-250,42
00> 64,-243,93
00> 148,-160,241
00> 158,-141,208
00> 191,-83,-1
00> 240,-74,-43
00> 29,-242,24
00> 77,-229,65
00> 112,-156,-187
00> 176,-144,-162
00> 179,-81,-70
00> 172,-37,-192
00> 120,-90,-28
00> 77,-171,-55
00> 92,-206,13
00> 34,-184,48
00> 5,-145,137
00> 6,-161,167
00> 25,-284,80
00> 84,-229,94
00> -59,-114,168
00> -6,-108,192
00> 51,-197,34
00> 106,-210,20
00> 84,-144,18
00> 30,-177,78
00> 88,-302,97
00> 88,-275,61
00> 14,-194,7
00> 40,-200,51
00> 105,-199,172
00> 143,-180,79
00> 130,-107,-85
00> 173,-111,-133
00> -44,-225,214
00> -31,-189,283
00> 154,-176,101
00> 136,-204,134
00> 60,-213,28
00> 36,-201,52
00> 101,-225,73
00> 70,-219,38
00> -11,-164,10
00> 23,-196,22
00> 134,-194,149
00> 163,-148,58
00> 99,-123,2
00> -3,-209,-22
00> -74,-280,156
00> -58,-227,144
00> 90,-112,185
00> 53,-161,230
00> 131,-108,89
00> 82,-66,130
00> 132,-178,-25
00> 126,-170,31
00> 72,-192,188
00> 73,-179,215
00> 88,-171,180
00> 124,-197,74
00> 213,-153,-39
00> 128,-193,-25
00> 43,-152,117
00> 62,-126,92
00> 180,-219,11
00> 215,-233,40
00> 136,-158,49
00> 118,-128,164
00> 112,-200,81
00> 121,-201,64
00> 38,-178,105
00> 31,-162,134
00> 138,-240,171
00> 128,-248,88
00> 29,-215,-127
00> -62,-243,-77
00> 28,-269,-46
00> 47,-270,-68
00> 122,-186,-31
00> 163,-150,-28
00> 117,-123,23
00> 82,-140,94
00> 58,-256,-28
00> 94,-253,-11
00> 51,-159,130
00> 75,-116,152
00> 88,-153,57
00> 79,-172,55
00> -81,-184,41
00> -83,-180,134
00> 8,-274,36
00> 93,-218,27
00> 219,-86,50
00> 150,-130,35
00> 106,-153,148
00> 70,-184,118
00> 73,-215,-52
00> 70,-223,-46
00> 76,-130,43
00> 103,-105,51
00> 184,-189,-63
00> 106,-219,-50
00> -120,-296,110
00> -91,-262,214
00> 35,-83,105
00> 83,-90,86
00> 161,-216,-36
00> 92,-226,-27
00> 81,-185,45
00> 106,-171,56
00> 53,-202,-91
00> 9,-228,-98
00> 25,-254,31
00> 39,-248,41
00> 85,-120,128
00> 129,-104,53
00> 57,-211,149
00> 85,-123,-34
00> -40,-179,122
00> -32,-139,162
00> 101,-195,84
00> 99,-238,78
00> 98,-113,66
00> 89,-107,79
00> 88,-147,155
00> 44,-187,145
00> -33,-242,117
00> -53,-238,106
00> 107,-138,92
00> 123,-126,57
00> 79,-179,55
00> 135,-180,20
00> 73,-259,-41
00> 73,-232,-18
00> 11,-184,275
00> -1,-140,224
00> 223,-104,20
00> 164,-143,38
00> 66,-137,11
00> -60,-177,102
00> 10,-215,79
00> -6,-241,10
00> 59,-254,8
00> 40,-240,44
00> 22,-148,159
00> 7,-136,190
00> 141,-289,42
00> 121,-275,-52
00> 20,-230,-74
00> -75,-243,-19
00> 47,-163,82
00> 27,-160,8
00> 151,-247,-88
00> 230,-259,-76
00> 35,-175,9
00> 69,-142,-33
00> 60,-161,-66
00> 71,-177,-29
00> 25,-190,57
00> 17,-211,95
00> 80,-120,148
00> 186,-55,-38
00> 92,-102,-74
00> 39,-171,-24
00> -55,-231,207
00> -40,-211,151
00> 60,-239,7
00> 65,-227,26
00> 70,-152,-20
00> 90,-162,10
00> 178,-170,28
00> 133,-181,72
00> -20,-198,157
00> -1,-196,139
00> 110,-104,232
00> 170,-111,145
00> 127,-204,-53
00> 124,-224,-37
00> -29,-150,157
00> 9,-102,100
00> 142,-180,-21
00> 129,-211,-31
00> 88,-106,-15
00> 49,-105,63
00> 116,-147,42
00> 91,-177,70
00> 14,-245,51
00> 24,-230,48
00> 77,-136,175
00> 136,-112,118
00> 175,-141,19
00> 148,-142,25
00> 22,-195,123
00> 38,-190,59
00> 162,-152,52
00> 115,-163,85
00> 102,-145,32
00> 94,-168,63
00> 44,-275,140
00> 49,-340,250
00> 85,-262,89
00> 143,-263,101
00> 244,-29,241
00> 221,-5,239
00> 225,-253,-104
00> 202,-261,-58
00> -1,-216,218
00> -27,-176,242
00> 95,-178,13
00> 109,-207,1
00> 43,-218,152
00> -12,-198,179
00> 36,-258,154
00> 53,-275,62
00> 6,-278,88
00> 29,-273,35
00> 124,-229,122
00> 154,-214,122
00> 250,-133,30
00> 265,-119,37
00> 89,-208,250
00> 125,-194,338
00> 19,-192,-6
00> 87,-232,-44
00> 214,-272,-88
00> 95,-244,-20
00> 96,-203,-79
00> 102,-230,-101
00> 139,-127,-2
00> 92,-126,-17
00> 136,-177,85
00> 170,-171,41
00> 104,-160,-82
00> 117,-150,-81
00> -1,-239,31
00> 51,-280,32
00> 148,90,-79
00> 167,82,-109
00> 79,-206,42
00> -1,-250,48
00> -40,-166,61
00> -29,-152,-2
00> -72,-283,90
00> -29,-267,103
00> 20,-166,200
00> 63,-196,179
00> 70,-220,-6
00> 36,-225,-71
00> -13,-201,53
00> 27,-166,-5
00> 116,-188,90
00> 115,-195,52
00> 23,-171,83
00> 28,-150,116
00> 44,-226,61
00> 26,-229,-22
00> -70,-231,109
00> -110,-258,112
00> -7,-291,215
00> 70,-268,178
00> 84,-146,-111
00> 64,-169,-108
00> -73,-274,160
00> -25,-252,211
00> 15,-122,120
00> 71,-136,80
00> 50,-263,85
00> 39,-238,3
00> 48,-139,58
00> -3,-171,14
00> 37,-293,-20
00> 48,-263,35
00> 98,-86,85
00> 100,-62,154
00> 188,-210,7
00> 168,-185,-16
00> 20,-169,75
00> -84,-160,99
00> 40,-172,117
00> 25,-171,64
00> -17,-302,330
00> -68,-308,498
00> -88,-242,161
00> -95,-218,227
00> 149,-243,-62
00> 117,-223,-61
00> 154,-106,101
00> 168,-94,122
00> 213,-134,119
00> 237,-169,85
00> 194,-202,-51
00> 225,-171,-36
00> 75,-179,151
00> 97,-137,120
00> 108,-108,-31
00> 167,-124,20
00> 124,-146,47
00> 31,-134,9
00> -14,-133,5
00> -55,-152,15
00> 96,-212,64
00> 86,-219,95
00> 65,-142,112
00> 86,-153,111
00> 143,-239,-88
00> 133,-199,-81
00> -84,-241,17
00> -80,-250,96
00> 52,-250,-89
00> 105,-183,-76
00> 223,-93,-16
00> 143,-131,-12
00> 59,-199,56
00> 70,-212,0
00> 123,-124,-38
00> 73,-127,-16
00> 182,46,369
00> 202,49,391
00> 205,-171,-121
00> 209,-264,-118
00> -20,-236,71
00> -46,-230,77
00> 125,-260,-8
00> 131,-250,-13
00> 177,-131,-21
00> 101,-134,-8
00> 81,-245,28
00> 54,-268,-2
00> 37,-203,-11
00> 11,-187,50
00> 18,-156,135
00> 65,-166,135
00> 94,-213,3
00> 134,-196,-80
00> -52,-214,6
00> -21,-195,48
00> 85,-157,77
00> 138,-153,73
00> 193,-100,42
00> 113,-98,77
00> 152,-177,136
00> 135,-198,182
00> 16,-153,49
00> -26,-190,86
00> 77,-175,75
00> 69,-140,117
00> 175,-217,-92