00> 125,-137,145
00> 182,-193,135
00> 156,-113,172
00> 202,-73,145
00> 30,-159,230
00> 25,-200,232
00> 45,-272,-132
00> 39,-307,-88
00> 140,-84,0
00> -21,-39,106
00> 176,-226,132
00> 146,-301,-14
00> 107,-130,-162
00> 112,-98,-163
00> 90,-164,-16
00> 80,-208,94
00> 116,-158,5
00> 91,-123,25
00> 9,-195,79
00> 43,-187,197
00> 107,-165,-170
00> 152,-155,-142
00> 115,-159,-58
00> 180,-98,-97
00> 65,-158,99
00> 116,-195,24
00> 72,-251,-91
00> 60,-249,-59
00> 102,-113,-33
00> 77,-114,87
00> 228,-258,-18
00> 138,-228,55
00> -23,-173,14
00> -89,-247,160
00> 28,-302,10
00> 2,-291,-77
00> 26,-209,-81
00> 75,-206,-27
00> 131,-151,36
00> 158,-107,164
00> 82,-156,-17
00> 121,-184,-60
00> 86,-253,-141
00> 101,-192,-87
00> 71,-139,197
00> 133,-180,168
00> 138,-118,45
00> 109,-139,-71
00> -8,-282,228
00> -12,-220,248
00> 0,-104,26
00> 70,-126,-47
00> 175,-255,6
00> 182,-179,27
00> 96,-117,271
00> 74,-188,278
00> 96,-109,72
00> 84,-90,73
00> 98,-272,60
00> 113,-232,64
00> 133,-134,268
00> 226,-159,119
00> 53,-222,113
00> 95,-239,114
00> -22,-230,255
00> 21,-223,66
00> 79,-182,-41
00> 72,-259,70
00> 125,-162,61
00> 43,-107,139
00> 164,-126,260
00> 38,-135,273
00> 141,-178,30
00> 149,-269,66
00> 112,-121,133
00> 64,-110,178
00> 118,-344,42
00> 109,-223,35
00> -62,-291,92
00> 1,-293,220
00> 92,-146,-213
00> 168,-107,-224
00> 185,-201,-109
00> 255,-196,-39
00> 90,-118,94
00> 153,-134,159
00> 177,-124,-86
00> 207,-89,-127
00> -92,-177,-90
00> -31,-207,-18
00> 162,-162,75
00> 152,-67,40
00> 87,-87,-128
00> -23,-199,-137
00> 28,-172,-308
00> 17,-265,-322
00> 178,-276,-119
00> 196,-201,46
00> 102,-185,578
00> -38,80,785
00> 154,-55,187
00> 213,-231,32
00> 138,-293,-171
00> 37,-127,-139
00> 217,-218,157
00> 198,-326,139
00> 100,-6,30
00> 118,-27,-66
00> 175,-162,16
00> 102,-124,-102
00> 192,-263,-177
00> 87,-243,-56
00> 91,-136,-39
00> -11,-247,34
00> 58,-167,164
00> 0,-104,103
00> 145,-292,-44
00> 141,-267,-67
00> 57,-166,192
00> 130,-142,336
00> 123,-206,247
00> 171,-206,180
00> -23,-194,285
00> 11,-159,94
00> 177,-209,14
00> 186,-225,4
00> 97,-122,69
00> 86,-77,152
00> 148,-240,303
00> 173,-269,184
00> 152,-174,-62
00> 89,-257,-64
00> 114,-138,39
00> 149,-73,82
00> 155,-138,224
00> 197,-124,101
00> 47,-179,116
00> 146,-357,61
00> 99,188,-31
00> 99,111,107
00> 148,-184,10
00> 62,-308,293
00> 166,-55,92
00> -1,-112,120
00> 176,-588,18
00> 44,-472,-30
00> 87,-181,65
00> 111,-265,239
00> 20,-127,32
00> 68,-110,-40
00> -37,-209,4
00> 84,-400,-22
00> -22,-12,-254
00> 37,-89,-219
00> 147,-250,-121
00> 16,-140,-5
00> 99,-259,42
00> 71,-334,83
00> 185,-398,-106
00> 156,-284,-167
00> 45,-90,-121
00> 69,-219,-7
00> 131,-242,-25
00> 140,-335,-23
00> 21,-212,-77
00> -15,-210,-6
00> 111,-105,-96
00> 87,131,-195
00> 300,-276,-18
00> 301,-325,-69
00> 136,49,121
00> 120,-41,97
00> 31,-288,42
00> 31,-212,-17
00> 19,-299,-68
00> 81,-276,-93
00> 146,-221,211
00> 274,-299,182
00> 298,-146,142
00> 340,-94,132
00> 206,-209,46
00> 180,-181,-15
00> 94,-296,-151
00> 50,-284,-82
00> -21,-80,60
00> 48,-206,239
00> 93,-247,62
00> 102,-131,24
00> 82,-77,-72
00> 118,-138,-61
00> 136,-216,83
00> 174,-237,78
00> 122,-60,108
00> 90,-33,23
00> 60,-267,177
00> 62,-216,75
00> 106,-119,58
00> 111,-138,81
00> 59,-153,2
00> 19,-132,71
00> 6,-351,-57
00> 10,-282,-74
00> 111,-155,-209
00> 83,-146,-136
00> 127,-238,152
00> 151,-243,177
00> 97,-78,127
00> 69,-161,179
00> -20,-105,-91
00> 11,-7,-196
00> 212,-378,-189
00> 218,-371,-136
00> 63,-7,9
00> 42,-124,177
00> 74,-84,19
00> 48,13,-30
00> 44,-367,-101
00> 38,-335,-82
00> 174,-261,-23
00> 143,-268,-54
00> 97,-122,-32
00> -31,-194,74
00> 127,-213,15
00> 111,-119,-91
00> 140,-208,8
00> 86,-271,103
00> 48,-93,105
00> 86,-122,242
00> 20,-335,-25
00> 81,-304,-37
00> -5,-92,-84
00> -31,-72,7
00> 96,-193,-72
00> 83,-300,-69
00> 124,-262,76
00> 58,-230,25
00> 16,-78,60
00> 52,-69,-55
00> 188,-258,-160
00> 182,-232,-131
00> 19,-128,126
00> 64,-131,219
00> 39,-182,79
00> 25,-162,-31
00> 1,-367,44
00> 29,-405,60
00> 60,31,168
00> 136,17,150
00> 110,-250,44
00> 80,-204,29
00> 31,-164,247
00> 31,-133,218
00> 181,-123,-155
00> 114,-127,-109
00> -141,-407,72
00> -197,-420,184
00> 116,-123,102
00> 85,-163,38
00> 89,-269,-123
00> 82,-232,-145
00> 105,-213,164
00> 133,-215,136
00> 47,-190,170
00> 79,-197,170
00> 10,-256,272
00> 29,-247,163
00> 53,-185,-12
00> 124,-189,-62
00> 261,-120,-23
00> 94,-98,21
00> 168,-144,192
00> 111,-150,106
00> 203,-166,-92
00> 110,-183,-7
00> 171,-17,281
00> 135,27,431
00> 142,51,133
00> 178,-91,133
00> 129,-530,264
00> 100,-461,133
00> 95,-133,-85
00> 162,-102,-124
00> 129,-148,-63
00> -17,-121,-72
00> 126,-203,172
00> 92,-197,103
00> 102,-284,-135
00> -29,-319,-80
00> 134,33,-66
00> 164,-54,-78
00> 209,-189,34
00> 144,-114,-47
00> -16,11,-39
00> -29,-42,-176
00> 162,-493,-186
00> 70,-447,-106
00> 61,-77,-7
00> 54,-107,55
00> 3,-155,401
00> -65,-62,280
00> -79,-452,-10
00> 56,-384,-8
00> 310,-127,138
00> 349,-71,107
00> 43,-52,215
00> 127,-63,249
00> 210,-240,-128
00> 295,-179,-178
00> 263,-170,-200
00> 223,-186,-227
00> 118,-181,100
00> 123,-247,80
00> 98,-160,-83
00> 94,-136,-201
00> 140,-310,-125
00> 164,-246,-57
00> 186,-115,-45
00> 159,-150,-46
00> -6,-236,281
00> 24,-278,304
00> 112,-150,-94
00> 117,-93,-40
00> 65,-165,80
00> 18,-255,136
00> 81,-256,269
00> 59,-161,121
00> 21,-142,-90
00> 39,-249,-97
00> 61,-260,144
00> 87,-207,188
00> 35,-268,251
00> -34,-249,315
00> 100,-177,348
00> 104,-142,154
00> 246,-253,176
00> 187,-207,308
00> 38,-43,79
00> 75,-117,192
00> 141,-242,8
00> 127,-177,-36
00> 139,-122,-98
00> 110,-170,19
00> 171,-202,320
00> 122,-197,264
00> 149,-103,43
00> 88,-202,53
00> 47,-196,-9
00> 33,-144,-145
00> 198,-208,-63
00> 225,-202,-15
00> 79,75,288
00> 119,-39,276
00> 132,-266,-35
00> 205,-216,-81
00> 167,-73,-45
00> 279,-139,-126
00> 331,-136,-101
00> 196,-32,-4
00> 68,-150,197
00> -8,-254,207
00> 15,-90,-13
00> -21,-78,-92
00> 23,-273,-20
00> 100,-212,-30
00> -51,-152,181
00> 11,-151,183
00> 76,-247,-106
00> 139,-252,-143
00> 291,-102,-271
00> 343,-100,-298
00> 192,-470,-80
00> 138,-344,53
00> -122,-110,301
00> -72,-175,330
00> 89,-205,-303
00> 85,-201,-244
00> 174,-137,-189
00> 188,-144,-100
00> 100,-205,141
00> 61,-146,170
00> 52,-223,-44
00> 94,-277,-22
00> -60,-119,40
00> -45,-140,186
00> 127,-279,34
00> 104,-138,40
00> -107,-254,3
00> -140,-264,104
00> -46,-264,-38
00> 14,-242,-67
00> 55,-193,39
00> 95,-181,33
00> -92,-279,284
00> -82,-290,322
00> 31,-216,-3
00> -9,-212,-97
00> -42,-249,-45
00> 3,-258,-12
00> 68,-169,272
00> 117,-160,270
00> 100,-138,87
00> 18,-186,130
00> -2,-209,122
00> 17,-177,26
00> 64,-210,7
00> 98,-230,-4
00> 45,-145,132
00> -32,-178,251
00> 165,-208,205
00> 194,-172,194
00> 157,-83,-15
00> 132,-97,64
00> 143,-115,216
00> 141,-98,296
00> 151,-131,181
00> 59,-152,236
00> -5,-197,99
00> 34,-144,201
00> 126,-129,-167
00> 116,-81,-146
00> 195,-253,13
00> 226,-223,13
00> 60,-84,259
00> 88,-89,249
00> 127,-199,173
00> 121,-187,118
00> 92,-118,146
00> 110,-104,169
00> 175,-185,286
00> 166,-231,256
00> 147,-156,80
00> 106,-158,91
00> 111,-139,221
00> 97,-133,98
00> 119,-114,-88
00> 109,-168,-41
00> 198,-202,9
00> 74,-139,87
00> 92,-119,17
00> 70,-193,1
00> 127,-147,-77
00> 77,-90,-35
00> 107,-165,127
00> 190,-201,121
00> 139,-108,128
00> 159,-65,206
00> 105,-165,150
00> 107,-157,58
00> -9,-261,4
00> 21,-312,45
00> 66,-152,-104
00> -17,-107,-96
00> 91,-217,98
00> 96,-218,20
00> 264,-14,-184
00> 252,52,-232
00> 189,-359,70
00> 265,-413,56
00> 208,3,5
00> 210,36,-37
00> -5,-304,141
00> 38,-343,134
00> 176,20,-124
00> 173,56,-95
00> 168,-202,-139
00> 35,-155,-82
00> 78,-213,70
00> 71,-285,53
00> 97,-80,-21
00> 55,-132,-76
00> 61,-224,3
00> 50,-186,13
00> 142,-222,64
00> 126,-192,14
00> -144,-324,179
00> -53,-410,195
00> 16,-189,-66
00> 140,-151,-92
00> 248,-150,-2
00> 156,-93,56
00> 109,-227,251
00> 105,-301,229
00> 110,-161,-33
00> 98,-140,-93
00> 19,-95,183
00> 96,-104,150
00> 214,-239,188
00> 199,-151,61
00> -9,-157,-38
00> -3,-222,-11
00> 41,-162,19
00> 109,-192,-76
00> 152,-252,158
00> 217,-204,116
00> 45,-226,253
00> 79,-206,268
00> 135,-131,28
00> 136,-178,30
00> 49,-228,25
00> 36,-230,162
00> 120,-234,193
00> 91,-147,166
00> 40,-257,115
00> -37,-352,229
00> 74,-134,-122
00> 85,-150,-86
00> 211,-240,77
00> 206,-164,90
00> 19,-56,450
00> 108,-192,305
00> 115,-176,-130
00> 102,-24,-169
00> 74,-329,-34
00> 120,-346,90
00> 28,-29,93
00> 1,-36,181
00> -26,-192,200
00> 70,-229,247
00> 87,-64,-148
00> 125,-66,-148
00> 226,-278,-196
00> 174,-215,-225
00> 46,-97,85
00> 43,-216,-11
00> 168,-202,-178
00> 93,-247,-101
00> 141,-53,202
00> 191,-73,308
00> 167,-238,-12
00> 99,-189,-23
00> 67,-145,-64
00> 51,-146,-89
00> 176,-245,-233
00> 204,-256,-207
00> 28,-107,-35
00> 15,-115,66
00> 38,-297,164
00> 28,-290,56
00> 78,-129,-178
00> 73,-198,-197
00> 72,-204,63
00> 114,-146,53
00> 94,-176,89
00> 50,-236,64
00> -95,-115,57
00> -62,-101,-51
00> 119,-303,-74
00> 98,-316,-114
00> -87,-175,42
00> -33,-159,136
00> 116,-282,387
00> 89,-198,452
00> 117,-189,-32
00> 106,-183,29
00> 170,-158,96
00> 236,-114,106
00> 91,-79,12
00> 114,-137,97
00> 82,-172,261
00> 70,-98,170
00> 158,-187,36
00> 88,-346,130
00> -135,-257,166
00> -86,-231,244
00> 90,-166,130
00> 76,-172,75
00> 209,-162,-35
00> 143,-139,-29
00> 152,-124,274
00> 183,-187,362
00> 71,-95,131
00> 53,-97,155
00> -29,-340,239
00> -16,-265,224
00> -104,-397,76
00> -44,-465,152
00> -5,-88,-73
00> -47,-51,52
00> 119,-309,234
00> 126,-309,91
00> 102,18,17
00> 51,-3,-4
00> 149,-142,96
00> 189,-91,157
00> 195,-166,-144
00> 158,-201,-114
00> 130,-226,73
00> 22,-181,139
00> 0,-301,-160
00> -3,-291,-135
00> 73,-182,0
00> -4,-207,10
00> 108,-187,46
00> 65,-203,1
00> 156,-174,-226
00> 104,-205,-193
00> -8,-385,-38
00> 25,-307,-74
00> 50,-222,-29
00> 75,-299,-77
00> 19,-175,187
00> 30,-170,246
00> 133,-151,-125
00> 189,-156,-121
00> 100,-189,-23
00> -8,-136,23
00> 0,-292,214
00> 4,-369,90
00> 63,-120,45
00> 69,-88,41
00> 88,-176,-40
00> 112,-237,-28
00> 101,-188,99
00> 68,-184,75
00> -35,-264,106
00> -152,-296,197
00> 22,-173,-21
00> 69,-120,-83
00> 134,-175,-108
00> 150,-162,-86
00> 24,-187,152
00> 92,-213,127
00> 64,-158,128
00> 124,-131,102
00> 105,-144,45
00> 122,-127,81
00> 182,-47,330
00> 212,-94,304
00> 49,-186,69
00> 63,-241,8
00> 1,-194,226
00> 54,-209,230
00> 245,-129,-205
00> 299,-136,-172
00> 131,-110,-41
00> 18,-131,33
00> -12,-292,161
00> -61,-259,61
00> 136,-63,-101
00> 144,-69,-149
00> 123,-204,-85
00> 90,-229,57
00> 141,-140,118
00> 140,-102,73
00> 20,-340,147
00> -10,-334,201
00> 70,-130,-74
00> 62,-162,-144
00> 159,51,49
00> 174,57,55
00> 168,-250,157
00> 141,-316,71
00> 119,-75,16
00> 136,-76,-2
00> -21,-256,106
00> 35,-257,177
00> 138,-193,42
00> 115,-161,59
00> 56,-149,13
00> 3,-180,107
00> 64,-314,-106
00> 72,-272,-103
00> 41,-214,57
00> 148,-143,14
00> 111,-220,225
00> 149,-242,100
00> 94,-247,-87
00> 44,-262,-104
00> -28,-194,-57
00> 12,-200,53
00> 23,-254,40
00> 64,-241,58
00> -120,-134,184
00> -35,-136,332
00> 196,-242,-34
00> 289,-188,-62
00> 203,-190,-34
00> 54,-221,80
00> 96,-241,136
00> 55,-284,95
00> 67,-289,-89
00> 44,-303,-97
00> 95,-190,52
00> 128,-136,64
00> 98,-144,52
00> 131,-118,42
00> -66,-183,165
00> -3,-252,263
00> 149,-108,-153
00> 229,-79,-216
00> 272,-203,-52
00> 161,-166,-77
00> 145,-53,103
00> 138,-110,83
00> 127,-133,-46
00> 47,-173,-98
00> 38,-254,221
00> 31,-237,233
00> 51,-205,200
00> 63,-151,157
00> 39,-189,327
00> 126,-200,309
00> 65,-209,-52
00> 82,-148,-69
00> 152,-183,-40
00> 75,-213,39
00> 125,-88,185
00> 101,-112,82
00> 110,-279,41
00> 102,-261,8
00> 60,-126,180
00> 58,-162,215
00> 111,-153,112
00> 103,-103,100
00> -65,-242,211
00> 52,-169,248
00> 36,-76,-155
00> -16,-121,-91
00> 124,-374,92
00> 123,-326,1
00> 59,-145,355
00> 92,-207,245
00> 100,-150,-43
00> 147,-159,-78