00> 140,-97,72
00> 108,-179,-48
00> 125,-181,-68
00> 115,-184,-62
00> -64,-253,181
00> -23,-166,165
00> 18,-128,144
00> 78,-106,65
00> 56,-90,87
00> 87,-114,108
00> 107,-151,93
00> 135,-168,26
00> 45,-213,-17
00> -54,-135,38
00> -23,-161,19
00> 17,-208,4
00> 95,-277,31
00> 88,-221,11
00> 53,-184,0
00> 11,-71,27
00> 52,-78,79
00> 87,-115,124
00> 203,-171,150
00> 206,-171,108
00> 159,-202,58
00> 56,-297,93
00> 31,-289,64
00> -48,-285,39
00> -23,-139,161
00> 14,-112,94
00> 21,-153,43
00> 152,-183,-1
00> 131,-175,-40
00> 152,-156,-50
00> 117,-112,-34
00> 107,-105,28
00> 97,-120,108
00> 135,-179,145
00> 98,-218,108
00> 99,-203,43
00> -61,-259,-68
00> -78,-252,-62
00> -43,-236,2
00> 51,-204,42
00> 83,-194,85
00> 96,-178,98
00> 152,-172,45
00> 143,-159,55
00> 151,-156,58
00> 84,-198,0
00> 10,-206,47
00> 19,-166,115
00> 15,-131,58
00> 21,-181,40
00> 32,-173,51
00> 95,-171,80
00> 127,-142,34
00> 127,-129,-21
00> 79,-82,20
00> 131,-81,66
00> 169,-136,104
00> 139,-265,-11
00> 147,-215,-42
00> 72,-193,-51
00> 20,-140,73
00> 83,-160,135
00> 95,-158,151
00> 104,-138,172
00> 100,-111,110
00> 118,-105,24
00> 126,-227,-18
00> 120,-233,-26
00> 81,-201,13
00> 12,-57,197
00> 68,-55,176
00> 70,-86,174
00> 91,-121,66
00> 77,-177,49
00> 99,-207,37
00> 161,-236,44
00> 125,-217,-14
00> 132,-191,-38
00> 179,-120,124
00> 183,-136,126
00> 163,-153,81
00> 129,-112,-26
00> 84,-128,-24
00> 79,-163,-26
00> 167,-160,-28
00> 191,-135,30
00> 197,-121,104
00> 266,-133,144
00> 268,-172,27
00> 251,-195,-44
00> 220,-122,113
00> 181,-143,95
00> 120,-153,117
00> 152,-97,172
00> 148,-126,113
00> 129,-139,106
00> 201,-156,119
00> 197,-190,108
00> 238,-190,52
00> 125,-149,-62
00> 110,-90,8
00> 101,-91,42
00> 141,-190,-26
00> 113,-200,-24
00> 107,-204,-54
00> 68,-171,-74
00> 60,-151,-42
00> 67,-156,3
00> 112,-200,81
00> 143,-198,52
00> 178,-160,9
00> 106,-139,-113
00> 115,-137,-23
00> 97,-163,-34
00> 18,-165,31
00> 32,-153,32
00> 33,-191,0
00> 36,-223,-41
00> 90,-228,-52
00> 122,-221,-66
00> 152,-204,-84
00> 105,-159,-60
00> 102,-154,47
00> 102,-109,105
00> 118,-118,36
00> 134,-158,5
00> 70,-139,-99
00> 31,-124,-35
00> 14,-91,84
00> 46,-143,266
00> 121,-178,293
00> 141,-240,309
00> 216,-90,5
00> 179,-50,-72
00> 100,-51,-62
00> -87,-79,47
00> -84,-113,89
00> -55,-140,47
00> -13,-205,-4
00> 12,-199,-18
00> 45,-184,-33
00> 30,-162,-38
00> 12,-147,-35
00> 40,-84,-27
00> 64,-19,-27
00> -49,-128,-34
00> -61,-194,1
00> -26,-295,90
00> -40,-310,94
00> -57,-318,140
00> 115,-179,116
00> 85,-147,126
00> 118,-112,110
00> 34,-129,81
00> 31,-165,33
00> 64,-185,-5
00> -50,-182,2
00> -73,-177,10
00> -66,-157,19
00> 65,-233,-59
00> 118,-269,-45
00> 133,-282,-18
00> 137,-208,-74
00> 56,-198,-68
00> 39,-169,-32
00> 100,-129,86
00> 99,-178,91
00> 90,-215,49
00> 55,-185,-37
00> -2,-199,-21
00> -11,-194,-11
00> 12,-168,38
00> 13,-170,64
00> 8,-184,111
00> 54,-263,147
00> 86,-207,71
00> 76,-148,38
00> 37,-85,-73
00> -22,-135,-46
00> -42,-151,-15
00> 3,-184,0
00> -15,-208,10
00> -4,-208,13
00> 86,-247,11
00> 142,-233,-44
00> 178,-200,-96
00> 30,-129,10
00> 72,-82,72
00> 105,-99,122
00> 103,-200,63
00> 103,-205,-1
00> 73,-230,-11
00> 70,-133,146
00> 51,-54,152
00> 9,-25,180
00> -7,-77,322
00> 3,-158,305
00> 52,-186,268
00> 83,-283,-8
00> 67,-290,-33
00> 117,-276,-47
00> -3,-285,142
00> 20,-246,210
00> 31,-174,223
00> 74,-157,94
00> 107,-152,123
00> 152,-153,131
00> 222,-143,74
00> 156,-163,26
00> 122,-167,28
00> 141,-112,183
00> 186,-121,133
00> 170,-137,121
00> 176,-188,109
00> 160,-201,67
00> 161,-192,69
00> 154,-132,101
00> 186,-111,74
00> 197,-141,66
00> 155,-157,79
00> 170,-143,40
00> 120,-169,10
00> 134,-162,-21
00> 95,-177,-20
00> 12,-203,2
00> 50,-95,114
00> 55,-76,41
00> 43,-114,38
00> 84,-142,16
00> 119,-155,14
00> 110,-190,25
00> 62,-218,-19
00> 88,-143,55
00> 80,-83,140
00> 112,-174,73
00> 141,-202,-1
00> 157,-222,-85
00> 119,-224,-122
00> 104,-192,-112
00> 109,-164,-100
00> 143,-192,-14
00> 149,-208,21
00> 153,-210,34
00> 124,-136,-10
00> 145,-95,-81
00> 134,-90,-87
00> -20,-181,33
00> -9,-186,140
00> -16,-184,164
00> 22,-202,86
00> 88,-183,72
00> 111,-161,63
00> 154,-99,64
00> 100,-102,23
00> 45,-79,23
00> 98,-131,35
00> 135,-176,17
00> 127,-217,7
00> 88,-208,-104
00> 63,-190,-30
00> 29,-150,-3
00> 93,-93,101
00> 111,-79,144
00> 80,-144,191
00> -54,-479,111
00> -126,-699,-15
00> -87,-784,-204
00> -22,-424,-125
00> -48,-217,25
00> -11,-29,141
00> 169,148,126
00> 208,121,115
00> 228,68,66
00> 296,-100,102
00> 249,-129,92
00> 198,-131,49
00> 206,-120,98
00> 221,-111,94
00> 218,-114,60
00> 96,-145,-26
00> 103,-109,-53
00> 36,-127,-40
00> 4,-142,38
00> 34,-132,64
00> 63,-159,96
00> 107,-227,100
00> 139,-202,47
00> 103,-198,22
00> 58,-103,38
00> 39,-83,39
00> -35,-125,82
00> -208,-257,227
00> -163,-227,107
00> -148,-234,-5
00> 60,-242,19
00> 91,-247,24
00> 151,-217,-15
00> 10,-187,-31
00> 10,-185,15
00> -22,-176,35
00> 52,-198,68
00> 44,-189,93
00> 81,-172,74
00> 0,-211,-58
00> -28,-232,2
00> -8,-244,34
00> 32,-169,45
00> 44,-146,79
00> 27,-156,83
00> 102,-191,53
00> 49,-212,55
00> 25,-242,25
00> 25,-232,7
00> -17,-211,57
00> 30,-199,102
00> 4,-178,110
00> -1,-207,95
00> 55,-181,53
00> 124,-244,2
00> 110,-260,-22
00> 51,-217,-55
00> 75,-133,-22
00> 78,-115,-9
00> 109,-108,40
00> 109,-144,46
00> 84,-121,71
00> 53,-112,116
00> 103,-92,42
00> 126,-82,13
00> 140,-127,34
00> 127,-171,119
00> 134,-174,124
00> 160,-195,122
00> 150,-129,124
00> 163,-131,100
00> 159,-154,77
00> 37,-136,128
00> 57,-129,149
00> 67,-130,100
00> 133,-146,98
00> 180,-158,67
00> 184,-148,19
00> 236,-93,-110
00> 125,-98,-151
00> 118,-103,-108
00> 147,-152,98
00> 141,-214,122
00> 117,-223,117
00> 71,-171,-23
00> 57,-165,-5
00> 83,-145,23
00> 163,-108,60
00> 186,-63,73
00> 190,-32,110
00> 135,-88,99
00> 165,-129,64
00> 143,-166,79
00> 165,-180,47
00> 167,-179,19
00> 79,-216,4
00> 37,-204,75
00> 69,-215,20
00> 70,-238,-21
00> 169,-240,-49
00> 154,-223,-59
00> 192,-188,-85
00> 108,-210,-108
00> 66,-206,-40
00> 89,-188,30
00> 137,-145,-24
00> 155,-134,-96
00> 170,-149,-137
00> 86,-158,-37
00> 38,-170,26
00> 2,-148,103
00> 99,-241,193
00> 167,-220,186
00> 226,-165,125
00> 232,-44,-3
00> 249,-28,-19
00> 206,-49,-27
00> -24,-136,122
00> -44,-215,205
00> -42,-243,184
00> 227,-48,23
00> 269,5,87
00> 268,43,139
00> 309,-6,118
00> 258,-19,94
00> 203,-47,115
00> 101,-77,144
00> 97,-117,101
00> 99,-162,73
00> 71,-302,-37
00> 14,-288,-34
00> 5,-229,-12
00> -19,-136,94
00> 33,-143,94
00> 80,-179,94
00> 119,-212,-9
00> 82,-238,-50
00> 42,-223,-12
00> -88,-203,37
00> -74,-189,65
00> -44,-164,64
00> -25,-212,-37
00> 35,-214,-17
00> 39,-241,-17
00> -16,-216,-85
00> -50,-184,-50
00> -47,-179,37
00> 49,-198,142
00> 62,-234,124
00> 50,-254,62
00> 25,-203,-20
00> -24,-204,12
00> -69,-205,40
00> -7,-232,146
00> 9,-230,205
00> -28,-243,188
00> 40,-205,31
00> 38,-193,31
00> 60,-175,-7
00> 120,-53,-124
00> 97,-22,-85
00> 144,-8,-51
00> 112,-174,43
00> 99,-227,52
00> 88,-220,35
00> 165,-152,-70
00> 126,-178,-78
00> 70,-171,-70
00> 85,-151,54
00> 106,-165,131
00> 79,-173,152
00> 54,-217,28
00> 41,-216,-45
00> 24,-223,-47
00> -25,-217,245
00> 17,-140,172
00> 88,-94,141
00> 279,-32,396
00> 322,28,480
00> 310,33,420
00> 152,-90,133
00> 139,-136,125
00> 76,-198,124
00> 53,-216,111
00> 66,-196,100
00> 93,-197,61
00> 140,-224,13
00> 133,-230,13
00> 179,-203,-16
00> 120,-150,4
00> 87,-158,72
00> 132,-166,83
00> 172,-265,74
00> 179,-272,77
00> 165,-270,38
00> 67,-171,38
00> 70,-148,68
00> 2,-195,126
00> 113,-170,129
00> 118,-146,144
00> 120,-134,159
00> 184,-148,-63
00> 168,-158,-79
00> 203,-202,-94
00> 129,-244,-91
00> 38,-206,-3
00> 110,-144,64
00> 107,-157,-6
00> 133,-190,-48
00> 204,-184,-76
00> 253,-161,-65
00> 187,-175,-118
00> 117,-162,-93
00> 170,-154,72
00> 200,-207,-3
00> 202,-238,-45
00> 230,-236,-106
00> 209,-241,-142
00> 186,-194,-192
00> 115,-152,-44
00> 132,-132,-28
00> 139,-132,-9
00> 109,-152,121
00> 99,-132,115
00> 13,-152,111
00> -130,-172,92
00> -193,-188,-18
00> -197,-188,-96
00> -54,-186,17
00> -31,-203,13
00> 11,-238,-6
00> 103,-214,-69
00> 75,-187,-54
00> 130,-174,-101
00> 9,-179,95
00> 28,-191,161
00> 47,-195,143
00> 84,-232,83
00> 94,-184,-3
00> 126,-140,-96
00> 50,-123,-107
00> 4,-97,-27
00> 19,-44,63
00> 10,-93,246
00> 45,-187,237
00> 47,-278,187
00> 114,-213,-34
00> 54,-166,8
00> 30,-161,4
00> -125,-87,129
00> -143,-81,152
00> -148,-88,111
00> -56,-203,28
00> -25,-235,53
00> -74,-231,73
00> -67,-175,54
00> -11,-150,153
00> 26,-142,169
00> 70,-167,-47
00> 77,-185,-85
00> 56,-220,-115
00> 80,-257,-154
00> 42,-249,-122
00> 21,-238,-53
00> 48,-198,55
00> 75,-183,150
00> 48,-166,174
00> 117,-146,17
00> 73,-171,-21
00> 49,-191,-1
00> 98,-191,-21
00> -4,-210,-9
00> -54,-186,66
00> -47,-156,133
00> -47,-176,67
00> -31,-186,60
00> 8,-205,54
00> 97,-169,-10
00> 69,-157,-50
00> 12,-170,53
00> 25,-190,101
00> 55,-221,114
00> 49,-213,10
00> 29,-195,-52
00> 8,-183,-46
00> -49,-193,13
00> -25,-196,34
00> -12,-203,26
00> 36,-180,79
00> 38,-175,77
00> 66,-164,77
00> 96,-160,42
00> 108,-160,24
00> 70,-177,10
00> 70,-182,-15
00> 42,-201,-5
00> -46,-224,45
00> -32,-190,70
00> -8,-180,49
00> 0,-197,39
00> 106,-225,-36
00> 122,-205,-32
00> 127,-193,-24
00> 82,-102,44
00> 101,-112,94
00> 114,-141,141
00> 97,-206,111
00> 77,-216,57
00> 28,-267,59
00> -44,-200,106
00> -14,-140,83
00> 94,-106,68
00> 151,-114,63
00> 143,-113,55
00> 109,-147,50
00> 101,-216,27
00> 110,-237,8
00> 145,-212,1
00> 141,-132,83
00> 150,-120,127
00> 170,-109,126
00> -11,-133,202
00> 20,-128,258
00> 20,-134,196
00> 45,-222,-7
00> 124,-208,-12
00> 172,-217,22
00> 214,-177,22
00> 164,-140,2
00> 142,-126,50
00> 128,-138,115
00> 147,-185,71
00> 171,-173,34
00> 125,-182,-28
00> 106,-182,-25
00> 106,-176,-49
00> 124,-157,53
00> 146,-134,86
00> 158,-137,69
00> 136,-115,81
00> 139,-132,66
00> 151,-163,48
00> 193,-182,-74
00> 209,-196,-118
00> 229,-174,-93
00> 35,-199,-39
00> 83,-152,31
00> 78,-142,33
00> 104,-153,-25
00> 172,-161,-16
00> 229,-156,-45
00> 241,-171,-123
00> 173,-159,-156
00> 159,-154,-136
00> 172,-184,-64
00> 158,-223,-115
00> 198,-218,-177
00> 222,-174,-236
00> 197,-159,-245
00> 160,-161,-245
00> 132,-122,-152
00> 130,-129,-55
00> 108,-127,62
00> 192,-86,42
00> 201,-116,-23
00> 150,-156,-49
00> 138,-169,-33
00> 82,-172,-29
00> -29,-195,28
00> -34,-122,243
00> -16,-154,181
00> 25,-162,113
00> 93,-153,90
00> 85,-145,98
00> 130,-171,105
00> 62,-120,30
00> 71,-114,90
00> 108,-114,125
00> 86,-154,186
00> 65,-163,172
00> 105,-159,154
00> 57,-184,76
00> 70,-146,44
00> 66,-114,47
00> 86,-156,249
00> 130,-176,237
00> 153,-196,221
00> 165,-217,80
00> 134,-232,66
00> 44,-276,21
00> -83,-230,117
00> -60,-189,157
00> 7,-152,115
00> 59,-155,21
00> 97,-156,0
00> 94,-168,20
00> 9,-242,1
00> 12,-239,46
00> 20,-224,111
00> 95,-210,83
00> 101,-219,61
00> 86,-178,20
00> 19,-181,33
00> -27,-204,72
00> -48,-195,80
00> 11,-171,175
00> 26,-166,217
00> 21,-175,248
00> 84,-170,139
00> 70,-145,119
00> 53,-127,76
00> -33,-211,77
00> -61,-201,139
00> -40,-194,179
00> 11,-182,61
00> 15,-195,34
00> 77,-199,43
00> 86,-214,36
00> 5,-197,4
00> -41,-160,3
00> 40,-180,148
00> 55,-210,166
00> 41,-227,147
00> 52,-211,-62
00> 9,-209,-61
00> -17,-207,-68
00> 45,-178,-96
00> 105,-175,-49
00> 119,-169,-7
00> 100,-192,138
00> 85,-220,117
00> 20,-259,70
00> 23,-203,-45
00> 11,-169,-68
00> -34,-150,-46
00> 11,-125,169
00> 30,-144,193
00> -2,-222,162
00> 130,-140,35
00> 188,-90,-2
00> 176,-117,2
00> 118,-148,129
00> 128,-140,203
00> 95,-147,267
00> 76,-186,113
00> 59,-188,77
00> 32,-168,61
00> 42,-157,117
00> 75,-148,121
00> 92,-123,124
00> 134,-111,179
00> 119,-140,135
00> 162,-171,85
00> 174,-186,-29
00> 195,-211,-84
00> 211,-175,-137
00> -1,-127,57
00> 54,-97,85
00> 76,-80,70
00> 94,-85,7
00> 162,-103,13
00> 151,-140,37
00> 177,-176,-16
00> 170,-144,11
00> 182,-110,91
00> 263,-165,127
00> 218,-186,121
00> 208,-233,123
00> 167,-172,-58
00> 138,-176,-28
00> 142,-153,27
00> 143,-143,63
00> 156,-174,84
00> 161,-183,86
00> 194,-164,37
00> 193,-151,-24
00> 253,-137,-89
00> 197,-95,-64
00> 134,-104,-22
00> 115,-101,113
00> 166,-175,85
00> 147,-194,65
00> 132,-190,43
00> 196,-180,66
00> 194,-208,18
00> 115,-208,-32
00> 175,-146,78
00> 156,-152,59
00> 123,-176,16
00> 148,-200,-84
00> 106,-196,-111
00> 78,-185,-101
00> 108,-105,20
00> 126,-120,58
00> 120,-127,109
00> 86,-196,243
00> 23,-237,299
00> 68,-240,206
00> 27,-149,-23
00> -54,-122,-101
00> -38,-62,47
00> 45,-98,17
00> 49,-148,47
00> 45,-177,132
00> 44,-230,291
00> 98,-228,270
00> 18,-253,155
00> 95,-108,54
00> 119,-113,-38
00> 97,-135,-95
00> 103,-177,-115
00> 45,-180,-83
00> 3,-190,-25
00> -14,-129,124
00> 1,-152,147
00> -15,-209,180
00> 21,-275,138
00> 8,-293,123
00> 39,-263,109
00> -19,-206,-20
00> -105,-208,32
00> -135,-152,98
00> -9,-146,17
00> -1,-186,27
00> 81,-196,12
00> 160,-188,-45
00> 121,-165,-10
00> 37,-105,3
00> 52,-105,91
00> 75,-157,97
00> 71,-195,72
00> 43,-244,-71
00> 33,-239,-48
00> 9,-216,-16
00> 59,-126,33
00> 58,-133,60
00> 73,-126,87
00> 49,-228,175
00> 47,-257,145
00> 55,-280,40
00> 78,-218,-86
00> -40,-199,-89
00> -148,-176,-38
00> -57,-177,102
00> -61,-207,86
00> -82,-243,61
00> -15,-277,6
00> 54,-265,-57
00> 56,-250,-80
00> -2,-148,90
00> -2,-135,83
00> 27,-155,80
00> 107,-171,-72
00> 121,-170,-97
00> 58,-189,-68
00> 0,-180,49
00> -24,-183,83
00> -7,-189,155
00> 44,-190,64
00> 73,-200,13
00> 99,-214,-17
00> 21,-231,-65
00> 97,-224,-108
00> 92,-227,-114
00> 19,-240,-2
00> 28,-256,45
00> 18,-232,146
00> 17,-149,128
00> 100,-144,129
00> 111,-135,147
00> 96,-123,17
00> 65,-141,160
00> 63,-149,251
00> 209,-181,180
00> 194,-178,131
00> 200,-187,38
00> 61,-171,-10
00> 60,-162,35
00> 83,-181,80
00> 148,-170,132
00> 182,-139,154
00> 222,-106,111
00> 171,-143,10
00> 190,-171,-68
00> 179,-201,-107
00> 163,-133,108
00> 191,-102,103
00> 137,-138,93
00> 115,-125,168
00> 78,-120,196
00> 91,-128,138
00> 195,-171,-32
00> 240,-175,-66
00> 250,-165,-70
00> 157,-158,-10
00> 177,-123,61
00> 168,-96,126
00> 176,-127,130
00> 183,-115,75
00> 180,-124,3
00> 101,-95,14
00> 77,-102,10
00> 94,-129,23
00> 128,-222,39
00> 148,-217,30
00> 135,-218,56
00> 123,-163,-7
00> 146,-192,-75
00> 114,-185,-86
00> 198,-174,-118
00> 148,-168,-123
00> 68,-183,-124
00> 44,-120,55
00> 23,-112,2
00> 30,-149,-19
00> 133,-215,134
00> 75,-264,246
00> 90,-305,313
00> 121,-236,126
00> 107,-176,136
00> 138,-98,107
00> 96,-123,-22
00> 123,-138,-95
00> 136,-179,-137
00> 99,-182,-67
00> 118,-157,-36
00> 136,-105,-2
00> 106,-126,146
00> 122,-164,160
00> 133,-196,227
00> 128,-105,-105
00> 181,-61,-168
00> 230,-69,-190
00> 117,-131,-156
00> -31,-176,-50
00> -63,-142,80
00> -4,-192,115
00> 24,-161,117
00> 83,-115,109
00> 160,-97,-4
00> 200,-104,-47
00> 118,-122,-42
00> 73,-133,142
00> 103,-161,150
00> 81,-174,174
00> 99,-225,33
00> 83,-204,-6
00> 39,-176,-16
00> 23,-140,60
00> 40,-160,75
00> 72,-178,90
00> 88,-198,136
00> 118,-175,104
00> 104,-159,52
00> 102,-109,-49
00> 121,-119,-111
00> 53,-179,-148
00> 23,-204,36
00> 35,-200,77
00> -13,-214,55
00> 45,-282,109
00> 105,-283,94
00> 89,-273,78
00> 72,-163,-76
00> 65,-120,0
00> 76,-104,126
00> 92,-206,111
00> 110,-244,50
00> 94,-259,-15
00> 8,-252,4
00> 7,-247,0
00> 13,-247,16
00> 74,-166,50
00> 75,-158,55
00> 79,-171,79
00> 96,-243,28
00> 154,-246,-35
00> 162,-257,-73
00> 110,-253,-25
00> 140,-221,-35
00> 134,-182,-58
00> 77,-61,130
00> 97,-19,81
00> 156,15,3
00> 127,-123,-72
00> 155,-209,-84
00> 168,-274,-86
00> 127,-222,-75
00> 157,-179,-69
00> 154,-113,-38
00> 118,-175,52
00> 90,-210,75
00> 86,-233,131
00> -16,-152,-62
00> -13,-158,-60
00> 31,-146,-28
00> 8,-208,97
00> 39,-194,108
00> 62,-189,96
00> 83,-215,-34
00> 54,-245,-31
00> 65,-277,-30
00> 75,-259,-28
00> 122,-148,-32
00> 57,-109,3
00> 47,-123,195
00> 67,-136,103
00> 65,-164,15
00> 105,-210,-26
00> 118,-229,19
00> 157,-228,20
00> 76,-187,60
00> 43,-168,146
00> 18,-127,186
00> 107,-139,89
00> 111,-193,52
00> 91,-218,17
00> 145,-191,-121
00> 171,-181,-86
00> 163,-201,-50
00> 163,-170,127
00> 156,-159,169
00> 136,-159,186
00> 223,-187,-3
00> 210,-196,-28
00> 220,-161,-34
00> 211,-194,-50
00> 165,-201,-62
00> 50,-197,-9
00> 87,-118,54
00> 115,-141,30
00> 120,-180,22
00> 192,-179,80
00> 206,-193,65
00> 238,-192,-3
00> 71,-168,111
00> 74,-153,70
00> 136,-150,-5
00> 72,-205,-54
00> 98,-198,-96
00> 85,-182,-156
00> 3,-185,2
00> 35,-167,12
00> 40,-163,44
00> 80,-137,172
00> 119,-133,134
00> 152,-129,86
00> 82,-171,51
00> 49,-194,51
00> 28,-217,12
00> -218,-220,93
00> -235,-183,143
00> -187,-141,156
00> -40,-128,125
00> 81,-114,-2
00> 160,-96,-33
00> 149,-98,-25
00> 71,-121,25
00> 43,-126,82
00> 131,-175,170
00> 125,-189,133
00> 87,-180,110
00> 20,-171,-91
00> 4,-183,-87
00> 14,-185,-54
00> 46,-222,86
00> 78,-213,149
00> 84,-188,168
00> 194,-182,97
00> 134,-186,64
00> 138,-158,27
00> 143,-167,-64
00> 78,-180,-112
00> -11,-200,-94
00> -45,-197,42
00> -66,-221,26
00> -67,-245,6
00> 83,-226,24
00> 88,-234,1
00> 127,-196,16
00> 78,-106,100
00> 92,-110,104
00> 121,-134,136
00> 109,-246,59
00> 108,-215,-13
00> 63,-214,-54
00> -23,-120,30
00> -6,-109,46
00> 29,-131,63
00> 80,-206,119
00> 130,-223,77
00> 165,-177,9
00> 60,-195,-45
00> 93,-214,-69
00> 95,-211,-88
00> -39,-197,55
00> -33,-166,102
00> -28,-146,109
00> -27,-210,74
00> 45,-225,50
00> 102,-217,26
00> 112,-150,-63
00> 46,-133,-60
00> 64,-118,14
00> 116,-189,122
00> 120,-238,92
00> 127,-241,39
00> 9,-199,-20
00> -5,-190,-40
00> -25,-188,-15
00> 73,-207,85
00> 71,-220,103
00> 69,-204,95
00> 124,-163,-4
00> 98,-146,-1
00> 91,-163,-19
00> 96,-177,13
00> 74,-157,-61
00> 29,-153,1
00> -23,-227,208
00> -47,-294,268
00> -79,-355,320
00> 55,-304,131
00> 102,-265,59
00> 51,-226,61
00> 99,-151,85
00> 135,-150,97
00> 154,-148,135
00> 144,-129,17
00> 110,-120,-28
00> 95,-149,-8
00> 99,-204,90
00> 116,-234,77
00> 135,-252,35
00> 178,-247,-86
00> 181,-230,-73
00> 174,-205,-111
00> 162,-187,-146
00> 153,-181,-137
00> 76,-196,-108
00> 63,-138,42
00> 90,-106,48
00> 97,-98,-10
00> 177,-188,-39
00> 231,-176,-55
00> 217,-168,-27
00> 31,-104,-21
00> 11,-79,65
00> 11,-76,122
00> 105,-190,134
00> 84,-212,107
00> 53,-236,57
00> -24,-262,-86
00> -19,-271,-60
00> -32,-267,-23
00> 107,-132,-13
00> 138,-129,-53
00> 145,-123,-9
00> 108,-166,-46
00> 157,-169,-73
00> 156,-132,-87
00> 37,-151,-65
00> 20,-143,27
00> 41,-132,93
00> 99,-209,10
00> 125,-195,36
00> 169,-193,32
00> 148,-165,17
00> 102,-152,-14
00> 82,-129,65
00> 139,-116,163
00> 157,-145,61
00> 175,-153,-42
00> 106,-133,-126
00> 69,-144,-90
00> 60,-163,-50
00> 91,-177,92
00> 91,-178,125
00> 90,-170,122
00> 110,-160,-35
00> 127,-136,-93
00> 131,-149,-108
00> -54,-219,-30
00> -70,-216,133
00> -50,-150,121
00> 67,-165,6
00> 79,-210,31
00> 126,-178,85
00> 145,-130,115
00> 131,-128,121
00> 75,-124,101
00> 113,-106,143
00> 150,-126,102
00> 117,-172,61
00> 101,-223,-18
00> 77,-212,-18
00> 65,-186,31
00> 54,-146,114
00> 46,-117,130
00> 18,-136,172
00> 85,-175,88
00> 100,-164,55
00> 75,-175,52
00> 84,-154,-43
00> 59,-168,-80
00> -41,-175,-39
00> -50,-176,38
00> -18,-178,3
00> -6,-206,7
00> 87,-213,7
00> 127,-188,9
00> 117,-183,38
00> -27,-138,2
00> 7,-132,61
00> 42,-140,127
00> 92,-225,170
00> 117,-220,94
00> 105,-205,36
00> -10,-130,-7
00> -17,-144,26
00> 2,-152,63
00> 72,-264,189
00> 78,-239,197
00> 91,-206,153
00> 66,-142,54
00> 70,-153,36
00> 71,-160,-9
00> -11,-170,-32
00> -30,-131,48
00> -12,-121,138
00> 14,-147,130
00> 22,-203,101
00> 47,-212,59
00> 184,-148,34
00> 154,-169,-4
00> 71,-158,-13
00> 161,-25,69
00> 167,-29,101
00> 186,-66,62
00> 111,-200,-23
00> 100,-232,-44
00> 24,-235,-9
00> 36,-148,92
00> 63,-137,78
00> 93,-145,72
00> 127,-177,105
00> 140,-173,70
00> 137,-199,31
00> 80,-213,64
00> 86,-199,50
00> 76,-194,0
00> 16,-182,231
00> 0,-122,296
00> 62,-81,129
00> 46,-129,23
00> 127,-169,25
00> 178,-152,79
00> 225,-79,43
00> 233,-82,87
00> 241,-63,134
00> 242,-142,105
00> 259,-177,79
00> 274,-209,46
00> 134,-225,81
00> 114,-205,79
00> 112,-148,69
00> 71,-138,139
00> 100,-146,131
00> 122,-186,141
00> 164,-205,53
00> 144,-217,10
00> 151,-202,-45
00> 120,-204,-76
00> 34,-194,-10
00> 32,-138,77
00> 41,-98,107
00> 52,-123,54
00> 36,-173,21
00> 141,-224,-29
00> 121,-218,25
00> 59,-242,35
00> 37,-137,158
00> 116,-133,167
00> 205,-151,140
00> 234,-193,10
00> 262,-162,-56
00> 199,-122,-82
00> 131,-148,15
00> 152,-199,7
00> 182,-208,40
00> 118,-148,71
00> 130,-140,45
00> 118,-128,-1
00> 146,-163,-63
00> 152,-183,-46
00> 49,-225,-91
00> 7,-139,166
00> 25,-140,99
00> 61,-190,2
00> 85,-210,3
00> 175,-163,16
00> 163,-129,2
00> 59,-100,-15
00> 62,-100,8
00> 64,-132,66
00> 122,-257,62
00> 102,-261,15
00> 89,-242,-40
00> 61,-143,-33
00> 72,-136,-27
00> 79,-144,2
00> 105,-168,83
00> 133,-176,84
00> 127,-190,83
00> 105,-205,-61
00> 128,-182,-116
00> 119,-139,-129
00> -91,-151,122
00> -85,-138,250
00> -48,-82,69
00> 30,-203,85
00> 133,-172,83
00> 111,-173,100
00> 79,-152,56
00> 31,-132,56
00> -6,-124,110
00> 117,-197,150
00> 122,-231,111
00> 138,-233,78
00> 20,-161,12
00> -27,-150,37
00> -25,-134,61
00> 88,-192,76
00> 141,-204,128
00> 152,-181,150
00> 129,-166,74
00> 83,-198,69
00> 78,-211,38
00> 69,-204,-43
00> -47,-230,9
00> -77,-193,63
00> -12,-155,52
00> -47,-203,100
00> -29,-219,159
00> 61,-196,119
00> 118,-170,52
00> 105,-166,9
00> 109,-102,7
00> 86,-153,53
00> 124,-191,89
00> 78,-261,10
00> 62,-245,-39
00> 22,-214,-42
00> -21,-229,23
00> 5,-243,53
00> 20,-263,96
00> 80,-201,192
00> 66,-157,189
00> 111,-112,175
00> 78,-164,61
00> 61,-219,42
00> 67,-217,3
00> -50,-187,96
00> -28,-164,95
00> -52,-143,73
00> -23,-197,-2
00> 34,-200,24
00> 93,-205,25
00> 85,-218,-60
00> 18,-175,-71
00> 23,-137,-44
00> 79,-137,81
00> 70,-184,118
00> 73,-223,88
00> 80,-188,17
00> 16,-170,5
00> 1,-158,26
00> 88,-188,88
00> 115,-210,60
00> 132,-202,45
00> 86,-178,-14
00> 74,-197,-34
00> 66,-235,-53
00> 118,-232,-2
00> 127,-219,-46
00> 60,-213,-18
00> 34,-83,211
00> 65,-88,123
00> 69,-154,63
00> 146,-165,7
00> 197,-194,13
00> 238,-176,28
00> 120,-194,26
00> 109,-169,102
00> 99,-164,173
00> 209,-205,74
00> 221,-203,12
00> 241,-171,-55
00> 132,-118,0
00> 116,-109,49
00> 98,-129,66
00> 93,-185,172
00> 127,-184,188
00> 149,-155,171
00> 163,-158,42
00> 118,-186,91
00> 105,-183,46
00> 46,-243,-87
00> -26,-242,-1
00> -12,-187,143
00> 53,-175,69
00> 43,-215,39
00> 89,-198,20
00> 138,-229,1
00> 179,-205,-41
00> 106,-211,-44
00> 65,-150,145
00> 104,-157,162
00> 153,-180,107
00> 169,-185,60
00> 166,-166,37
00> 131,-155,-12
00> 95,-129,70
00> 109,-152,68
00> 116,-174,110
00> 154,-190,101
00> 186,-145,37
00> 146,-156,-5
00> 149,-128,-70
00> 153,-122,-90
00> 73,-160,-112
00> 45,-112,81
00> 54,-115,53
00> 58,-147,18
00> 95,-180,24
00> 135,-168,-9
00> 94,-158,-5
00> 104,-113,-59
00> 76,-116,4
00> 81,-106,98
00> 123,-159,86
00> 97,-204,59
00> 114,-199,42
00> 66,-186,-1
00> 44,-211,21
00> 53,-210,32
00> 158,-115,68
00> 153,-98,68
00> 163,-96,55
00> 94,-160,8
00> 113,-213,3
00> 97,-239,-5
00> -88,-196,36
00> -70,-165,64
00> -65,-128,65
00> 60,-226,54
00> 117,-246,38
00> 96,-241,38
00> 93,-155,-30
00> 18,-138,-54
00> 0,-106,6
00> 119,-143,94
00> 118,-186,78
00> 106,-215,44
00> 70,-186,-19
00> 33,-198,-24
00> 22,-216,-2
00> 57,-176,113
00> 61,-177,130
00> 78,-134,157
00> 63,-138,176
00> 25,-131,121
00> 64,-96,72
00> 46,-201,134
00> -42,-156,48
00> -23,-103,41
00> 31,-97,101
00> 34,-105,90
00> 50,-69,63
00> 112,-188,128
00> 127,-235,93
00> 153,-211,59
00> 107,-158,103
00> 103,-115,122
00> 124,-104,88
00> 105,-156,-52
00> 121,-153,-80
00> 115,-156,-94
00> 36,-129,71
00> 77,-142,72
00> 98,-144,83
00> 88,-178,123
00> 110,-190,94
00> 117,-201,43
00> 103,-169,-60
00> 77,-177,-71
00> 44,-187,-60
00> -107,-154,180
00> -130,-178,220
00> -103,-179,178
00> 18,-158,29
00> 115,-152,28
00> 101,-171,60
00> 118,-171,7
00> 55,-165,13
00> 74,-143,13
00> 118,-145,119
00> 97,-173,116
00> 106,-225,88
00> 45,-185,-15
00> -7,-189,-7
00> -17,-178,38
00> 34,-217,99
00> 66,-219,117
00> 104,-180,123
00> 80,-112,63
00> 113,-135,49
00> 75,-194,45
00> 123,-219,-6
00> 65,-202,-8
00> -30,-179,44
00> 30,-115,140
00> 37,-157,133
00> 58,-211,105
00> 184,-200,36
00> 231,-180,-16
00> 188,-173,-41
00> 130,-160,31
00> 142,-138,100
00> 132,-157,142
00> 62,-355,296
00> 37,-321,167
00> 31,-265,43
00> -3,-188,55
00> 51,-152,88
00> 99,-140,133
00> 157,-121,194
00> 164,-120,159
00> 189,-144,96
00> 144,-228,118
00> 214,-184,-109
00> 234,-143,-149
00> 80,-126,14
00> 117,-54,39
00> 84,-52,56
00> 109,-211,30
00> 171,-234,37
00> 136,-269,89
00> 111,-299,96
00> 72,-258,39
00> 109,-201,17
00> 210,-156,181
00> 224,-193,144
00> 235,-181,70
00> 139,-124,-85
00> 112,-144,-45
00> 79,-170,7
00> 79,-216,96
00> 45,-218,108
00> 74,-210,100
00> 56,-224,41
00> 80,-218,-35
00> 127,-203,-127
00> -39,-173,-77
00> -84,-162,-48
00> -21,-125,-12
00> 50,-179,-13
00> 78,-215,-21
00> 160,-191,-10
00> 179,-135,-36
00> 117,-109,-85
00> 44,-85,-46
00> 70,-110,105
00> 112,-147,85
00> 101,-203,52
00> 121,-236,-98
00> 89,-205,-117
00> 57,-192,-76
00> 4,-103,49
00> 32,-137,123
00> 72,-176,123
00> 107,-203,24
00> 92,-181,-28
00> 107,-160,-86
00> -54,-173,-88
00> -118,-179,-67
00> -86,-132,17
00> 2,-145,-20
00> 23,-178,-13
00> 69,-159,16
00> 142,-115,31
00> 81,-131,24
00> 13,-131,43
00> 80,-166,159
00> 87,-195,171
00> 106,-204,130
00> 103,-184,-1
00> 84,-161,-19
00> 66,-161,-9
00> 26,-163,195
00> 78,-114,142
00> 112,-113,49
00> 187,-134,36
00> 102,-130,55
00> 66,-129,-11
00> 117,-207,-60
00> 56,-213,-29
00> 44,-200,4
00> 80,-140,-36
00> 61,-169,-8
00> 82,-182,14
00> 188,-154,11
00> 149,-169,1
00> 98,-154,-5
00> 92,-108,152
00> 148,-136,107
00> 147,-174,83
00> 74,-195,43
00> 46,-177,45
00> -2,-170,58
00> 31,-134,81
00> 52,-109,113
00> 81,-104,154
00> 120,-165,101
00> 145,-158,36
00> 111,-184,-24
00> 106,-156,-81
00> 82,-124,-76
00> -17,-122,21
00> -16,-163,283
00> 37,-209,178
00> 59,-263,76
00> 120,-195,68
00> 204,-143,16
00> 137,-115,0
00> 85,-112,187
00> 140,-159,163
00> 145,-197,122
00> 152,-168,46
00> 122,-161,17
00> 96,-150,-41
00> 49,-192,-25
00> 37,-207,27
00> 76,-226,81
00> 139,-192,70
00> 148,-179,59
00> 163,-182,25
00> 107,-121,-28
00> 109,-115,-47
00> 122,-123,-67
00> 1,-163,146
00> 1,-179,230
00> 35,-171,269
00> 158,-177,-6
00> 160,-164,83
00> 216,-139,65
00> 119,-97,106
00> 115,-63,197
00> 101,-80,211
00> 166,-289,100
00> 172,-280,41
00> 174,-280,-21
00> 119,-190,14
00> 119,-159,54
00> 127,-155,66
00> 188,-111,130
00> 183,-140,183
00> 187,-121,188
00> 160,-195,40
00> 131,-217,1
00> 164,-224,-38
00> -63,-264,-39
00> -117,-230,47
00> -74,-198,123
00> -2,-217,0
00> 1,-241,11
00> 94,-219,33
00> 187,-155,-48
00> 58,-158,-30
00> 48,-143,-18
00> 103,-163,54
00> 122,-204,65
00> 99,-254,58
00> 97,-205,-89
00> 63,-163,-74
00> 27,-124,-20
00> 64,-77,67
00> 89,-102,67
00> 146,-121,82
00> 103,-209,28
00> 148,-209,-22
00> 132,-201,-78
00> 138,-204,-148
00> 139,-172,-135
00> 49,-180,-134
00> -41,-125,67
00> -53,-134,64
00> -59,-165,25
00> 105,-199,51
00> 111,-208,32
00> 174,-163,14
00> 46,-116,38
00> 50,-135,125
00> 83,-147,152
00> 128,-191,60
00> 124,-152,-20
00> 81,-106,-70
00> -28,-182,-15
00> -9,-200,-7
00> 22,-222,-19
00> 61,-173,3
00> 88,-136,76
00> 80,-130,112
00> 132,-160,-11
00> 117,-193,-42
00> 82,-198,-13
00> 32,-148,40
00> -8,-142,35
00> -78,-150,74
00> -37,-259,175
00> -1,-288,133
00> 91,-281,103
00> 155,-148,36
00> 191,-107,-44
00> 185,-115,-73
00> 141,-98,37
00> 173,-116,43
00> 184,-147,60
00> 118,-175,12
00> 93,-177,-33
00> 69,-178,-14
00> 54,-140,48
00> 91,-134,86
00> 112,-139,91
00> 90,-167,96
00> 77,-219,194
00> 76,-168,208
00> 101,-181,-9
00> 145,-174,12
00> 130,-176,40
00> 101,-181,116
00> 127,-150,72
00> 86,-178,67
00> 66,-204,182
00> 118,-175,130
00> 159,-198,67
00> 216,-166,73
00> 183,-174,115
00> 224,-161,134
00> 104,-124,87
00> 73,-123,134
00> 96,-130,155
00> 131,-221,24
00> 142,-226,-48
00> 146,-196,-75
00> 69,-160,-35
00> 52,-128,-27
00> 71,-127,-14
00> 116,-195,102
00> 140,-234,122
00> 154,-232,145
00> 170,-148,45
00> 167,-159,2
00> 150,-173,-9
00> 167,-102,15
00> 101,-79,8
00> -4,-51,108
00> 67,-50,184
00> 127,-78,67
00> 138,-119,28
00> 115,-237,-30
00> 133,-278,-64
00> 148,-297,-108
00> 19,-178,68
00> 59,-126,102
00> 80,-127,73
00> 68,-211,-86
00> 57,-212,-126
00> 49,-220,-120
00> 34,-191,-21
00> 42,-193,56
00> 73,-191,112
00> 152,-251,177
00> 194,-212,130
00> 229,-160,80
00> 66,-112,36
00> 83,-65,-32
00> 114,-76,-147
00> -46,-247,-42
00> -38,-216,62
00> -30,-148,86
00> -10,-153,7
00> 98,-130,-31
00> 139,-142,-102
00> 80,-114,-120
00> 33,-112,-82
00> 21,-148,53
00> 97,-199,140
00> 75,-216,81
00> 50,-216,17
00> 10,-158,-99
00> 12,-146,-46
00> 16,-130,-5
00> 44,-158,92
00> 75,-188,144
00> 105,-195,144
00> 138,-226,29
00> 76,-206,54
00> 77,-204,21
00> -77,-346,-95
00> -139,-309,-74
00> -98,-248,-4
00> -29,-179,-28
00> -31,-223,-30
00> 22,-218,32
00> 159,-163,30
00> 123,-151,11
00> 73,-112,-9
00> 68,-133,147
00> 101,-174,154
00> 113,-230,121
00> 49,-257,-26
00> 0,-228,-42
00> -15,-186,-73
00> 24,-106,79
00> 40,-118,149
00> 42,-141,170
00> 125,-181,113
00> 117,-193,65
00> 63,-202,31
00> 93,-148,-52
00> 72,-161,-42
00> -21,-163,37
00> 6,-127,194
00> -21,-156,168
00> -32,-195,150
00> 21,-175,90
00> 85,-145,6
00> 72,-145,-56
00> 68,-112,27
00> 88,-98,45
00> 146,-123,75
00> 103,-266,138
00> 102,-197,98
00> 91,-118,-35
00> 80,-154,74
00> 92,-132,122
00> 118,-138,144
00> 108,-194,149
00> 59,-216,146
00> 54,-260,90
00> 95,-285,-95
00> 94,-297,-59
00> 79,-300,-11
00> 4,-190,159
00> 12,-139,199
00> 41,-129,121
00> 128,-227,-26
00> 186,-245,-46
00> 202,-257,-36
00> 167,-169,-69
00> 142,-155,26
00> 134,-158,128
00> 168,-198,152
00> 132,-196,127
00> 129,-183,36
00> 106,-160,-49
00> 101,-156,-4
00> 110,-140,39
00> 158,-110,200
00> 175,-130,183
00> 212,-144,140
00> 183,-154,56
00> 215,-155,1
00> 267,-140,-4
00> 38,-151,-11
00> 44,-155,44
00> 53,-163,28
00> 61,-326,21
00> 118,-280,17
00> 200,-234,-1
00> 164,-157,19
00> 88,-146,14
00> 99,-118,35
00> 110,-184,49
00> 96,-192,31
00> 127,-165,-29
00> 72,-195,-25
00> 90,-190,-45
00> 105,-170,-36
00> 154,-151,39
00> 167,-147,51
00> 161,-139,51
00> 211,-137,-84
00> 188,-166,-89
00> 136,-178,-97
00> -106,-156,-17
00> -100,-137,74
00> -78,-137,107
00> 87,-198,52
00> 136,-197,14
00> 152,-179,8
00> 91,-72,-32
00> 18,-73,16
00> -2,-94,122
00> 62,-254,265
00> 92,-214,121
00> 96,-165,-79