00> 126,-202,15
00> 143,-164,35
00> 154,-90,63
00> 140,-66,33
00> 136,-71,-5
00> 192,-249,-25
00> 176,-263,1
00> 140,-253,-29
00> 13,-140,99
00> -9,-106,171
00> 72,-98,208
00> 95,-223,-15
00> 105,-242,-28
00> 118,-229,-18
00> 151,-170,-8
00> 81,-142,46
00> 67,-117,66
00> 151,-129,160
00> 162,-197,178
00> 127,-254,164
00> 74,-123,5
00> -2,-97,110
00> -56,-114,206
00> -14,-308,317
00> -8,-290,383
00> 60,-255,421
00> 147,-207,213
00> 227,-180,73
00> 294,-172,-6
00> 286,-106,17
00> 221,-82,-16
00> 249,-70,-35
00> 90,-94,95
00> 7,-157,180
00> -51,-188,136
00> 113,-242,22
00> 108,-242,83
00> 71,-257,140
00> 205,-104,-96
00> 169,-89,-82
00> 154,-80,7
00> 262,-115,74
00> 211,-162,59
00> 176,-188,43
00> 85,-155,37
00> 59,-147,62
00> 82,-145,143
00> 103,-142,120
00> 98,-133,57
00> 131,-127,41
00> 138,-136,-8
00> 175,-148,-61
00> 155,-162,-88
00> 237,-134,-46
00> 217,-110,-42
00> 101,-75,20
00> 95,-93,74
00> 122,-133,-27
00> 88,-192,-67
00> 93,-231,-24
00> 114,-220,2
00> 144,-220,-26
00> 1,-239,100
00> 50,-223,82
00> 112,-218,71
00> 155,-256,-65
00> 202,-205,-188
00> 199,-155,-182
00> 74,-119,101
00> 87,-166,60
00> 123,-220,22
00> 178,-235,-42
00> 173,-180,-14
00> 201,-120,29
00> 207,-141,17
00> 236,-165,-9
00> 231,-161,-21
00> 47,-127,-49
00> 23,-103,39
00> -13,-114,76
00> 15,-277,20
00> 79,-296,-31
00> 133,-256,-69
00> 82,-144,-68
00> -5,-94,-12
00> 2,-67,30
00> 102,-160,-53
00> 97,-218,-134
00> 106,-236,-162
00> 36,-141,-234
00> 5,-124,-172
00> -1,-119,-93
00> 68,-229,4
00> 137,-227,29
00> 138,-195,84
00> 150,-171,54
00> 206,-169,36
00> 168,-166,11
00> 111,-148,-36
00> 74,-155,-3
00> -19,-152,6
00> -32,-154,94
00> -3,-149,85
00> 44,-189,35
00> 142,-230,-10
00> 164,-212,-48
00> 221,-167,-102
00> 144,-49,-64
00> 158,-36,-50
00> 187,-65,-12
00> 153,-270,41
00> 128,-252,-19
00> 65,-243,-69
00> 54,-175,-70
00> 59,-149,-34
00> 84,-152,0
00> 80,-153,130
00> 71,-177,177
00> 79,-182,161
00> 150,-165,21
00> 156,-167,36
00> 138,-163,34
00> 27,-141,70
00> -5,-121,121
00> 16,-145,142
00> 59,-171,58
00> 76,-194,50
00> 122,-207,37
00> 203,-176,-54
00> 159,-150,-96
00> 113,-130,-85
00> 155,-137,66
00> 185,-195,84
00> 175,-242,89
00> 127,-185,-34
00> 79,-133,-38
00> 72,-110,-4
00> 78,-146,188
00> 140,-128,257
00> 186,-76,259
00> 89,-111,264
00> 99,-106,268
00> 209,-80,148
00> 52,-81,111
00> 48,-87,75
00> 86,-100,-55
00> -21,-226,274
00> -63,-228,301
00> -28,-169,161
00> 11,-138,3
00> 80,-135,-10
00> 114,-139,-25
00> 84,-151,-55
00> 142,-124,45
00> 185,-70,172
00> 197,-74,126
00> 149,-94,120
00> 117,-137,110
00> 101,-155,256
00> 165,-117,362
00> 254,-177,396
00> 232,-186,346
00> 119,95,359
00> 77,108,298
00> 260,-270,334
00> 240,-233,420
00> 161,-152,356
00> 191,-374,307
00> 85,-72,331
00> -21,116,274
00> 147,-101,127
00> 88,-89,92
00> 43,-112,21
00> 262,-369,133
00> 216,-266,33
00> 93,-51,-76
00> 54,123,198
00> 148,8,42
00> 140,-92,-80
00> 5,-270,-8
00> 108,-314,-94
00> 144,-268,-101
00> 37,-132,1
00> 92,-103,7
00> 77,-110,1
00> 131,-154,63
00> 167,-198,10
00> 183,-250,-85
00> 114,-86,-213
00> 28,-68,-195
00> -12,-46,-199
00> -30,-61,-171
00> -19,-117,-167
00> -15,-167,-76
00> 51,-374,67
00> 114,-347,0
00> 168,-298,-82
00> 24,-120,-75
00> 56,-80,-40
00> 79,-103,-26
00> 89,-268,-154
00> 138,-236,-205
00> 110,-188,-194
00> -15,-119,-77
00> 1,-100,-20
00> -15,-117,81
00> 155,-369,181
00> 169,-356,118
00> 197,-260,80
00> 131,-52,-21
00> 102,-12,-77
00> 40,-25,-63
00> 40,-155,31
00> 53,-192,11
00> 54,-233,29
00> 91,-264,-23
00> 140,-195,-48
00> 135,-158,-26
00> 94,-95,-20
00> 150,-86,21
00> 216,-105,-8
00> 179,-144,-155
00> 116,-167,-106
00> 60,-202,-54
00> -35,-248,50
00> -10,-257,53
00> 7,-258,89
00> 182,-148,67
00> 196,-107,106
00> 190,-82,142
00> 136,-95,52
00> 126,-108,-10
00> 100,-153,8
00> 65,-193,126
00> 83,-189,78
00> 77,-179,74
00> 184,-137,283
00> 252,-172,224
00> 295,-206,108
00> 364,-68,249
00> 352,-41,266
00> 299,-49,320
00> 308,-190,637
00> 349,-269,482
00> 329,-336,399
00> 242,-288,722
00> 316,-234,686
00> 352,-196,690
00> 481,-167,918
00> 479,-209,879
00> 412,-250,988
00> 538,-272,1232
00> 583,-330,1093
00> 515,-471,1175
00> 637,-631,1391
00> 781,-542,1309
00> 696,-427,1367
00> 415,23,1695
00> 389,100,1614
00> 303,108,1685
00> 579,145,1059
00> 497,150,765
00> 390,193,719
00> 437,311,406
00> 407,256,318
00> 354,267,454
00> 321,172,588
00> 233,91,434
00> 165,23,315
00> 31,-96,-4
00> 21,-100,-14
00> -5,-104,63
00> 4,-177,227
00> 48,-183,223
00> -10,-226,176
00> -12,-269,-10
00> -47,-271,-1
00> -67,-292,-93
00> -28,-264,-276
00> -71,-239,-208
00> -95,-197,-78
00> -111,-150,133
00> -54,-148,92
00> -55,-182,5
00> -37,-223,86
00> -65,-200,152
00> 16,-147,117
00> -19,-13,93
00> -25,-6,217
00> 12,-4,235
00> 45,-58,-14
00> 6,-62,-56
00> -14,-79,-66
00> -87,-160,181
00> -102,-173,201
00> -74,-225,106
00> 24,-152,63
00> 13,-101,123
00> 39,-93,102
00> 71,-199,19
00> 127,-228,-33
00> 158,-247,-93
00> 93,-149,-99
00> -28,-93,-68
00> -105,-53,-7
00> 32,-169,33
00> 71,-263,-29
00> 87,-300,-51
00> 106,-206,-50
00> 184,-169,-44
00> 155,-159,-7
00> 153,-165,26
00> 135,-180,29
00> 106,-155,50
00> 20,-223,-31
00> 32,-238,-30
00> 55,-221,-4
00> 60,-199,-10
00> 97,-144,4
00> 95,-97,50
00> 45,-111,112
00> 99,-166,97
00> 90,-207,91
00> 52,-232,160
00> -3,-179,162
00> 0,-137,62
00> -123,-147,6
00> -111,-178,36
00> -87,-206,-12
00> -15,-256,-104
00> 15,-224,-47
00> 3,-196,18
00> 147,-68,-177
00> 132,-77,-131
00> 99,-100,-18
00> 131,-172,34
00> 100,-206,42
00> 73,-233,16
00> 61,-161,-107
00> 18,-109,17
00> 13,-72,90
00> 74,-141,18
00> 114,-137,62
00> 74,-139,160
00> 159,-195,66
00> 161,-194,36
00> 157,-174,61
00> 115,-130,32
00> 118,-97,38
00> 20,-92,89
00> 39,-246,-4
00> 82,-216,-28
00> 81,-218,0
00> 65,-226,-118
00> 59,-240,-89
00> 131,-194,-57
00> 68,-72,22
00> 88,-91,95
00> 132,-114,135
00> 51,-257,177
00> 42,-239,76
00> 30,-209,-31
00> -22,-202,83
00> -7,-215,63
00> 28,-220,81
00> 54,-115,161
00> 71,-68,190
00> 89,-54,197
00> 103,-166,-17
00> 119,-195,-53
00> 114,-211,-12
00> 92,-260,-114
00> 112,-367,-221
00> 51,-465,-165
00> -26,-147,11
00> -89,-28,26
00> -132,-20,83
00> 112,-128,-54
00> 102,-155,-45
00> 145,-115,22
00> 43,20,82
00> 23,-31,152
00> 60,-71,182
00> 67,-183,133
00> 86,-165,65
00> 112,-163,36
00> 13,-107,120
00> 53,-80,136
00> 62,-71,96
00> 153,-146,162
00> 180,-129,184
00> 174,-131,188
00> 183,-100,171
00> 208,-148,140
00> 189,-190,93
00> 173,-171,70
00> 125,-156,19
00> 24,-150,3
00> 84,-145,91
00> 92,-197,39
00> 25,-272,26
00> 171,-246,-74
00> 154,-160,-80
00> 208,-79,-84
00> 127,-120,53
00> 158,-186,118
00> 188,-215,128
00> 142,-251,-20
00> 152,-205,-68
00> 139,-157,-81
00> 69,-152,-51
00> 77,-170,34
00> 96,-184,90
00> 119,-192,103
00> 115,-175,73
00> 163,-174,1
00> 161,-146,-47
00> 161,-136,-39
00> 126,-128,-13
00> -12,-175,-29
00> -18,-137,29
00> -23,-102,82
00> -10,-197,-22
00> 40,-208,-55
00> 87,-220,-28
00> 144,-169,-115
00> 108,-155,-141
00> 72,-138,-77
00> 145,-135,80
00> 177,-168,9
00> 164,-191,-1
00> 199,-166,-180
00> 171,-178,-153
00> 127,-197,-22
00> 43,-256,96
00> 51,-215,166
00> 35,-191,225
00> 146,-112,141
00> 159,-123,26
00> 137,-116,24
00> 101,-88,45
00> 98,-94,-15
00> 30,-144,-32
00> -7,-176,200
00> 8,-183,93
00> 36,-186,-22
00> 97,-208,48
00> 119,-203,-55
00> 191,-173,-110
00> 128,-46,87
00> 135,-50,78
00> 115,-62,41
00> 62,-203,35
00> 79,-241,-11
00> 71,-263,-15
00> 26,-185,104
00> 79,-147,58
00> 103,-122,56
00> 145,-92,220
00> 131,-124,235
00> 143,-165,188
00> 181,-207,92
00> 88,-245,128
00> 15,-277,160
00> 55,-252,-43
00> 19,-209,52
00> 82,-149,167
00> 105,-80,15
00> 75,-39,71
00> 76,-31,132
00> 224,-145,-32
00> 159,-146,37
00> 86,-106,115
00> 130,-73,105
00> 175,-67,208
00> 147,-73,280
00> 93,-154,-1
00> 77,-150,29
00> -7,-138,78
00> 33,-178,50
00> 43,-186,68
00> 92,-170,121
00> 96,-125,140
00> 116,-121,163
00> 108,-132,160
00> 165,-136,-80
00> 179,-127,-145
00> 164,-123,-98
00> 21,-179,107
00> 44,-175,74
00> 63,-173,41
00> 173,-173,34
00> 219,-201,37
00> 184,-207,73
00> 152,-141,-20
00> 128,-130,36
00> 92,-140,126
00> 147,-268,-8
00> 98,-271,6
00> 108,-234,-4
00> -20,-114,-112
00> -75,-133,27
00> 1,-194,84
00> 118,-292,6
00> 119,-208,88
00> 155,-120,114
00> 190,-141,-74
00> 198,-172,-37
00> 206,-180,-40
00> 61,-215,-127
00> -53,-195,-60
00> -41,-164,17
00> 71,-193,-106
00> 37,-239,-15
00> 103,-259,10
00> 216,-212,-9
00> 151,-161,60
00> 57,-143,80
00> 51,-146,65
00> -14,-219,128
00> -31,-293,146
00> 44,-343,81
00> 30,-295,74
00> 16,-199,18
00> 34,-75,-23
00> 55,-140,42
00> 77,-151,94
00> 131,-177,31
00> 142,-157,-28
00> 124,-156,-53
00> 34,-151,-64
00> -31,-119,-34
00> -90,-109,76
00> -37,-133,55
00> -15,-185,-57
00> 0,-219,-92
00> -11,-204,-36
00> 86,-171,-69
00> 56,-157,-49
00> 44,-61,204
00> 68,-58,255
00> 46,-105,349
00> 161,-115,178
00> 157,-100,30
00> 63,-103,19
00> 111,-154,116
00> 204,-172,106
00> 197,-197,108
00> 222,-166,69
00> 176,-156,8
00> 120,-161,-24
00> 86,-166,-34
00> 37,-176,19
00> 6,-165,55
00> 81,-160,23
00> 130,-169,-41
00> 102,-163,-102
00> 69,-178,-117
00> 49,-184,-112
00> 142,-157,-115
00> 104,-107,-25
00> 146,-85,-25
00> 143,-79,43
00> 17,-171,263
00> 43,-214,239
00> 48,-253,209
00> 63,-136,224
00> 95,-120,192
00> 98,-108,165
00> 152,-125,202
00> 152,-134,226
00> 149,-165,195
00> 226,-176,-106
00> 139,-134,-65
00> 7,-114,-42
00> -106,-174,122
00> -65,-191,223
00> -11,-207,216
00> 59,-156,-26
00> 65,-159,-51
00> 62,-155,-38
00> 140,-235,-40
00> 186,-221,-46
00> 122,-182,-15
00> 117,-11,140
00> 120,-37,143
00> 83,-128,180
00> 121,-263,121
00> 114,-199,100
00> 75,-124,44
00> 215,-131,94
00> 225,-160,87
00> 203,-192,93
00> 143,-132,150
00> 171,-106,76
00> 172,-159,17
00> 203,-261,28
00> 205,-219,-32
00> 152,-162,-96
00> -45,-28,85
00> -13,-56,67
00> 1,-128,-27
00> -11,-229,-39
00> 67,-198,-32
00> 129,-188,-93
00> 91,-97,-37
00> 71,-106,-29
00> 50,-123,44
00> 63,-213,131
00> 117,-253,76
00> 154,-229,2
00> 95,-185,-54
00> 56,-165,-11
00> 43,-171,19
00> 103,-231,127
00> 133,-223,197
00> 144,-226,235
00> 211,-173,116
00> 156,-171,140
00> 148,-164,157
00> 186,-177,-16
00> 64,-184,-62
00> -35,-149,-34
00> -5,-160,-2
00> 0,-229,11
00> -4,-289,33
00> 87,-278,1
00> 3,-255,38
00> -1,-211,50
00> 60,-134,-34
00> 68,-163,8
00> 106,-155,-26
00> 77,-160,1
00> 81,-191,1
00> 77,-216,-54
00> 11,-231,-43
00> 18,-201,55
00> 32,-181,90
00> 131,-104,200
00> 109,-84,209
00> 98,-88,130
00> 112,-150,1
00> 123,-168,47
00> 134,-169,39
00> 21,-179,165
00> -46,-181,249
00> 4,-182,224
00> 50,-199,-26
00> 37,-214,5
00> 99,-212,-12
00> 72,-231,-11
00> 157,-204,-52
00> 162,-168,-64
00> 76,-108,86
00> 76,-130,82
00> 86,-177,59
00> 73,-200,72
00> 74,-184,-12
00> 65,-171,-130
00> 35,-106,57
00> 46,-104,126
00> 76,-140,118
00> 104,-150,147
00> 87,-105,112
00> 80,-116,76
00> 73,-259,103
00> 151,-284,50
00> 172,-267,20
00> 35,-147,100
00> 54,-117,93
00> -6,-100,94
00> 3,-87,100
00> 9,-122,61
00> 57,-141,25
00> 73,-193,24
00> 95,-209,30
00> 73,-194,8
00> 73,-143,-84
00> 79,-100,-3
00> 65,-93,84
00> 107,-197,145
00> 76,-223,116
00> 22,-226,123
00> -53,-262,187
00> -18,-255,117
00> 63,-237,78
00> 184,-143,22
00> 218,-89,-32
00> 178,-50,-29
00> 150,-73,-43
00> 128,-126,-38
00> 118,-169,-81
00> 189,-173,-227
00> 133,-177,-192
00> 103,-156,-142
00> 126,-128,-120
00> 80,-114,-121
00> 15,-108,-68
00> -44,-114,120
00> -15,-150,27
00> -18,-192,-57
00> 70,-185,108
00> 99,-187,94
00> 117,-202,17
00> 111,-28,-13
00> 119,-12,52
00> 168,-46,65
00> 158,-217,23
00> 143,-230,2
00> 117,-229,-1
00> 91,-214,-17
00> 90,-205,2
00> 133,-197,62
00> 152,-180,152
00> 147,-132,103
00> 165,-88,40
00> 145,-142,10
00> 167,-171,22
00> 135,-213,-11
00> 162,-237,-49
00> 157,-202,33
00> 150,-181,-15
00> 92,-94,36
00> 89,-78,-3
00> 91,-132,-99
00> 79,-233,-15
00> 61,-249,-1
00> 64,-226,-31
00> 24,-202,-11
00> 30,-204,33
00> 31,-197,65
00> 89,-236,41
00> 105,-223,-53
00> 101,-205,-62
00> -4,-219,47
00> 27,-217,33
00> 100,-196,57
00> 57,-109,156
00> 86,-87,91
00> 136,-118,44
00> 126,-270,15
00> 90,-264,1
00> 107,-238,41
00> 17,-222,103
00> 21,-218,61
00> -17,-210,95
00> -39,-153,124
00> -16,-151,69
00> -21,-180,-5
00> 68,-255,52
00> 77,-272,30
00> 122,-256,4
00> 106,-98,0
00> 76,-99,43
00> 91,-119,46
00> 32,-224,8
00> 22,-233,-27
00> -8,-233,-27
00> 28,-165,38
00> 45,-164,73
00> 63,-149,97
00> 140,-144,98
00> 136,-133,71
00> 146,-137,22
00> 173,-184,-27
00> 129,-177,6
00> 76,-193,-12
00> -6,-196,70
00> -27,-193,120
00> -23,-211,120
00> 31,-179,20
00> -21,-159,28
00> 24,-135,37
00> 143,-205,-74
00> 85,-185,-36
00> 77,-125,49
00> 88,-97,96
00> 106,-155,152
00> 83,-213,179
00> 58,-140,-102
00> 20,-100,-52
00> -40,-120,38
00> 103,-270,107
00> 80,-246,106
00> 59,-186,157
00> 137,-119,170
00> 134,-124,183
00> 151,-157,160
00> 266,-145,152
00> 252,-77,193
00> 221,-27,141
00> 53,-39,166
00> 56,-112,185
00> 48,-194,175
00> 65,-247,55
00> 93,-220,-18
00> 54,-217,-27
00> -104,-303,37
00> -157,-297,74
00> -94,-223,41
00> 123,-123,60
00> 92,-149,110
00> 90,-146,63
00> 31,-131,37
00> -9,-142,99
00> 38,-166,98
00> 103,-244,216
00> 87,-221,260
00> 128,-205,224
00> 173,-142,88
00> 169,-92,45
00> 186,-71,-24
00> 206,-117,-100
00> 160,-205,-103
00> 72,-250,-115
00> 65,-173,-104
00> 28,-295,-123
00> 76,-405,-88
00> 247,-288,-79
00> 226,-183,-96
00> 239,-59,-70
00> 9,-48,-21
00> 3,-104,38
00> 46,-148,100
00> 29,-209,67
00> 40,-221,51
00> 76,-215,69
00> 42,-104,129
00> 44,-85,244
00> 124,-64,307
00> 109,-180,232
00> 109,-199,74
00> 161,-185,-100
00> 109,-205,-172
00> 87,-223,-219
00> 34,-229,-236
00> -119,-204,-67
00> -110,-172,-27
00> -17,-189,-50
00> 143,-193,-57
00> 130,-165,17
00> 134,-145,27
00> 166,-186,51
00> 135,-223,23
00> 71,-221,33
00> 55,-143,117
00> 70,-186,57
00> 30,-197,53
00> 115,-198,-7
00> 60,-182,-41
00> -3,-168,-49
00> 42,-160,42
00> 89,-161,72
00> 96,-161,45
00> 211,-156,-21
00> 229,-130,3
00> 213,-81,57
00> 294,-91,100
00> 256,-56,41
00> 162,4,34
00> -13,23,199
00> 23,-43,152
00> 17,-156,53
00> 90,-310,-49
00> 93,-269,-50
00> 128,-170,-29
00> 97,-107,-9
00> 114,-121,18
00> 141,-131,90
00> 100,-164,29
00> 58,-182,4
00> 66,-143,-2
00> 74,-248,47
00> 72,-234,93
00> 78,-198,130
00> 20,-133,137
00> -1,-134,129
00> 17,-139,79
00> 49,-175,30
00> 0,-188,30
00> 36,-177,63
00> 27,-142,-16
00> -63,-130,72
00> -66,-130,161
00> -35,-215,64
00> -12,-267,4
00> 23,-275,25
00> 109,-177,-36
00> 139,-131,-30
00> 84,-78,-8
00> 96,-139,122
00> 122,-190,166
00> 125,-238,162
00> 150,-148,-33
00> 108,-79,6
00> 110,-68,84
00> 143,-160,86
00> 153,-151,131
00> 157,-102,148
00> 178,-25,8
00> 148,-84,16
00> 97,-197,4
00> 179,-203,-105
00> 249,-161,-156
00> 198,-105,-101
00> 238,-86,-23
00> 191,-134,34
00> 86,-149,150
00> 176,-205,111
00> 176,-217,94
00> 96,-234,99
00> 119,-252,-8
00> 179,-218,-76
00> 184,-238,-130
00> 92,-152,138
00> 105,-162,186
00> 155,-185,133
00> 86,-233,57
00> 109,-213,18
00> 124,-211,-20
00> 90,-246,-23
00> 80,-213,35
00> 108,-163,69
00> 126,-119,27
00> 163,-128,42
00> 183,-150,37
00> 167,-264,-35
00> 107,-306,-43
00> 69,-317,-23
00> 153,-240,2
00> 100,-214,-9
00> 6,-157,20
00> 50,-56,37
00> 77,-107,-13
00> 34,-181,-29
00> 106,-276,-56
00> 74,-256,-107
00> 110,-218,-150
00> 22,-138,108
00> 79,-138,164
00> 116,-137,140
00> 138,-137,-42
00> 133,-121,-150
00> 101,-138,-194
00> -43,-259,30
00> -3,-279,44
00> 14,-268,20
00> -16,-183,73
00> -32,-150,101
00> -34,-158,84
00> 101,-252,-240
00> 102,-239,-202
00> 61,-208,-169
00> -91,-140,1
00> -141,-136,124
00> -136,-147,188
00> 38,-183,121
00> 52,-194,59
00> 72,-196,39
00> 120,-160,-22
00> 113,-165,-37
00> 60,-125,-72
00> 114,-120,41
00> 84,-153,131
00> 51,-207,156
00> 39,-221,22
00> 13,-200,17
00> -43,-186,41
00> 113,-180,44
00> 104,-189,53
00> 79,-159,85
00> 76,-128,176
00> 89,-165,163
00> 108,-171,108
00> 78,-208,-18
00> 51,-211,-129
00> 51,-167,-158
00> -39,-125,127
00> -11,-155,112
00> -3,-155,66
00> 37,-147,-46
00> 52,-144,-7
00> 58,-166,19
00> 98,-141,69
00> 75,-62,239
00> 111,-6,322
00> 153,-129,170
00> 98,-173,210
00> 59,-204,174
00> 14,-217,56
00> 10,-176,74
00> 30,-149,92
00> 104,-125,180
00> 84,-115,255
00> 66,-92,283
00> 152,-21,173
00> 191,-52,112
00> 146,-82,70
00> 178,-185,-114
00> 168,-218,-102
00> 41,-224,-18
00> 40,-187,96
00> 62,-179,16
00> 30,-207,2
00> 191,-126,55
00> 204,-94,3
00> 197,-96,11
00> 97,-91,8
00> 108,-135,15
00> 100,-216,103
00> 227,-268,-3
00> 224,-223,-48
00> 175,-179,19
00> 132,-100,91
00> 161,-126,112
00> 192,-134,82
00> 161,-154,36
00> 165,-134,25
00> 171,-131,-17
00> 124,-164,-98
00> 112,-179,-56
00> 71,-193,-19
00> -76,-173,45
00> -21,-126,45
00> -13,-78,18
00> -26,-188,-30
00> -51,-185,-15
00> 2,-169,-14
00> 46,-112,12
00> 2,-70,33
00> -6,-66,87
00> 84,-147,97
00> 85,-197,65
00> 99,-226,12
00> 104,-241,28
00> 82,-236,10
00> 57,-212,-13
00> 103,-148,64
00> 105,-177,65
00> 150,-187,68
00> 219,-177,76
00> 212,-134,41
00> 209,-108,-41
00> 17,-150,-56
00> -46,-185,22
00> -35,-182,82
00> 8,-223,-111
00> 11,-227,-148
00> 75,-213,-109
00> 162,-172,-133
00> 107,-140,-116
00> 1,-107,-84
00> 22,-93,-13
00> 56,-161,-48
00> 38,-238,-46
00> 54,-280,-98
00> 22,-238,-91
00> -9,-181,-20
00> 7,-104,74
00> 39,-166,106
00> 65,-205,145
00> 86,-194,114
00> 111,-173,63
00> 98,-158,17
00> 94,-141,-43
00> 16,-161,-21
00> -18,-183,10
00> 47,-191,9
00> 44,-217,-2
00> 63,-201,-4
00> 118,-202,-29
00> 120,-219,-65
00> 65,-194,-58
00> 70,-151,39
00> 82,-159,80
00> 66,-184,117
00> 66,-209,-84
00> 57,-192,-75
00> 55,-158,-20
00> 77,-60,-104
00> 100,-75,-17
00> 112,-127,119
00> 155,-195,204
00> 137,-168,204
00> 62,-147,274
00> 80,-105,79
00> 154,-117,-16
00> 91,-122,40
00> 68,-123,265
00> 92,-112,168
00> 90,-145,80
00> 127,-231,152
00> 147,-233,64
00> 216,-185,10
00> 195,-68,130
00> 218,-36,150
00> 253,-21,151
00> 163,-160,111
00> 162,-183,86
00> 156,-209,59
00> 64,-178,45
00> 75,-155,143
00> 82,-170,212
00> 152,-141,248