00> 2,-252,-72
00> 61,-263,-54
00> 164,-272,-91
00> 274,-263,60
00> 337,-250,196
00> 266,-239,273
00> 152,-54,182
00> 101,-22,157
00> 27,-54,153
00> -5,-326,-32
00> 10,-360,-82
00> -4,-371,-141
00> 41,-154,-104
00> 10,-143,-42
00> 18,-149,12
00> 135,-186,337
00> 207,-213,324
00> 235,-194,292
00> 148,-77,149
00> 0,-105,113
00> 1,-119,44
00> 34,-86,-6
00> 36,-88,-26
00> 88,-77,-30
00> 194,-72,-2
00> 163,-139,20
00> 207,-158,62
00> 201,-35,122
00> 181,43,137
00> 181,118,121
00> 108,-27,-1
00> 111,-104,-78
00> 142,-161,-151
00> 34,-255,-166
00> -7,-233,-92
00> 23,-194,-48
00> -19,-185,103
00> 29,-177,144
00> 83,-179,152
00> 166,-147,-20
00> 229,-94,-10
00> 273,-75,-18
00> -24,-125,133
00> 6,-114,147
00> 0,-106,122
00> 59,-147,-25
00> 55,-138,8
00> 154,-150,26
00> 175,-166,76
00> 140,-111,106
00> 55,-50,123
00> 1,-59,172
00> 54,-113,92
00> 19,-218,25
00> 37,-306,-35
00> 21,-276,-83
00> 33,-231,-117
00> 77,-81,11
00> 65,-100,76
00> 77,-107,124
00> 120,-128,176
00> 100,-176,151
00> 84,-223,123
00> 143,-117,-96
00> -49,-114,-49
00> -34,-61,-2
00> 66,-60,-22
00> 78,-82,-44
00> 53,-142,-9
00> 389,-76,-69
00> 337,-120,-81
00> 364,-161,-59
00> 178,-124,-57
00> 91,-75,11
00> 124,-16,68
00> 89,-69,12
00> 131,-92,-20
00> 181,-138,-10
00> 223,-88,27
00> 220,-69,13
00> 165,-66,31
00> 164,-1,156
00> 156,-20,141
00> 172,-64,98
00> 187,-139,-78
00> 171,-149,-121
00> 51,-190,-136
00> -62,-196,47
00> -78,-176,93
00> -111,-188,97
00> 26,-229,-17
00> 125,-256,-60
00> 148,-300,-162
00> 76,-180,-84
00> -21,-110,-70
00> -55,-85,-18
00> 76,-172,81
00> 50,-239,57
00> 23,-284,39
00> 0,-257,-42
00> -35,-272,-45
00> -22,-258,53
00> 75,-143,208
00> 95,-100,199
00> 78,-72,192
00> 128,-150,89
00> 106,-201,96
00> 69,-239,136
00> 63,-272,50
00> -68,-302,64
00> -243,-317,171
00> -113,-267,196
00> -90,-244,147
00> -57,-221,77
00> 135,-283,53
00> 103,-297,72
00> 132,-278,53
00> -17,-125,111
00> -50,-96,126
00> -18,-80,108
00> -29,-253,47
00> 7,-280,-12
00> 25,-280,-55
00> 8,-163,-42
00> 19,-124,-41
00> 10,-122,-19
00> -201,-274,182
00> -199,-261,192
00> -140,-251,183
00> -87,-248,92
00> -37,-243,54
00> 23,-219,-11
00> -266,-227,103
00> -182,-214,122
00> -149,-196,90
00> -86,-250,20
00> 39,-238,14
00> 139,-220,-4
00> 156,-114,90
00> 49,-68,92
00> 12,-49,124
00> 38,-128,98
00> 54,-184,19
00> 91,-240,-42
00> 93,-242,-110
00> 63,-205,-83
00> 66,-162,-42
00> 66,-63,91
00> 95,-59,180
00> 96,-74,217
00> 144,-116,244
00> 135,-149,238
00> 101,-123,249
00> 72,-168,30
00> -109,-201,70
00> -121,-187,93
00> 30,-172,-31
00> 70,-160,-20
00> 93,-142,19
00> 183,-190,-41
00> 151,-151,-6
00> 156,-136,4
00> 15,-81,92
00> 51,-69,109
00> 103,-87,142
00> 50,-195,-7
00> 65,-206,-68
00> 48,-210,-44
00> -9,-235,-6
00> -32,-241,20
00> 24,-203,64
00> 89,-131,192
00> 159,-104,188
00> 183,-105,121
00> 255,-117,-13
00> 222,-122,-95
00> 17,-147,-13
00> 55,-107,131
00> 102,-82,136
00> 146,-56,144
00> 318,-52,-10
00> 227,-142,-7
00> 211,-167,37
00> 18,-189,78
00> 16,-160,94
00> 86,-105,81
00> 21,-152,146
00> 50,-156,110
00> 87,-140,23
00> 14,-193,-38
00> 12,-208,-54
00> 53,-210,-45
00> 63,-140,135
00> 84,-125,93
00> 136,-90,61
00> 125,-99,1
00> 136,-118,-71
00> 158,-109,-103
00> -54,-140,311
00> 2,-171,376
00> -3,-216,364
00> 126,-220,57
00> 237,-186,-5
00> 242,-191,-6
00> 192,-95,51
00> 112,-63,105
00> 52,-46,193
00> 30,-145,252
00> -35,-180,223
00> -29,-188,145
00> 35,-159,-5
00> -5,-181,12
00> -46,-181,43
00> -16,-192,148
00> -22,-194,189
00> -1,-214,214
00> 55,-194,165
00> 69,-180,134
00> 67,-165,109
00> -78,-166,60
00> -138,-156,119
00> -62,-162,120
00> -7,-175,-50
00> 6,-213,-50
00> 98,-228,-75
00> 183,-192,-14
00> 173,-155,-18
00> 93,-76,12
00> 106,-15,63
00> 164,-66,-7
00> 158,-175,-49
00> 156,-292,-93
00> 161,-294,-138
00> 123,-282,-137
00> 112,-168,-34
00> 140,-140,-46
00> 189,-116,-22
00> 262,-130,48
00> 297,-114,-17
00> 261,-108,-78
00> 208,-74,-222
00> -12,-140,-166
00> -34,-167,-71
00> 24,-212,-9
00> -12,-247,62
00> -21,-250,146
00> 55,-237,155
00> 61,-177,293
00> 59,-99,337
00> 3,-31,169
00> 33,-35,166
00> 69,-92,165
00> 60,-262,19
00> 42,-301,-10
00> 65,-308,-38
00> -9,-283,-143
00> -13,-236,-44
00> -10,-180,64
00> 125,-140,111
00> 166,-111,169
00> 171,-117,220
00> 172,-105,7
00> 76,-103,53
00> -34,-102,166
00> 121,-114,159
00> 74,-119,98
00> 78,-82,75
00> 218,-144,-39
00> 194,-173,-47
00> 234,-165,-35
00> -5,-87,110
00> 24,-59,148
00> 64,-59,172
00> -12,-121,178
00> -43,-125,158
00> -4,-89,128
00> -20,-30,123
00> 24,-59,38
00> 85,-101,22
00> 126,-167,143
00> 156,-126,108
00> 174,-103,84
00> 43,-165,109
00> 116,-164,9
00> 92,-180,-39
00> 84,-91,88
00> 169,-26,53
00> 179,25,-35
00> 251,-27,-69
00> 295,-117,-79
00> 254,-207,-106
00> 149,-119,85
00> 94,-31,164
00> 59,37,195
00> 83,91,232
00> 48,55,227
00> 26,-54,142
00> 21,-210,-109
00> -5,-187,-111
00> -10,-181,-124
00> 23,-116,29
00> 15,-131,139
00> 10,-169,218
00> 122,-150,185
00> 66,-144,143
00> 20,-152,110
00> 40,-214,77
00> -80,-224,103
00> -4,-228,81
00> 22,-229,-68
00> 16,-221,-34
00> 120,-219,-1
00> 207,-169,20
00> 167,-111,46
00> 107,-94,53
00> 27,-53,74
00> 46,-71,75
00> 54,-99,37
00> 63,-216,-147
00> 69,-261,-186
00> 60,-274,-179
00> 45,-191,-57
00> 71,-161,-22
00> 73,-117,13
00> 10,-138,160
00> 54,-149,157
00> 96,-160,140
00> 53,-186,43
00> 74,-164,-27
00> 65,-137,-57
00> -138,-77,31
00> -101,-108,19
00> -68,-155,14
00> 32,-254,159
00> 126,-282,144
00> 130,-298,102
00> 137,-226,90
00> 145,-175,86
00> 42,-127,71
00> 85,-99,137
00> 76,-169,169
00> 14,-258,176
00> 64,-331,-62
00> 81,-316,-127
00> 67,-259,-121
00> 108,-147,-37
00> 146,-139,1
00> 179,-128,22
00> 158,-173,35
00> 224,-150,18
00> 198,-137,17
00> 114,-161,-109
00> -5,-224,-117
00> -130,-227,-4
00> -46,-240,10
00> 12,-226,-16
00> 24,-193,16
00> 241,-138,93
00> 299,-94,96
00> 362,-61,156
00> 304,-31,229
00> 119,-49,273
00> 100,0,295
00> 35,-64,183
00> -6,-164,174
00> 37,-208,210
00> -93,-354,164
00> -44,-301,146
00> -28,-216,203
00> 2,-92,276
00> 30,-71,243
00> 65,-73,201
00> 66,-161,58
00> 35,-174,54
00> 90,-123,36
00> -54,-175,164
00> 36,-189,155
00> 40,-182,128
00> -60,-102,38
00> -63,-78,29
00> 23,-75,-11
00> 114,-196,-122
00> 123,-191,-130
00> 65,-171,-76
00> 4,-123,54
00> 37,-156,60
00> 45,-190,35
00> 90,-245,-149
00> 83,-255,-185
00> 76,-257,-186
00> 53,-225,-48
00> 42,-228,-10
00> -10,-207,77
00> -57,-177,116
00> -28,-176,99
00> 9,-153,51
00> 62,-144,-41
00> 36,-175,-73
00> -77,-204,-68
00> -76,-182,59
00> -80,-180,73
00> -25,-141,-2
00> 118,-158,-57
00> 194,-183,-40
00> 164,-204,-14
00> 137,-53,-85
00> 81,-69,-57
00> 49,-81,12
00> 154,-219,-57
00> 126,-265,-55
00> 121,-257,-48
00> 104,-207,-22
00> 128,-226,-3
00> 230,-184,-25
00> 172,-67,91
00> 148,-33,111
00> 139,-42,92
00> 132,-195,18
00> 104,-237,9
00> 125,-258,-45
00> 51,-205,-66
00> -105,-178,23
00> -105,-157,80
00> -45,-202,100
00> -42,-238,175
00> 37,-265,253
00> 218,-170,92
00> 231,-104,45
00> 158,-81,21
00> 27,-80,95
00> 38,-109,114
00> 49,-148,106
00> 27,-231,14
00> 12,-244,-48
00> -19,-260,-76
00> -15,-214,-1
00> 23,-207,0
00> 75,-159,56
00> 67,-132,122
00> 126,-156,97
00> 143,-183,44
00> 96,-188,6
00> 112,-203,10
00> 80,-211,71
00> 97,-153,84
00> 139,-130,54
00> 168,-134,55
00> 169,-140,17
00> 234,-163,-44
00> 205,-177,-34
00> 128,-118,168
00> 116,-78,164
00> 105,-69,193
00> 54,-153,218
00> 53,-175,174
00> 77,-171,111
00> 52,-213,-66
00> 43,-223,-50
00> 60,-223,-18
00> 80,-159,107
00> 111,-157,105
00> 124,-136,121
00> 86,-192,64
00> 66,-204,26
00> 90,-197,-39
00> -106,-177,-12
00> -54,-156,0
00> -29,-139,-42
00> -3,-190,-69
00> 44,-186,-17
00> 130,-217,-22
00> 200,-128,51
00> 133,-93,117
00> 77,-42,154
00> 50,-70,266
00> 68,-137,221
00> 65,-210,175
00> 77,-198,44
00> 67,-175,34
00> 73,-154,56
00> 127,-59,124
00> 121,-89,138
00> 92,-110,154
00> 91,-130,211
00> 108,-139,171
00> 125,-141,83
00> 96,-167,-103
00> 25,-232,-153
00> -70,-266,-82
00> -27,-189,-98
00> 74,-181,-151
00> 54,-178,-104
00> 245,-179,-74
00> 207,-183,-69
00> 227,-111,-26
00> 94,-47,57
00> 75,-109,50
00> 110,-145,-16
00> 132,-307,-42
00> 186,-283,-50
00> 172,-244,-73
00> 100,-111,-77
00> 116,-78,-18
00> 148,-83,92
00> 202,-155,259
00> 255,-193,246
00> 243,-218,176
00> 166,-96,19
00> 151,-95,-66
00> 65,-136,-115
00> -78,-243,64
00> -107,-235,19
00> -52,-225,1
00> 153,-205,80
00> 193,-187,24
00> 125,-182,31
00> 42,-120,47
00> 24,-128,73
00> 4,-121,122
00> 115,-206,74
00> 116,-259,34
00> 144,-295,-32
00> 224,-208,-165
00> 226,-141,-113
00> 226,-78,-112
00> 240,-24,-17
00> 250,-31,42
00> 263,-79,29
00> 230,-149,17
00> 175,-147,-16
00> 154,-137,-86
00> -48,-152,106
00> -45,-186,189
00> -68,-215,152
00> 52,-217,136
00> 179,-185,135
00> 178,-174,107
00> 83,-89,113
00> 26,-57,97
00> -2,-70,112
00> 70,-200,196
00> 38,-245,158
00> -14,-248,138
00> 5,-199,-31
00> -20,-183,-23
00> -22,-173,37
00> 29,-141,129
00> 50,-148,179
00> 86,-140,215
00> 75,-150,316
00> -35,-182,302
00> -52,-222,228
00> -87,-174,-35
00> -152,-79,79
00> -22,-14,96
00> 43,-96,-5
00> 52,-128,-8
00> 158,-150,-31
00> 143,-161,80
00> 143,-125,164
00> 68,-69,206
00> 65,-22,263
00> 83,-46,242
00> 33,-156,185
00> 72,-264,-23
00> 42,-277,-40
00> 2,-281,-37
00> 59,-242,-8
00> 75,-192,44
00> 77,-177,122
00> 205,-159,139
00> 246,-158,108
00> 191,-160,77
00> 174,-131,-47
00> 78,-193,-66
00> -86,-194,28
00> -24,-164,16
00> 7,-188,-36
00> 4,-232,-10
00> 176,-224,-53
00> 128,-182,-10
00> 151,-105,27
00> 19,-67,34
00> 35,-111,66
00> 107,-172,71
00> 133,-284,-98
00> 143,-257,-108
00> 140,-231,-137
00> 108,-156,-152
00> 140,-145,-112
00> 173,-123,-70
00> 241,-142,34
00> 261,-96,8
00> 275,-64,-8
00> 171,-102,-61
00> 189,-122,-102
00> 98,-166,-95
00> -65,-197,103
00> -105,-181,102
00> -83,-166,57
00> 117,-221,21
00> 153,-272,-19
00> 136,-249,14
00> 85,-63,50
00> 73,-43,56
00> 61,-72,85
00> 97,-278,44
00> 53,-309,49
00> 53,-284,3
00> 50,-268,-155
00> 40,-241,-142
00> 9,-218,-66
00> 131,-150,102
00> 177,-114,109
00> 192,-99,117
00> 105,-149,21
00> 85,-156,8
00> 92,-186,-36
00> -105,-223,46
00> -53,-223,89
00> -50,-219,80
00> -31,-252,67
00> 90,-232,14
00> 171,-212,-46
00> 122,-119,30
00> 85,-96,39
00> 45,-114,47
00> 112,-196,115
00> 119,-242,165
00> 71,-248,187
00> 48,-187,-36
00> 49,-165,-124
00> 30,-149,-134
00> 106,-175,16
00> 142,-166,55
00> 153,-129,82
00> 199,-94,13
00> 163,-125,20
00> 103,-169,38
00> 141,-131,-30
00> 92,-152,-39
00> -97,-170,60
00> -151,-228,183
00> -97,-232,114
00> -54,-241,100
00> 182,-220,28
00> 139,-230,68
00> 182,-148,90
00> 43,-8,137
00> 42,-20,177
00> 93,-41,153
00> 125,-194,136
00> 131,-229,90
00> 128,-210,57
00> 69,-115,0
00> 65,-92,-29
00> 79,-70,0
00> 101,-118,14
00> 70,-129,36
00> 61,-134,48
00> 20,-249,-28
00> -89,-279,78
00> -121,-326,112
00> -284,-307,-44
00> -228,-246,13
00> -180,-203,53
00> -90,-277,-19
00> -2,-289,-24
00> 126,-262,-41
00> 185,-80,-42
00> 132,-8,-10
00> 69,32,54
00> 40,-52,187
00> 114,-124,140
00> 185,-198,99
00> 127,-238,-57
00> 139,-208,-106
00> 111,-158,-66
00> 132,-108,89
00> 155,-92,183
00> 128,-58,264
00> 145,-140,140
00> 168,-136,56
00> 123,-148,-21
00> 219,-149,-143
00> 99,-197,-134
00> -87,-197,-65
00> -26,-174,54
00> -3,-243,28
00> 28,-309,65
00> 208,-255,109
00> 138,-184,153
00> 124,-71,188
00> -6,35,175
00> -34,42,191
00> -46,-27,228
00> 74,-308,137
00> 16,-343,83
00> 57,-329,35
00> 41,-178,-59
00> 21,-166,-50
00> 39,-134,1
00> 31,-106,181
00> 59,-103,194
00> 97,-100,156
00> 188,-241,-73
00> 208,-233,-121
00> 229,-224,-206
00> -31,-165,-16
00> 38,-166,0
00> 39,-185,-12
00> 93,-237,92
00> 205,-220,15
00> 248,-226,-55
00> 181,-160,-4
00> 167,-105,46
00> 80,-77,57
00> 116,-108,35
00> 108,-173,75
00> 62,-234,118
00> 26,-238,8
00> 14,-208,-14
00> 4,-204,-8
00> 66,-163,131
00> 108,-78,166
00> 137,-36,170
00> 122,-76,51
00> 138,-94,35
00> 155,-127,44
00> 93,-149,2
00> 118,-148,-83
00> 26,-186,-74
00> 34,-169,93
00> 57,-141,67
00> 72,-160,51
00> 159,-172,18
00> 270,-175,-51
00> 246,-208,-47
00> 81,-126,112
00> 53,-86,115
00> 44,-75,169
00> 59,-173,166
00> 44,-208,129
00> 44,-216,67
00> 7,-197,-52
00> 38,-176,-72
00> 106,-145,-51
00> 96,-169,119
00> 61,-163,201
00> 61,-107,232
00> 53,-129,151
00> 51,-158,104
00> 42,-190,104
00> 108,-205,10
00> -56,-230,34
00> -58,-180,86
00> -27,-155,77
00> 32,-151,34
00> 24,-191,6
00> 175,-240,-66
00> 154,-250,-31
00> 168,-201,25
00> 31,-193,143
00> 14,-168,199
00> 23,-177,147
00> 35,-231,-10
00> 63,-256,-78
00> 93,-261,-122
00> 99,-208,-93
00> 104,-177,-82
00> 123,-133,-65
00> 174,-61,77
00> 183,-97,95
00> 197,-114,59
00> 108,-193,-19
00> 137,-195,-75
00> 163,-180,-147
00> -110,-282,-58
00> -174,-316,38
00> -136,-326,94
00> 30,-276,33
00> 44,-222,46
00> 139,-154,-3
00> 153,-91,-7
00> 133,-93,37
00> 65,-107,57
00> 74,-101,71
00> 129,-119,56
00> 126,-149,55
00> 44,-258,-34
00> 9,-256,-56
00> -42,-256,-52
00> -32,-200,-33
00> 25,-188,42
00> 31,-160,124
00> 168,-118,155
00> 179,-154,140
00> 152,-129,144
00> 120,-123,17
00> 25,-172,1
00> -118,-196,104
00> -100,-253,97
00> -37,-251,8
00> 8,-236,2
00> 193,-186,15
00> 164,-146,20
00> 190,-91,46
00> 54,-37,131
00> 61,-49,184
00> 91,-84,157
00> 66,-214,102
00> 59,-236,91
00> 46,-248,21
00> 32,-184,-68
00> 58,-192,-43
00> 109,-184,21
00> 165,-135,136
00> 232,-113,126
00> 212,-103,147
00> 107,-115,173
00> 116,-120,108
00> 176,-122,42
00> -37,-187,121
00> -37,-199,169
00> -6,-214,126
00> 78,-174,56
00> 198,-165,-9
00> 202,-201,22
00> 164,20,198
00> 176,130,190
00> 121,140,192
00> 135,-89,198
00> 61,-155,203
00> 56,-223,159
00> 91,-194,-65
00> 39,-172,-2
00> 47,-168,72
00> 41,-187,201
00> 39,-198,204
00> 117,-182,165
00> 93,-219,70
00> 113,-205,53
00> 202,-175,2
00> 83,-176,-19
00> -58,-162,29
00> 13,-115,27
00> 44,-148,-51
00> 31,-195,-56
00> 88,-202,-35
00> 160,-202,-18
00> 160,-146,-7
00> 83,-73,68
00> -27,-46,246
00> 30,-112,199
00> 43,-192,163
00> 26,-261,45
00> 38,-256,2
00> 25,-241,-8
00> 13,-208,78
00> 12,-183,140
00> 35,-173,190
00> 235,-110,107
00> 256,-158,0
00> 254,-182,-77
00> 309,-154,-189
00> 214,-150,-223
00> 54,-182,-163
00> 49,-214,-15
00> 94,-218,-90
00> 108,-247,-80
00> 176,-202,3
00> 128,-167,59
00> 143,-115,121
00> 26,-29,80
00> 10,-59,130
00> 33,-145,118
00> 130,-329,38
00> 107,-338,3
00> 74,-312,-36
00> 13,-213,-135
00> 23,-203,-145
00> -3,-191,-99
00> 126,-132,176
00> 182,-133,210
00> 78,-181,217
00> 0,-231,104
00> 72,-232,15
00> 5,-235,14
00> -20,-215,2
00> -16,-181,-37
00> -21,-204,-51
00> 238,-253,-60
00> 260,-257,-93
00> 195,-233,-53
00> 62,-19,88
00> 56,-22,175
00> 24,-36,254
00> -102,-310,283
00> -182,-355,241
00> -174,-353,172
00> -71,-364,-49
00> -35,-312,-67
00> 9,-245,-22
00> 37,-160,25
00> 108,-140,42
00> 112,-149,39
00> 68,-205,41
00> 89,-195,-16
00> 81,-212,-41
00> -95,-189,108
00> -104,-198,107
00> -86,-273,21
00> -17,-414,-17
00> 132,-370,-84
00> 108,-330,-143
00> 91,-40,5
00> 5,16,44
00> -8,4,72
00> 101,-155,286
00> 29,-207,304
00> 18,-259,270
00> 4,-170,100
00> -48,-189,138
00> -39,-222,170
00> 14,-225,335
00> 71,-147,363
00> 98,-105,339
00> 160,-59,50
00> 172,-41,-51
00> 152,-53,-77
00> -136,-128,151
00> -84,-120,245
00> -10,-150,241
00> 59,-244,6
00> 74,-220,15
00> 147,-220,22
00> 171,-146,58
00> 129,-107,69
00> 107,-74,87
00> 142,-48,141
00> 142,-80,126
00> 118,-127,105
00> 84,-222,-23
00> 70,-203,-48
00> 73,-208,7
00> 66,-160,148
00> 33,-148,214
00> -2,-114,246
00> 5,-93,229
00> 38,-102,240
00> 45,-122,191
00> 150,-34,47
00> 112,-33,-5
00> -63,-94,33
00> -68,-222,135
00> -33,-247,54
00> 2,-254,5
00> 187,-121,-21
00> 123,-125,-47
00> 132,-93,-15
00> 38,-49,15
00> -7,-91,112
00> -12,-124,209
00> 70,-241,144
00> 72,-219,81
00> 111,-180,5
00> 224,-64,-23
00> 224,-50,-9
00> 211,-53,62
00> 221,-57,168
00> 219,-77,143
00> 208,-92,128
00> 111,-187,143
00> 71,-202,109
00> 69,-195,19
00> -188,-268,98
00> -89,-258,97
00> -17,-249,49
00> 106,-174,6
00> 171,-136,11
00> 223,-118,-28
00> 166,-118,35
00> 88,-137,46
00> 23,-174,72
00> 39,-229,127
00> 32,-275,65
00> -8,-288,12
00> 61,-325,-54
00> 73,-310,-33
00> 40,-302,-23
00> 121,-152,-25
00> 141,-111,56
00> 178,-120,116
00> 220,-171,63
00> 218,-168,14
00> 192,-149,7
00> 103,-155,-98
00> 9,-179,-49
00> 12,-174,-7
00> -3,-270,-27
00> 17,-279,-5
00> 72,-264,-1
00> 133,-222,-18
00> 202,-164,13
00> 159,-123,29
00> 115,-8,103
00> 156,-31,168
00> 134,-90,219
00> 111,-188,90
00> 117,-227,24
00> 119,-270,-26
00> 67,-150,55
00> 95,-98,111
00> 126,-54,191
00> 136,-77,219
00> 191,-118,123
00> 192,-157,83
00> 117,-160,21
00> 109,-143,-44
00> 61,-172,-61
00> -83,-242,185
00> -81,-251,175
00> -68,-270,124
00> 99,-189,155
00> 232,-183,84
00> 197,-197,17
00> 104,-65,46
00> 45,-43,54
00> 34,-64,78
00> 57,-133,147
00> 69,-195,135
00> 88,-209,74
00> 83,-192,-180
00> 73,-199,-183
00> 26,-209,-111
00> 72,-186,-49
00> 81,-166,23
00> 43,-148,78
00> 130,-128,49
00> 155,-135,-6
00> 147,-137,-37
00> 146,-129,-103
00> -56,-180,-16
00> -92,-183,62
00> 4,-169,57
00> 24,-187,96
00> 77,-171,84
00> 127,-157,104
00> 123,-132,140
00> 127,-131,124
00> 60,-124,84
00> 52,-140,127
00> 89,-145,126
00> 88,-193,3
00> 86,-195,-2
00> 85,-194,-9
00> 112,-188,-15
00> 130,-153,-22
00> 127,-148,-22
00> 121,-186,76
00> 113,-252,28
00> 111,-300,-15
00> 134,-254,-69
00> 164,-185,-141
00> 115,-132,-168
00> -2,-141,67
00> -15,-153,73
00> -4,-179,30
00> 126,-279,-2
00> 209,-279,-58
00> 186,-269,-31
00> 169,-147,46
00> 74,-71,25
00> 18,-39,6
00> 70,-156,86
00> 49,-242,60
00> 29,-287,16
00> 38,-253,-117
00> 27,-223,-109
00> 15,-194,-82
00> -30,-209,134
00> 19,-233,146
00> 29,-278,113
00> 34,-305,-153
00> 38,-271,-181
00> 38,-233,-200
00> -119,-193,15
00> -50,-203,97
00> -37,-206,129
00> 7,-263,73
00> 120,-209,52
00> 181,-199,52
00> 166,-154,49
00> 196,-85,38
00> 127,-73,38
00> 96,-113,14
00> 159,-139,-3
00> 111,-186,24
00> 29,-183,40
00> 10,-176,1
00> -27,-195,5
00> -17,-252,157
00> 45,-271,195
00> 96,-219,199
00> 91,-52,135
00> 66,-51,78
00> 39,-98,65
00> 39,-233,27
00> -108,-256,78
00> -77,-224,97
00> 20,-179,19
00> 29,-197,30
00> 75,-180,38
00> 232,-178,-35
00> 182,-210,3
00> 195,-175,45
00> 44,-34,98
00> 17,-44,130
00> 34,-79,113
00> 92,-260,35
00> 120,-277,-87
00> 136,-247,-186
00> 112,-139,-174
00> 112,-115,-97
00> 109,-113,1
00> 181,-75,137
00> 175,-132,130
00> 134,-167,124
00> 220,-169,73
00> 100,-194,41
00> -78,-178,104
00> -46,-140,108
00> -61,-161,108
00> -61,-242,122
00> 108,-274,69
00> 122,-243,19
00> 80,-202,11
00> 17,-128,95
00> -35,-118,193
00> -61,-128,193
00> 49,-220,21
00> 67,-264,-28
00> 101,-275,-126
00> 83,-220,-136
00> 118,-173,-131
00> 109,-149,-69
00> 150,-154,69
00> 174,-179,65
00> 172,-209,70
00> 150,-129,-15
00> 144,-104,-94
00> 43,-145,-114
00> -183,-349,83
00> -180,-384,76
00> -82,-364,-15
00> 55,-271,40
00> 131,-227,68
00> 146,-189,52
00> 133,-68,134
00> 47,-60,114
00> 5,-64,119
00> 108,-214,153
00> 105,-278,135
00> 85,-322,78
00> 35,-261,-76
00> -15,-242,-91
00> -14,-217,-81
00> 66,-152,61
00> 62,-172,108
00> 136,-140,165
00> 161,-68,352
00> 131,-77,286
00> 139,-100,140
00> -51,-187,93
00> -62,-223,49
00> -33,-231,-21
00> 61,-226,22
00> 105,-211,23
00> 189,-216,-26
00> 170,-149,15
00> 66,-107,90
00> 10,-82,105
00> 76,-98,253
00> 91,-149,272
00> 48,-229,206
00> 60,-252,-123
00> 6,-237,-127
00> -22,-227,-95
00> 60,-213,56
00> 97,-204,109
00> 131,-167,107
00> 108,-93,111
00> 41,-123,143
00> 40,-142,97
00> -222,-242,253
00> -197,-232,256
00> -80,-226,152
00> -30,-237,-58
00> -15,-241,5
00> 70,-180,64
00> 176,-98,61
00> 187,-66,24
00> 111,-59,63
00> 39,-91,186
00> 55,-126,148
00> 56,-191,141
00> 83,-218,-22
00> 99,-213,-75
00> 79,-220,-96
00> 74,-162,24
00> 103,-124,93
00> 118,-117,136
00> 213,-119,179
00> 181,-135,133
00> 143,-144,102
00> 139,-148,-75
00> 11,-209,-63
00> -61,-192,32
00> 44,-65,93
00> -11,-44,41
00> -24,-39,15
00> 92,-380,63
00> 102,-485,21
00> 136,-455,10
00> 5,-107,84
00> -54,-30,147
00> -83,-20,183
00> 20,-258,63
00> 38,-315,9
00> 72,-312,-61
00> 131,-195,-100
00> 125,-158,-66
00> 149,-117,-47
00> 212,-54,87
00> 212,-75,89
00> 198,-107,61
00> 114,-139,7
00> 52,-194,-18
00> -79,-253,20
00> -76,-294,129
00> -50,-318,73
00> -17,-280,-15
00> 110,-188,62
00> 148,-178,32
00> 100,-184,21
00> 79,-92,117
00> 49,-72,101
00> 44,-85,131
00> 74,-227,146
00> 39,-275,105
00> 31,-297,54
00> 6,-262,-94
00> -1,-222,-49
00> 12,-167,10
00> 120,-61,114
00> 161,-79,105
00> 149,-123,94
00> 116,-197,-43
00> 115,-212,-49
00> 72,-210,-78
00> -43,-231,28
00> -22,-222,34
00> -34,-223,19
00> 99,-246,52
00> 228,-211,45
00> 244,-205,23
00> 171,-73,64
00> 96,-44,55
00> 38,-51,72
00> 103,-187,77
00> 64,-245,26
00> 52,-278,-27
00> 43,-251,-7
00> 93,-262,71
00> 176,-216,186
00> 227,-65,99
00> 241,5,80
00> 224,67,162
00> 72,-86,168
00> 57,-146,160
00> 121,-191,111
00> 15,-268,252
00> -42,-263,390
00> 76,-219,378
00> 81,-29,222
00> 62,3,232
00> 109,-23,188
00> 252,-134,212
00> 201,-105,228
00> 52,-56,192
00> 88,-139,176
00> 87,-195,151
00> 57,-236,131
00> 50,-178,-97
00> 54,-196,-102
00> 53,-236,-82
00> 103,-97,106
00> 130,-70,135
00> 137,-99,165
00> 205,-137,152
00> 200,-117,77
00> 160,-85,28
00> 204,-65,27
00> 244,-90,-70
00> 155,-161,-118
00> 89,-8,-3
00> 77,24,-28
00> 86,-40,-1
00> 229,-263,-85
00> 243,-236,-73
00> 193,-147,4
00> 75,-80,75
00> 25,-109,142
00> -29,-151,148
00> -16,-211,0
00> -28,-239,-45
00> 9,-278,-95
00> 56,-310,-30
00> 64,-281,-49
00> 93,-212,-40
00> 59,-107,181
00> 86,-127,207
00> 102,-150,175
00> 194,-161,80
00> 220,-183,39
00> 261,-144,19
00> 257,-96,-50
00> 79,-143,16
00> 24,-146,144
00> -19,-196,115
00> 59,-180,46
00> 112,-146,77
00> 103,-253,80
00> 81,-261,75
00> 66,-274,94
00> -49,-177,80
00> -2,-156,102
00> 49,-158,103
00> 27,-133,10
00> 51,-158,-37
00> 70,-185,-75
00> 41,-192,7
00> 135,-129,17
00> 191,-103,59
00> 189,-90,249
00> 154,-130,212
00> 127,-159,100
00> 157,-214,-27
00> 143,-237,-57
00> 132,-223,-63
00> 28,-230,-66
00> -84,-221,-10
00> -72,-174,13
00> -62,-153,105
00> -34,-169,116
00> 53,-199,93
00> 117,-289,47
00> 123,-217,73
00> 87,-99,84
00> 15,-38,79
00> 84,-105,69
00> 119,-175,58
00> 40,-169,88
00> 68,-102,-27
00> 42,-101,-113
00> 124,-130,108
00> 180,-98,153
00> 183,-33,142
00> 140,-53,10
00> 79,-124,61
00> 19,-236,96
00> 199,-255,-69
00> 169,-223,-98
00> 90,-168,-100
00> 31,-103,-33
00> -122,-150,64
00> -91,-144,169
00> 10,-147,56
00> 30,-209,6
00> 82,-232,-16
00> 128,-196,88
00> 129,-93,87
00> 109,1,88
00> -24,-79,136
00> 45,-136,114
00> 118,-185,75
00> 88,-192,-18
00> 105,-145,-19
00> 95,-103,-9
00> 100,-89,-3
00> 146,-94,2
00> 187,-78,44
00> 46,-61,48
00> 65,-49,20
00> 106,-61,-3
00> 116,-229,-142
00> 126,-233,-171
00> 169,-209,-180
00> -111,-206,-54
00> -41,-191,2
00> 33,-192,34
00> 119,-204,-40
00> 160,-219,-60
00> 207,-222,-119
00> 108,-104,-33
00> 109,-54,-20
00> 69,-22,21
00> 74,-221,-75
00> 112,-316,-99
00> 51,-381,-74
00> -5,-352,-103
00> 57,-298,-143
00> 123,-221,-139
00> 62,-152,-84
00> 87,-139,-5
00> 73,-160,60
00> 85,-215,156
00> 94,-198,175
00> 73,-185,88
00> 40,-195,-9
00> -6,-203,-22
00> -102,-207,-25
00> -64,-207,-6
00> -24,-227,26
00> 1,-253,58
00> 156,-280,-81
00> 113,-269,-63
00> 152,-215,-51
00> 15,-109,-33
00> 17,-95,0
00> 61,-132,28
00> 26,-302,44
00> -3,-343,12
00> 16,-329,-50
00> -38,-291,-162
00> -48,-277,-85
00> -50,-267,-29
00> 55,-180,32
00> 31,-144,108
00> -21,-173,120
00> 101,-223,15
00> 97,-243,-25
00> 39,-245,-27
00> 3,-233,-83
00> -100,-223,-19
00> -64,-235,14
00> 39,-214,11
00> -35,-221,20
00> 60,-196,25
00> 71,-254,-12
00> 87,-239,-9
00> 106,-169,-12
00> -64,-110,64
00> -95,-84,121
00> -25,-103,127
00> -68,-257,151
00> -50,-259,93
00> 3,-229,3
00> -50,-150,-38
00> -38,-154,67
00> 15,-154,125
00> 55,-71,187
00> 48,-58,165
00> 43,-69,91
00> 73,-146,42
00> 30,-168,50
00> 38,-186,-16
00> -139,-204,71
00> -114,-161,97
00> -58,-134,45
00> 19,-157,-90
00> 67,-148,-78
00> 128,-166,-84
00> 133,-176,-65
00> 187,-134,-61
00> 127,-98,-18
00> -10,-46,184
00> 33,-51,152
00> 75,-68,82
00> -24,30,-4
00> -26,68,-41
00> -33,-5,-77
00> -84,-266,-14
00> -53,-259,51
00> -11,-203,115
00> 30,-78,223
00> 68,-40,227
00> 93,-28,192
00> 72,-163,63
00> 108,-169,11
00> 64,-186,-5
00> -55,-207,121
00> -70,-197,59
00> -56,-219,-55
00> 18,-252,-84
00> 114,-238,-92
00> 178,-245,-118
00> 209,-132,-88
00> 136,-106,-73
00> 71,-109,1
00> 147,-121,33
00> 145,-225,-45
00> 68,-286,-37
00> 9,-353,-22
00> 15,-323,-68
00> 44,-289,-65
00> 52,-182,50
00> 62,-169,76
00> 123,-162,54
00> 145,-170,-9
00> 141,-160,-24
00> 167,-156,-51
00> -40,-189,-79
00> -50,-169,18
00> 0,-143,93
00> 94,-129,50
00> 108,-173,-2
00> 121,-177,-35
00> 100,-220,2
00> 129,-171,19
00> 129,-139,31
00> -21,-97,124
00> 16,-75,185
00> 28,-104,176
00> 1,-201,7
00> 24,-238,-10
00> 25,-255,-22
00> -90,-294,61
00> -79,-325,104
00> -57,-351,179
00> 81,-213,180
00> 92,-159,88
00> 41,-163,45
00> 54,-225,-73
00> -44,-276,-68
00> -167,-297,18
00> -16,-263,8
00> 5,-278,-29
00> 23,-273,-54
00> 231,-189,-69
00> 183,-185,-59
00> 120,-178,-54
00> 91,-112,-29
00> 18,-139,42
00> -3,-173,92
00> 26,-274,141
00> -55,-310,139
00> -109,-326,171
00> -226,-477,199
00> -137,-472,51
00> -62,-440,1
00> 12,-128,172
00> 15,-36,209
00> -34,-31,231
00> 23,-155,336
00> 36,-187,250
00> 26,-211,110
00> -11,-152,80
00> -107,-152,153
00> 11,-146,121
00> 21,-157,-33
00> 30,-144,-86
00> 27,-158,-117
00> 153,-174,-62
00> 120,-173,-29
00> 180,-153,-38
00> 81,-7,17
00> 47,-5,57
00> 80,-25,95
00> 72,-158,32
00> 107,-166,33
00> 104,-166,150
00> 133,-171,97
00> 97,-129,80
00> 26,-115,193
00> 65,-50,313
00> 76,-66,257
00> 95,-82,235
00> 161,-92,73
00> 167,-96,35
00> 122,-131,25
00> -57,-197,38
00> -6,-180,74
00> 22,-173,61
00> 116,-200,-9
00> 135,-214,42
00> 144,-257,50
00> 80,-250,33
00> 99,-220,-53
00> 70,-196,-85
00> 31,-191,-8
00> 82,-257,-70
00> 64,-295,-148
00> 130,-237,-255
00> 89,-207,-243
00> 71,-210,-215
00> 119,-119,90
00> 61,-136,185
00> 59,-107,196
00> -27,-242,150
00> -135,-322,189
00> -98,-352,122
00> -81,-301,95
00> -195,-255,152
00> -162,-216,175
00> -19,-256,-4
00> 1,-291,-8
00> 94,-293,-4
00> 85,-219,-39
00> 142,-141,-8
00> 148,-103,43
00> 74,-103,113
00> 139,-139,136
00> 150,-174,127
00> 103,-198,-30
00> 99,-172,-116
00> 64,-185,-126
00> 51,-232,-100
00> 73,-219,-45
00> 90,-198,2
00> 208,-65,192
00> 206,-46,211
00> 217,-6,194
00> 227,61,89
00> 85,19,101
00> -27,-40,147
00> 37,-222,66
00> 28,-253,36
00> 13,-250,22
00> 214,-181,-74
00> 209,-151,-35
00> 231,-111,-11
00> 52,-87,82
00> 42,-91,159
00> 84,-138,190
00> 76,-178,135
00> 66,-157,82
00> 66,-129,8
00> 40,-194,-70
00> 61,-186,-5
00> 64,-167,46
00> 36,-130,165
00> 30,-122,181
00> 29,-105,180
00> 23,-122,53
00> 60,-123,16
00> -5,-115,40
00> -36,-23,42
00> -101,-61,-75
00> -72,-132,-162
00> 121,-270,-104
00> 120,-285,-5
00> 150,-205,77
00> 35,-8,182
00> 9,16,245
00> 6,6,283
00> 111,-161,125
00> 105,-196,41
00> 121,-188,3
00> 50,-172,-92
00> 50,-152,-73
00> 46,-134,16
00> 116,-168,186
00> 137,-147,176
00> 152,-117,167
00> 36,-107,98
00> 79,-114,30
00> 101,-118,-39
00> -192,-222,158
00> -168,-258,124
00> -136,-272,30
00> 73,-230,-49
00> 104,-204,-34
00> 146,-189,-16
00> 117,-82,84
00> 72,-51,124
00> 43,-59,195
00> 118,-178,136
00> 84,-232,75
00> 83,-274,4
00> 24,-222,-42
00> -6,-208,-47
00> -15,-199,-49
00> 51,-189,41
00> 100,-188,69
00> 116,-193,63
00> 82,-264,-52
00> 160,-263,-100
00> 71,-275,-89
00> -49,-278,-4
00> -28,-265,-10
00> -37,-220,-78
00> 83,-181,-160
00> 152,-205,-151
00> 148,-262,-135
00> 140,-174,51
00> 78,-98,89
00> 76,-41,98
00> 97,-117,119
00> 97,-234,104
00> 96,-300,83
00> 50,-248,18
00> 41,-188,1
00> 39,-143,33
00> 84,-179,155
00> 112,-183,199
00> 116,-185,188
00> 79,-169,34
00> 107,-155,-41
00> -1,-170,-22
00> 3,-148,128
00> -42,-157,76
00> -41,-162,-26
00> 68,-242,11
00> 174,-215,-7
00> 153,-213,-28
00> 85,-64,59
00> 26,-49,86
00> -5,-55,143
00> 54,-189,158
00> 28,-237,148
00> 65,-237,93
00> 47,-202,57
00> 18,-174,79
00> 51,-152,155
00> 295,-112,406
00> 363,-89,368
00> 360,-90,285
00> 142,30,121
00> 99,23,64
00> -41,-34,73
00> -57,-148,165
00> 0,-182,146
00> 37,-194,110
00> 125,-139,91
00> 214,-137,25
00> 170,-169,37
00> 13,-119,152
00> -33,-54,182
00> -49,-4,241
00> 38,-106,232
00> 23,-163,205
00> 66,-198,125
00> 35,-224,40
00> 33,-169,70
00> 81,-114,112
00> 279,-132,128
00> 332,-186,138
00> 347,-160,145
00> 260,-112,-64
00> 275,-150,-126
00> 118,-223,-167
00> -77,-211,-159
00> -35,-157,-245
00> 18,-127,-310
00> 100,-156,9
00> 163,-145,64
00> 170,-160,23
00> 137,-61,9
00> 109,-60,16
00> 104,-97,59
00> 52,-333,-11
00> 87,-357,-35
00> 76,-352,-13
00> 42,-175,41
00> 17,-164,85
00> -22,-193,103
00> 127,-319,148
00> 136,-299,174
00> 204,-235,166
00> 139,-78,146
00> 143,-60,58
00> 85,-75,9
00> -30,-156,95
00> -49,-165,28
00> -39,-206,-35
00> 22,-247,61
00> 98,-273,91
00> 141,-289,58
00> 148,-54,217
00> 44,80,295
00> 11,149,305
00> 15,-55,289
00> -4,-234,154
00> 56,-344,26
00> 102,-216,-69
00> 68,-134,-99
00> 66,-77,-126
00> 123,-116,-85
00> 134,-132,-49
00> 115,-131,-28
00> 164,-128,41
00> 92,-158,29
00> -48,-185,70
00> 132,-278,-161
00> 136,-322,-235
00> 85,-368,-166
00> 216,-279,-76
00> 198,-244,-65
00> 172,-207,-19
00> 73,-25,154
00> -27,-56,218
00> -32,-109,264
00> 69,-376,115
00> 40,-405,65
00> 127,-335,-21
00> 80,-213,-49
00> 61,-185,-71
00> 96,-140,-84
00> 128,-135,11
00> 198,-104,43
00> 229,-67,102
00> 20,-72,268
00> -110,-203,404
00> -284,-326,635
00> 27,-177,104
00> 61,-55,-46
00> 39,-4,70
00> 250,-89,141
00> 265,-161,72
00> 258,-190,18
00> 22,99,215
00> -25,132,366
00> -41,69,388
00> 126,-226,108
00> 143,-262,-49
00> 161,-262,-208
00> 111,-209,-187
00> 33,-200,-29
00> -28,-172,192
00> 14,-117,374
00> 6,-141,322
00> 0,-217,275
00> 111,-307,-31
00> 72,-299,-113
00> -106,-257,-70
00> -44,-190,-94
00> 25,-233,-121
00> 44,-293,-120
00> 284,-257,-129
00> 248,-264,-72
00> 192,-191,4
00> 156,19,218
00> 150,66,242
00> 108,105,261
00> 26,-120,-141
00> 3,-261,-385
00> -77,-374,-632
00> -350,-222,-388
00> -227,-164,-271
00> -205,-171,-164
00> -97,24,59
00> -74,167,15
00> -86,146,4
00> -100,-89,-113
00> -125,-100,-207
00> -209,-181,-218
00> -357,-101,-393
00> -346,45,-481
00> -339,63,-474
00> -617,-170,-432
00> -634,-213,-390
00> -534,-227,-225
00> -111,-232,149
00> -45,-217,197
00> 12,-182,235
00> -12,-132,123
00> -99,-186,90
00> -79,-195,72
00> 112,-213,122
00> 95,-161,120
00> 126,-91,158
00> 240,39,479
00> 253,30,557
00> 297,32,508
00> 297,4,102
00> 324,-1,-99
00> 231,-13,-215
00> 164,-92,-221
00> 189,-90,-281
00> 219,-68,-292
00> 172,-251,-21
00> 99,-370,108
00> 64,-410,316
00> -14,-260,329
00> -183,-179,287
00> -313,-102,284
00> -81,-207,170
00> 94,-245,114
00> 187,-288,87
00> 192,-344,-92
00> 197,-328,-115
00> 229,-271,-69
00> 129,-100,161
00> 125,-52,196
00> 124,-59,239
00> 97,-240,159
00> 196,-234,72
00> 294,-197,-100
00> 166,-147,-113
00> 116,-154,-118
00> 113,-126,-211
00> 329,-55,-38
00> 405,-46,46
00> 330,-76,100
00> 208,-91,245
00> 94,-47,304
00> 21,-46,294
00> -78,-259,135
00> -78,-353,52
00> -96,-452,-62
00> -9,-428,-389
00> 17,-311,-346
00> 3,-190,-237
00> -191,-99,32
00> -235,-171,43
00> -340,-264,78
00> -147,-351,-2
00> -8,-348,-60
00> 153,-343,-129
00> 162,-221,-136
00> 131,-148,-128
00> 115,-105,-77
00> 171,-131,274
00> 255,-146,322
00> 251,-179,280
00> 194,-116,272
00> 155,-112,267
00> 109,-63,235
00> 169,43,180
00> 129,-31,196
00> 56,-141,249
00> 43,-285,86
00> -17,-278,20
00> -73,-270,-16
00> -54,-186,192
00> -79,-152,203
00> -44,-163,144
00> 102,-239,-112
00> 147,-286,-95
00> 156,-328,-86
00> -303,-302,114
00> -160,-186,94
00> -61,-102,20
00> 27,-183,-128
00> 84,-216,-88
00> 143,-270,-84
00> 235,-225,-98
00> 238,-131,-161
00> 174,-56,-147
00> 147,32,10
00> 169,-30,-1
00> 166,-119,22
00> 164,-224,78
00> 126,-190,40
00> 80,-143,-27
00> 88,-110,10
00> 31,-125,104
00> 58,-102,193
00> 128,-44,195
00> 85,-56,187
00> 94,-89,129
00> -216,-187,285
00> -220,-223,339
00> -199,-290,297
00> 10,-328,-10
00> 68,-340,-39
00> 107,-335,-82
00> 184,-197,-199
00> 248,-91,-195
00> 209,16,-72
00> 123,178,253
00> 174,159,252
00> 182,139,252
00> 340,65,176
00> 266,-18,47
00> 196,-103,-24
00> 175,-228,-107
00> 141,-232,-161
00> 161,-205,-183
00> 252,-149,-32
00> 188,-188,-21
00> 164,-194,-49
00> -169,-61,344
00> -129,-10,468
00> -16,-2,460
00> 134,-129,108
00> 194,-185,66
00> 279,-198,4
00> 225,-238,-97
00> 241,-207,-101
00> 175,-129,-44
00> 49,-59,104
00> 88,-74,141
00> 115,-122,201
00> 4,-310,192
00> 23,-287,136
00> 27,-248,97
00> 152,-71,37
00> 243,-15,12
00> 363,-3,-9
00> 293,-90,8
00> 289,-97,-14
00> 334,-75,-73
00> -55,-100,-82
00> 74,-43,-87
00> 93,-72,-152
00> 166,-246,-282
00> 226,-283,-259
00> 272,-290,-230
00> 328,-231,-146
00> 308,-182,-164
00> 201,-103,-175
00> 132,-17,-78
00> 171,-53,-83
00> 164,-103,-33
00> 152,-162,-19
00> 124,-172,-29
00> 87,-201,-9
00> 13,-198,92
00> 26,-175,134
00> 88,-132,194
00> 139,-132,273
00> 111,-133,245
00> 143,-121,196
00> -142,-52,222
00> -81,-55,199
00> -66,-66,112
00> 114,-295,-213
00> 161,-341,-217
00> 179,-322,-249
00> 231,-156,-253
00> 152,-41,-211
00> 94,62,-115
00> 76,92,11
00> 96,-32,-42
00> 126,-133,-82
00> 139,-294,-223
00> 113,-285,-254
00> 122,-248,-245
00> 165,-276,-78
00> 232,-269,-11
00> 228,-278,57
00> 153,-136,72
00> 112,-101,59
00> 105,-92,1
00> -184,-45,157
00> -119,-63,198
00> -83,-109,181
00> 23,-424,55
00> 158,-389,43
00> 174,-346,84
00> 105,-169,166
00> 89,-40,202
00> 66,44,224
00> 69,29,342
00> 81,-12,352
00> 81,-75,319
00> 99,-193,-14
00> 68,-188,-147
00> 66,-147,-237
00> 133,-7,-139
00> 210,-3,-58
00> 243,-13,27
00> 117,-123,141
00> 149,-145,147
00> 130,-144,207
00> 112,47,104
00> 148,76,-55
00> 126,17,-204
00> 142,-349,-174
00> 86,-388,-65
00> 45,-365,42
00> 6,-127,211
00> -54,-102,274
00> -79,-124,322
00> -63,-287,207
00> -51,-370,106
00> -37,-405,32
00> 105,-187,-227
00> 88,-152,-244
00> 85,-102,-186
00> 156,-10,122
00> 136,-43,202
00> 152,-75,277
00> 75,-131,310
00> 87,-169,191
00> -18,-214,108
00> -85,-147,44
00> 18,-116,-97
00> 120,-83,-107
00> 123,-98,146
00> 118,-137,101
00> 151,-145,18
00> 86,-39,178
00> 62,34,285
00> 95,49,252
00> 166,-106,-37
00> 194,-188,-139
00> 253,-233,-210
00> 120,-264,-221
00> 97,-239,-178
00> 84,-232,-134
00> 85,-252,83
00> 65,-324,137
00> 37,-375,165
00> 124,-288,92
00> 204,-205,-51
00> 111,-97,-44
00> 131,147,84
00> 208,142,-12
00> 258,44,-69
00> 193,-329,87
00> 119,-386,149
00> 90,-364,156
00> -128,9,348
00> -117,102,300
00> -21,70,193
00> 89,-217,-54
00> 180,-302,-148
00> 223,-286,-144
00> 250,16,-41
00> 211,44,-90
00> 192,39,-86
00> 141,-207,117
00> 125,-257,132
00> 136,-239,154
00> 106,-146,-150
00> -48,-151,-138
00> -8,-115,-90
00> 104,-198,-117
00> 136,-216,-108
00> 177,-236,5
00> 73,-224,5
00> 128,-144,26
00> 106,-81,150
00> 72,-94,395
00> 127,-102,351
00> 115,-154,251
00> 8,-270,153
00> 19,-262,102
00> 12,-269,47
00> -16,-210,139
00> -16,-162,209
00> 39,-124,321
00> 105,-74,387
00> 42,-92,290
00> 39,-133,173
00> -211,-279,-204
00> -243,-246,-100
00> -167,-229,10
00> 12,-93,86
00> -11,-86,171
00> 22,-105,270
00> 109,-164,8
00> 71,-182,8
00> 86,-165,49
00> 209,-188,-13
00> 241,-228,-100
00> 217,-269,-132
00> 195,-290,-147
00> 141,-257,-108
00> 93,-212,-80
00> -43,-94,89
00> 20,-139,127
00> 85,-209,124
00> 197,-262,117
00> 184,-212,81
00> 190,-129,-18
00> -123,-29,155
00> -39,-45,236
00> 8,-72,319
00> -141,-137,528
00> -26,-132,396
00> 99,-131,334
00> -6,-261,52
00> 51,-234,65
00> 201,-59,208
00> 120,-16,320
00> 194,-52,195
00> 208,-124,112
00> 115,-294,83
00> 58,-321,100
00> 17,-317,86
00> 5,-197,-40
00> 73,-164,-49
00> 112,-178,-79
00> 124,-259,-227
00> 219,-242,-297
00> 198,-213,-344
00> 17,-146,-5
00> -15,-205,18
00> -25,-278,-25
00> 159,-389,85
00> 221,-322,83
00> 159,-251,101
00> 82,-6,49
00> 31,-17,47
00> 3,-21,90
00> 159,-228,-69
00> 174,-301,-124
00> 159,-331,-139
00> 47,-159,-60
00> -12,-141,124
00> -60,-99,329
00> -42,-87,411
00> -30,-132,315
00> 14,-200,152
00> 175,-238,-180
00> 239,-175,-267
00> 178,-131,-283
00> 2,-49,-53
00> 43,-30,-73
00> 78,-54,-129
00> 164,-194,-51
00> 146,-240,-15
00> 84,-262,16
00> 32,-146,81
00> 41,-72,222
00> 65,-16,264
00> 169,-191,0
00> 150,-225,-39
00> 108,-245,-115
00> -4,-190,-57
00> -8,-142,55
00> -4,-105,137
00> 38,-87,211
00> 72,-156,198
00> 64,-237,127
00> 119,-307,128
00> 242,-261,52
00> 269,-190,-60
00> 55,33,71
00> 53,17,21
00> 28,-49,-40
00> 341,-351,160
00> 386,-348,214
00> 346,-251,191
00> 63,145,176
00> -33,133,300
00> -56,78,370
00> 16,-291,7
00> 14,-342,-120
00> 19,-356,-162
00> -29,-274,-168
00> -44,-233,-109
00> -111,-216,-38
00> -110,-161,121
00> -34,-125,118
00> 61,-56,79
00> 33,-93,-129
00> 121,-76,-169
00> 248,-87,-252
00> -81,-219,-165
00> -52,-217,-243
00> -57,-238,-389
00> -65,-194,-131
00> 56,-146,-26
00> 87,-115,49
00> 39,-86,160
00> 3,-59,231
00> -66,-64,327
00> 118,-109,80
00> 106,-158,103
00> 68,-170,165
00> 168,26,100
00> 116,101,60
00> 13,118,56
00> 2,21,173
00> 55,-65,174
00> 106,-151,156
00> 50,-352,7
00> 61,-439,-42
00> 199,-491,-136
00> -100,-381,-293
00> -54,-186,-263
00> 10,-52,-224
00> 29,-113,-109
00> 123,-211,-68
00> 243,-261,-67
00> 115,-124,22
00> 59,-82,81
00> 23,-28,167
00> 56,-109,81
00> 137,-173,-24
00> 191,-193,-91
00> 30,-136,-107
00> 30,-115,-40
00> 28,-100,60
00> 76,-100,197
00> 124,-129,270
00> 188,-147,317
00> 179,-208,264
00> 113,-204,227
00> 149,-174,250
00> 14,-82,91
00> -100,-42,155
00> -33,14,208
00> 14,-92,173
00> 66,-203,182
00> 111,-287,131
00> -37,-355,66